[WARNING] Missing character: There is no ᵢ (U+1D62) (U+1D62) in font Apple SD Gothic Neo Regular/O
[WARNING] Missing character: There is no 기 (U+AE30) (U+AE30) in font Menlo Regular/OT:script=hani;
[WARNING] Missing character: There is no 대 (U+B300) (U+B300) in font Menlo Regular/OT:script=hani;
[WARNING] Missing character: There is no 상 (U+C0C1) (U+C0C1) in font Menlo Regular/OT:script=hani;
[WARNING] Missing character: There is no 승 (U+C2B9) (U+C2B9) in font Menlo Regular/OT:script=hani;
[WARNING] Missing character: There is no 률 (U+B960) (U+B960) in font Menlo Regular/OT:script=hani;
[WARNING] Missing character: There is no 조 (U+C870) (U+C870) in font Menlo Regular/OT:script=hani;
[WARNING] Missing character: There is no 기 (U+AE30) (U+AE30) in font Menlo Regular/OT:script=hani;
[WARNING] Missing character: There is no 수 (U+C218) (U+C218) in font Menlo Regular/OT:script=hani;
[WARNING] Missing character: There is no 렴 (U+B834) (U+B834) in font Menlo Regular/OT:script=hani;
[WARNING] Missing character: There is no 국 (U+AD6D) (U+AD6D) in font Menlo Regular/OT:script=hani;
[WARNING] Missing character: There is no 소 (U+C18C) (U+C18C) in font Menlo Regular/OT:script=hani;
[WARNING] Missing character: There is no 최 (U+CD5C) (U+CD5C) in font Menlo Regular/OT:script=hani;
[WARNING] Missing character: There is no 적 (U+C801) (U+C801) in font Menlo Regular/OT:script=hani;
[WARNING] Missing character: There is no 평 (U+D3C9) (U+D3C9) in font Menlo Regular/OT:script=hani;
[WARNING] Missing character: There is no 가 (U+AC00) (U+AC00) in font Menlo Regular/OT:script=hani;
[WARNING] Missing character: There is no 비 (U+BE44) (U+BE44) in font Menlo Regular/OT:script=hani;
[WARNING] Missing character: There is no 용 (U+C6A9) (U+C6A9) in font Menlo Regular/OT:script=hani;
[WARNING] Missing character: There is no 선 (U+C120) (U+C120) in font Menlo Regular/OT:script=hani;
[WARNING] Missing character: There is no 형 (U+D615) (U+D615) in font Menlo Regular/OT:script=hani;
[WARNING] Missing character: There is no 증 (U+C99D) (U+C99D) in font Menlo Regular/OT:script=hani;
[WARNING] Missing character: There is no 가 (U+AC00) (U+AC00) in font Menlo Regular/OT:script=hani;
[WARNING] Missing character: There is no 축 (U+CD95) (U+CD95) in font Menlo Regular/OT:script=hani;
[WARNING] Missing character: There is no 커 (U+CEE4) (U+CEE4) in font Menlo Regular/OT:script=hani;
[WARNING] Missing character: There is no 버 (U+BC84) (U+BC84) in font Menlo Regular/OT:script=hani;
[WARNING] Missing character: There is no 리 (U+B9AC) (U+B9AC) in font Menlo Regular/OT:script=hani;
[WARNING] Missing character: There is no 지 (U+C9C0) (U+C9C0) in font Menlo Regular/OT:script=hani;
[WARNING] Missing character: There is no 최 (U+CD5C) (U+CD5C) in font Menlo Regular/OT:script=hani;
[WARNING] Missing character: There is no 적 (U+C801) (U+C801) in font Menlo Regular/OT:script=hani;
[WARNING] Missing character: There is no 함 (U+D568) (U+D568) in font Menlo Italic/OT:script=hani;l
[WARNING] Missing character: There is no 수 (U+C218) (U+C218) in font Menlo Italic/OT:script=hani;l
[WARNING] Missing character: There is no 최 (U+CD5C) (U+CD5C) in font Menlo Italic/OT:script=hani;l
[WARNING] Missing character: There is no 솟 (U+C19F) (U+C19F) in font Menlo Italic/OT:script=hani;l
[WARNING] Missing character: There is no 값 (U+AC12) (U+AC12) in font Menlo Italic/OT:script=hani;l
[WARNING] Missing character: There is no 상 (U+C0C1) (U+C0C1) in font Menlo Italic/OT:script=hani;l
[WARNING] Missing character: There is no 위 (U+C704) (U+C704) in font Menlo Italic/OT:script=hani;l
[WARNING] Missing character: There is no 절 (U+C808) (U+C808) in font Menlo Italic/OT:script=hani;l
[WARNING] Missing character: There is no 반 (U+BC18) (U+BC18) in font Menlo Italic/OT:script=hani;l
[WARNING] Missing character: There is no 생 (U+C0DD) (U+C0DD) in font Menlo Italic/OT:script=hani;l
[WARNING] Missing character: There is no 존 (U+C874) (U+C874) in font Menlo Italic/OT:script=hani;l
[WARNING] Missing character: There is no 하 (U+D558) (U+D558) in font Menlo Italic/OT:script=hani;l
[WARNING] Missing character: There is no 위 (U+C704) (U+C704) in font Menlo Italic/OT:script=hani;l
[WARNING] Missing character: There is no 절 (U+C808) (U+C808) in font Menlo Italic/OT:script=hani;l
[WARNING] Missing character: There is no 반 (U+BC18) (U+BC18) in font Menlo Italic/OT:script=hani;l
[WARNING] Missing character: There is no 교 (U+AD50) (U+AD50) in font Menlo Italic/OT:script=hani;l
[WARNING] Missing character: There is no 체 (U+CCB4) (U+CCB4) in font Menlo Italic/OT:script=hani;l
[WARNING] Missing character: There is no 기 (U+AE30) (U+AE30) in font Menlo Italic/OT:script=hani;l
[WARNING] Missing character: There is no 존 (U+C874) (U+C874) in font Menlo Italic/OT:script=hani;l
[WARNING] Missing character: There is no 개 (U+AC1C) (U+AC1C) in font Menlo Italic/OT:script=hani;l
[WARNING] Missing character: There is no 체 (U+CCB4) (U+CCB4) in font Menlo Italic/OT:script=hani;l
[WARNING] Missing character: There is no 군 (U+AD70) (U+AD70) in font Menlo Italic/OT:script=hani;l
[WARNING] Missing character: There is no 세 (U+C138) (U+C138) in font Menlo Italic/OT:script=hani;l
[WARNING] Missing character: There is no 대 (U+B300) (U+B300) in font Menlo Italic/OT:script=hani;l
[WARNING] Missing character: There is no 개 (U+AC1C) (U+AC1C) in font Menlo Italic/OT:script=hani;l
[WARNING] Missing character: There is no 체 (U+CCB4) (U+CCB4) in font Menlo Italic/OT:script=hani;l
[WARNING] Missing character: There is no 군 (U+AD70) (U+AD70) in font Menlo Italic/OT:script=hani;l
[WARNING] Missing character: There is no 세 (U+C138) (U+C138) in font Menlo Italic/OT:script=hani;l
[WARNING] Missing character: There is no 대 (U+B300) (U+B300) in font Menlo Italic/OT:script=hani;l
[WARNING] Missing character: There is no 기 (U+AE30) (U+AE30) in font Menlo Regular/OT:script=hani;
[WARNING] Missing character: There is no 존 (U+C874) (U+C874) in font Menlo Regular/OT:script=hani;
[WARNING] Missing character: There is no 세 (U+C138) (U+C138) in font Menlo Regular/OT:script=hani;
[WARNING] Missing character: There is no 대 (U+B300) (U+B300) in font Menlo Regular/OT:script=hani;
[WARNING] Missing character: There is no 최 (U+CD5C) (U+CD5C) in font Menlo Regular/OT:script=hani;
[WARNING] Missing character: There is no 종 (U+C885) (U+C885) in font Menlo Regular/OT:script=hani;
[WARNING] Missing character: There is no 적 (U+C801) (U+C801) in font Menlo Regular/OT:script=hani;
[WARNING] Missing character: There is no 합 (U+D569) (U+D569) in font Menlo Regular/OT:script=hani;
[WARNING] Missing character: There is no 도 (U+B3C4) (U+B3C4) in font Menlo Regular/OT:script=hani;
[WARNING] Missing character: There is no 세 (U+C138) (U+C138) in font Menlo Regular/OT:script=hani;
[WARNING] Missing character: There is no 대 (U+B300) (U+B300) in font Menlo Regular/OT:script=hani;
[WARNING] Missing character: There is no 최 (U+CD5C) (U+CD5C) in font Menlo Regular/OT:script=hani;
[WARNING] Missing character: There is no 종 (U+C885) (U+C885) in font Menlo Regular/OT:script=hani;
[WARNING] Missing character: There is no 적 (U+C801) (U+C801) in font Menlo Regular/OT:script=hani;
[WARNING] Missing character: There is no 합 (U+D569) (U+D569) in font Menlo Regular/OT:script=hani;
[WARNING] Missing character: There is no 도 (U+B3C4) (U+B3C4) in font Menlo Regular/OT:script=hani;
[WARNING] Missing character: There is no 결 (U+ACB0) (U+ACB0) in font Menlo Italic/OT:script=hani;l
[WARNING] Missing character: There is no 과 (U+ACFC) (U+ACFC) in font Menlo Italic/OT:script=hani;l
[WARNING] Missing character: There is no 세 (U+C138) (U+C138) in font Menlo Italic/OT:script=hani;l
[WARNING] Missing character: There is no 대 (U+B300) (U+B300) in font Menlo Italic/OT:script=hani;l
[WARNING] Missing character: There is no 세 (U+C138) (U+C138) in font Menlo Italic/OT:script=hani;l
[WARNING] Missing character: There is no 대 (U+B300) (U+B300) in font Menlo Italic/OT:script=hani;l
[WARNING] Missing character: There is no 배 (U+BC30) (U+BC30) in font Menlo Italic/OT:script=hani;l
[WARNING] Missing character: There is no 빠 (U+BE60) (U+BE60) in font Menlo Italic/OT:script=hani;l
[WARNING] Missing character: There is no 름 (U+B984) (U+B984) in font Menlo Italic/OT:script=hani;l
[WARNING] Missing character: There is no 최 (U+CD5C) (U+CD5C) in font Menlo Regular/OT:script=hani;
[WARNING] Missing character: There is no 적 (U+C801) (U+C801) in font Menlo Regular/OT:script=hani;
[WARNING] Missing character: There is no 화 (U+D654) (U+D654) in font Menlo Regular/OT:script=hani;
[WARNING] Missing character: There is no 수 (U+C218) (U+C218) in font Menlo Regular/OT:script=hani;
[WARNING] Missing character: There is no 렴 (U+B834) (U+B834) in font Menlo Regular/OT:script=hani;
[WARNING] Missing character: There is no 세 (U+C138) (U+C138) in font Menlo Regular/OT:script=hani;
[WARNING] Missing character: There is no 대 (U+B300) (U+B300) in font Menlo Regular/OT:script=hani;
[WARNING] Missing character: There is no 수 (U+C218) (U+C218) in font Menlo Regular/OT:script=hani;
[WARNING] Missing character: There is no 낮 (U+B0AE) (U+B0AE) in font Menlo Regular/OT:script=hani;
[WARNING] Missing character: There is no 을 (U+C744) (U+C744) in font Menlo Regular/OT:script=hani;
[WARNING] Missing character: There is no 수 (U+C218) (U+C218) in font Menlo Regular/OT:script=hani;
[WARNING] Missing character: There is no 록 (U+B85D) (U+B85D) in font Menlo Regular/OT:script=hani;
[WARNING] Missing character: There is no 좋 (U+C88B) (U+C88B) in font Menlo Regular/OT:script=hani;
[WARNING] Missing character: There is no 음 (U+C74C) (U+C74C) in font Menlo Regular/OT:script=hani;
[WARNING] Missing character: There is no 기 (U+AE30) (U+AE30) in font Menlo Regular/OT:script=hani;
[WARNING] Missing character: There is no 존 (U+C874) (U+C874) in font Menlo Regular/OT:script=hani;
[WARNING] Missing character: There is no 기 (U+AE30) (U+AE30) in font Menlo Regular/OT:script=hani;
[WARNING] Missing character: There is no 존 (U+C874) (U+C874) in font Menlo Regular/OT:script=hani;
[WARNING] Missing character: There is no 기 (U+AE30) (U+AE30) in font Menlo Regular/OT:script=hani;
[WARNING] Missing character: There is no 존 (U+C874) (U+C874) in font Menlo Regular/OT:script=hani;
[WARNING] Missing character: There is no 평 (U+D3C9) (U+D3C9) in font Menlo Regular/OT:script=hani;
[WARNING] Missing character: There is no 가 (U+AC00) (U+AC00) in font Menlo Regular/OT:script=hani;
[WARNING] Missing character: There is no 평 (U+D3C9) (U+D3C9) in font Menlo Regular/OT:script=hani;
[WARNING] Missing character: There is no 가 (U+AC00) (U+AC00) in font Menlo Regular/OT:script=hani;
[WARNING] Missing character: There is no 평 (U+D3C9) (U+D3C9) in font Menlo Regular/OT:script=hani;
[WARNING] Missing character: There is no 가 (U+AC00) (U+AC00) in font Menlo Regular/OT:script=hani;
[WARNING] Missing character: There is no 횟 (U+D69F) (U+D69F) in font Menlo Regular/OT:script=hani;
[WARNING] Missing character: There is no 수 (U+C218) (U+C218) in font Menlo Regular/OT:script=hani;
[WARNING] Missing character: There is no 총 (U+CD1D) (U+CD1D) in font Menlo Regular/OT:script=hani;
[WARNING] Missing character: There is no 합 (U+D569) (U+D569) in font Menlo Regular/OT:script=hani;
[WARNING] Missing character: There is no 낮 (U+B0AE) (U+B0AE) in font Menlo Regular/OT:script=hani;
[WARNING] Missing character: There is no 을 (U+C744) (U+C744) in font Menlo Regular/OT:script=hani;
[WARNING] Missing character: There is no 수 (U+C218) (U+C218) in font Menlo Regular/OT:script=hani;
[WARNING] Missing character: There is no 록 (U+B85D) (U+B85D) in font Menlo Regular/OT:script=hani;
[WARNING] Missing character: There is no 좋 (U+C88B) (U+C88B) in font Menlo Regular/OT:script=hani;
[WARNING] Missing character: There is no 음 (U+C74C) (U+C74C) in font Menlo Regular/OT:script=hani;
[WARNING] Missing character: There is no 기 (U+AE30) (U+AE30) in font Menlo Regular/OT:script=hani;
[WARNING] Missing character: There is no 존 (U+C874) (U+C874) in font Menlo Regular/OT:script=hani;
[WARNING] Missing character: There is no 기 (U+AE30) (U+AE30) in font Menlo Regular/OT:script=hani;
[WARNING] Missing character: There is no 존 (U+C874) (U+C874) in font Menlo Regular/OT:script=hani;
[WARNING] Missing character: There is no 기 (U+AE30) (U+AE30) in font Menlo Regular/OT:script=hani;
[WARNING] Missing character: There is no 존 (U+C874) (U+C874) in font Menlo Regular/OT:script=hani;
[WARNING] Missing character: There is no 는 (U+B294) (U+B294) in font Menlo Regular/OT:script=hani;
[WARNING] Missing character: There is no 평 (U+D3C9) (U+D3C9) in font Menlo Regular/OT:script=hani;
[WARNING] Missing character: There is no 가 (U+AC00) (U+AC00) in font Menlo Regular/OT:script=hani;
[WARNING] Missing character: There is no 비 (U+BE44) (U+BE44) in font Menlo Regular/OT:script=hani;
[WARNING] Missing character: There is no 용 (U+C6A9) (U+C6A9) in font Menlo Regular/OT:script=hani;
[WARNING] Missing character: There is no 을 (U+C744) (U+C744) in font Menlo Regular/OT:script=hani;
[WARNING] Missing character: There is no 배 (U+BC30) (U+BC30) in font Menlo Regular/OT:script=hani;
[WARNING] Missing character: There is no 절 (U+C808) (U+C808) in font Menlo Regular/OT:script=hani;
[WARNING] Missing character: There is no 감 (U+AC10) (U+AC10) in font Menlo Regular/OT:script=hani;
