[WARNING] Missing character: There is no ⟺ (U+27FA) (U+27FA) in font Apple SD Gothic Neo ExtraBold
[WARNING] Missing character: There is no ⟩ (U+27E9) (U+27E9) in font Apple SD Gothic Neo Regular/O
[WARNING] Missing character: There is no 등 (U+B4F1) (U+B4F1) in font Menlo Regular/OT:script=hani;
[WARNING] Missing character: There is no 중 (U+C911) (U+C911) in font Menlo Regular/OT:script=hani;
[WARNING] Missing character: There is no 첩 (U+CCA9) (U+CCA9) in font Menlo Regular/OT:script=hani;
[WARNING] Missing character: There is no 초 (U+CD08) (U+CD08) in font Menlo Regular/OT:script=hani;
[WARNING] Missing character: There is no 기 (U+AE30) (U+AE30) in font Menlo Regular/OT:script=hani;
[WARNING] Missing character: There is no 상 (U+C0C1) (U+C0C1) in font Menlo Regular/OT:script=hani;
[WARNING] Missing character: There is no 태 (U+D0DC) (U+D0DC) in font Menlo Regular/OT:script=hani;
[WARNING] Missing character: There is no 수 (U+C218) (U+C218) in font Menlo Regular/OT:script=hani;
[WARNING] Missing character: There is no 축 (U+CD95) (U+CD95) in font Menlo Regular/OT:script=hani;
[WARNING] Missing character: There is no 가 (U+AC00) (U+AC00) in font Menlo Regular/OT:script=hani;
[WARNING] Missing character: There is no 속 (U+C18D) (U+C18D) in font Menlo Regular/OT:script=hani;
[WARNING] Missing character: There is no 설 (U+C124) (U+C124) in font Menlo Italic/OT:script=hani;l
[WARNING] Missing character: There is no 계 (U+ACC4) (U+ACC4) in font Menlo Italic/OT:script=hani;l
[WARNING] Missing character: There is no 공 (U+ACF5) (U+ACF5) in font Menlo Italic/OT:script=hani;l
[WARNING] Missing character: There is no 간 (U+AC04) (U+AC04) in font Menlo Italic/OT:script=hani;l
[WARNING] Missing character: There is no 축 (U+CD95) (U+CD95) in font Menlo Italic/OT:script=hani;l
[WARNING] Missing character: There is no 고 (U+ACE0) (U+ACE0) in font Menlo Italic/OT:script=hani;l
[WARNING] Missing character: There is no 전 (U+C804) (U+C804) in font Menlo Italic/OT:script=hani;l
[WARNING] Missing character: There is no 평 (U+D3C9) (U+D3C9) in font Menlo Italic/OT:script=hani;l
[WARNING] Missing character: There is no 균 (U+ADE0) (U+ADE0) in font Menlo Italic/OT:script=hani;l
[WARNING] Missing character: There is no 평 (U+D3C9) (U+D3C9) in font Menlo Italic/OT:script=hani;l
[WARNING] Missing character: There is no 가 (U+AC00) (U+AC00) in font Menlo Italic/OT:script=hani;l
[WARNING] Missing character: There is no 필 (U+D544) (U+D544) in font Menlo Italic/OT:script=hani;l
[WARNING] Missing character: There is no 요 (U+C694) (U+C694) in font Menlo Italic/OT:script=hani;l
[WARNING] Missing character: There is no 고 (U+ACE0) (U+ACE0) in font Menlo Regular/OT:script=hani;
[WARNING] Missing character: There is no 전 (U+C804) (U+C804) in font Menlo Regular/OT:script=hani;
[WARNING] Missing character: There is no 평 (U+D3C9) (U+D3C9) in font Menlo Regular/OT:script=hani;
[WARNING] Missing character: There is no 가 (U+AC00) (U+AC00) in font Menlo Regular/OT:script=hani;
[WARNING] Missing character: There is no 평 (U+D3C9) (U+D3C9) in font Menlo Regular/OT:script=hani;
[WARNING] Missing character: There is no 가 (U+AC00) (U+AC00) in font Menlo Regular/OT:script=hani;
[WARNING] Missing character: There is no 가 (U+AC00) (U+AC00) in font Menlo Regular/OT:script=hani;
[WARNING] Missing character: There is no 속 (U+C18D) (U+C18D) in font Menlo Regular/OT:script=hani;
[WARNING] Missing character: There is no 비 (U+BE44) (U+BE44) in font Menlo Regular/OT:script=hani;
[WARNING] Missing character: There is no 배 (U+BC30) (U+BC30) in font Menlo Regular/OT:script=hani;
[WARNING] Missing character: There is no 목 (U+BAA9) (U+BAA9) in font Menlo Regular/OT:script=hani;
[WARNING] Missing character: There is no 표 (U+D45C) (U+D45C) in font Menlo Regular/OT:script=hani;
[WARNING] Missing character: There is no 결 (U+ACB0) (U+ACB0) in font Menlo Italic/OT:script=hani;l
[WARNING] Missing character: There is no 과 (U+ACFC) (U+ACFC) in font Menlo Italic/OT:script=hani;l
[WARNING] Missing character: There is no 고 (U+ACE0) (U+ACE0) in font Menlo Italic/OT:script=hani;l
[WARNING] Missing character: There is no 전 (U+C804) (U+C804) in font Menlo Italic/OT:script=hani;l
[WARNING] Missing character: There is no 양 (U+C591) (U+C591) in font Menlo Italic/OT:script=hani;l
[WARNING] Missing character: There is no 자 (U+C790) (U+C790) in font Menlo Italic/OT:script=hani;l
[WARNING] Missing character: There is no 가 (U+AC00) (U+AC00) in font Menlo Italic/OT:script=hani;l
[WARNING] Missing character: There is no 속 (U+C18D) (U+C18D) in font Menlo Italic/OT:script=hani;l
[WARNING] Missing character: There is no 배 (U+BC30) (U+BC30) in font Menlo Italic/OT:script=hani;l
[WARNING] Missing character: There is no 목 (U+BAA9) (U+BAA9) in font Menlo Italic/OT:script=hani;l
[WARNING] Missing character: There is no 표 (U+D45C) (U+D45C) in font Menlo Italic/OT:script=hani;l
[WARNING] Missing character: There is no 초 (U+CD08) (U+CD08) in font Menlo Italic/OT:script=hani;l
[WARNING] Missing character: There is no 과 (U+ACFC) (U+ACFC) in font Menlo Italic/OT:script=hani;l
[WARNING] Missing character: There is no 달 (U+B2EC) (U+B2EC) in font Menlo Italic/OT:script=hani;l
[WARNING] Missing character: There is no 성 (U+C131) (U+C131) in font Menlo Italic/OT:script=hani;l
[WARNING] Missing character: There is no 설 (U+C124) (U+C124) in font Menlo Regular/OT:script=hani;
[WARNING] Missing character: There is no 계 (U+ACC4) (U+ACC4) in font Menlo Regular/OT:script=hani;
[WARNING] Missing character: There is no 공 (U+ACF5) (U+ACF5) in font Menlo Regular/OT:script=hani;
[WARNING] Missing character: There is no 간 (U+AC04) (U+AC04) in font Menlo Regular/OT:script=hani;
[WARNING] Missing character: There is no 탐 (U+D0D0) (U+D0D0) in font Menlo Regular/OT:script=hani;
[WARNING] Missing character: There is no 색 (U+C0C9) (U+C0C9) in font Menlo Regular/OT:script=hani;
[WARNING] Missing character: There is no 후 (U+D6C4) (U+D6C4) in font Menlo Regular/OT:script=hani;
[WARNING] Missing character: There is no 보 (U+BCF4) (U+BCF4) in font Menlo Regular/OT:script=hani;
[WARNING] Missing character: There is no 평 (U+D3C9) (U+D3C9) in font Menlo Regular/OT:script=hani;
[WARNING] Missing character: There is no 가 (U+AC00) (U+AC00) in font Menlo Regular/OT:script=hani;
[WARNING] Missing character: There is no 횟 (U+D69F) (U+D69F) in font Menlo Regular/OT:script=hani;
[WARNING] Missing character: There is no 수 (U+C218) (U+C218) in font Menlo Regular/OT:script=hani;
[WARNING] Missing character: There is no 낮 (U+B0AE) (U+B0AE) in font Menlo Regular/OT:script=hani;
[WARNING] Missing character: There is no 을 (U+C744) (U+C744) in font Menlo Regular/OT:script=hani;
[WARNING] Missing character: There is no 수 (U+C218) (U+C218) in font Menlo Regular/OT:script=hani;
[WARNING] Missing character: There is no 록 (U+B85D) (U+B85D) in font Menlo Regular/OT:script=hani;
[WARNING] Missing character: There is no 좋 (U+C88B) (U+C88B) in font Menlo Regular/OT:script=hani;
[WARNING] Missing character: There is no 음 (U+C74C) (U+C74C) in font Menlo Regular/OT:script=hani;
[WARNING] Missing character: There is no 기 (U+AE30) (U+AE30) in font Menlo Regular/OT:script=hani;
[WARNING] Missing character: There is no 존 (U+C874) (U+C874) in font Menlo Regular/OT:script=hani;
[WARNING] Missing character: There is no 기 (U+AE30) (U+AE30) in font Menlo Regular/OT:script=hani;
[WARNING] Missing character: There is no 존 (U+C874) (U+C874) in font Menlo Regular/OT:script=hani;
[WARNING] Missing character: There is no 기 (U+AE30) (U+AE30) in font Menlo Regular/OT:script=hani;
[WARNING] Missing character: There is no 존 (U+C874) (U+C874) in font Menlo Regular/OT:script=hani;
[WARNING] Missing character: There is no 순 (U+C21C) (U+C21C) in font Menlo Regular/OT:script=hani;
[WARNING] Missing character: There is no 차 (U+CC28) (U+CC28) in font Menlo Regular/OT:script=hani;
[WARNING] Missing character: There is no 양 (U+C591) (U+C591) in font Menlo Regular/OT:script=hani;
[WARNING] Missing character: There is no 자 (U+C790) (U+C790) in font Menlo Regular/OT:script=hani;
[WARNING] Missing character: There is no 가 (U+AC00) (U+AC00) in font Menlo Regular/OT:script=hani;
[WARNING] Missing character: There is no 속 (U+C18D) (U+C18D) in font Menlo Regular/OT:script=hani;
[WARNING] Missing character: There is no 가 (U+AC00) (U+AC00) in font Menlo Regular/OT:script=hani;
[WARNING] Missing character: There is no 속 (U+C18D) (U+C18D) in font Menlo Regular/OT:script=hani;
[WARNING] Missing character: There is no 가 (U+AC00) (U+AC00) in font Menlo Regular/OT:script=hani;
[WARNING] Missing character: There is no 속 (U+C18D) (U+C18D) in font Menlo Regular/OT:script=hani;
[WARNING] Missing character: There is no 비 (U+BE44) (U+BE44) in font Menlo Regular/OT:script=hani;
[WARNING] Missing character: There is no 배 (U+BC30) (U+BC30) in font Menlo Regular/OT:script=hani;
[WARNING] Missing character: There is no 빠 (U+BE60) (U+BE60) in font Menlo Regular/OT:script=hani;
[WARNING] Missing character: There is no 름 (U+B984) (U+B984) in font Menlo Regular/OT:script=hani;
[WARNING] Missing character: There is no 목 (U+BAA9) (U+BAA9) in font Menlo Regular/OT:script=hani;
[WARNING] Missing character: There is no 표 (U+D45C) (U+D45C) in font Menlo Regular/OT:script=hani;
[WARNING] Missing character: There is no 초 (U+CD08) (U+CD08) in font Menlo Regular/OT:script=hani;
[WARNING] Missing character: There is no 과 (U+ACFC) (U+ACFC) in font Menlo Regular/OT:script=hani;
[WARNING] Missing character: There is no 설 (U+C124) (U+C124) in font Menlo Regular/OT:script=hani;
[WARNING] Missing character: There is no 계 (U+ACC4) (U+ACC4) in font Menlo Regular/OT:script=hani;
[WARNING] Missing character: There is no 설 (U+C124) (U+C124) in font Menlo Regular/OT:script=hani;
[WARNING] Missing character: There is no 계 (U+ACC4) (U+ACC4) in font Menlo Regular/OT:script=hani;
[WARNING] Missing character: There is no 설 (U+C124) (U+C124) in font Menlo Regular/OT:script=hani;
[WARNING] Missing character: There is no 계 (U+ACC4) (U+ACC4) in font Menlo Regular/OT:script=hani;
[WARNING] Missing character: There is no 품 (U+D488) (U+D488) in font Menlo Regular/OT:script=hani;
[WARNING] Missing character: There is no 질 (U+C9C8) (U+C9C8) in font Menlo Regular/OT:script=hani;
[WARNING] Missing character: There is no 높 (U+B192) (U+B192) in font Menlo Regular/OT:script=hani;
[WARNING] Missing character: There is no 을 (U+C744) (U+C744) in font Menlo Regular/OT:script=hani;
[WARNING] Missing character: There is no 수 (U+C218) (U+C218) in font Menlo Regular/OT:script=hani;
[WARNING] Missing character: There is no 록 (U+B85D) (U+B85D) in font Menlo Regular/OT:script=hani;
[WARNING] Missing character: There is no 좋 (U+C88B) (U+C88B) in font Menlo Regular/OT:script=hani;
[WARNING] Missing character: There is no 음 (U+C74C) (U+C74C) in font Menlo Regular/OT:script=hani;
[WARNING] Missing character: There is no 기 (U+AE30) (U+AE30) in font Menlo Regular/OT:script=hani;
[WARNING] Missing character: There is no 존 (U+C874) (U+C874) in font Menlo Regular/OT:script=hani;
[WARNING] Missing character: There is no 기 (U+AE30) (U+AE30) in font Menlo Regular/OT:script=hani;
[WARNING] Missing character: There is no 존 (U+C874) (U+C874) in font Menlo Regular/OT:script=hani;
[WARNING] Missing character: There is no 기 (U+AE30) (U+AE30) in font Menlo Regular/OT:script=hani;
[WARNING] Missing character: There is no 존 (U+C874) (U+C874) in font Menlo Regular/OT:script=hani;
[WARNING] Missing character: There is no 최 (U+CD5C) (U+CD5C) in font Menlo Regular/OT:script=hani;
[WARNING] Missing character: There is no 적 (U+C801) (U+C801) in font Menlo Regular/OT:script=hani;
[WARNING] Missing character: There is no 화 (U+D654) (U+D654) in font Menlo Regular/OT:script=hani;
[WARNING] Missing character: There is no 관 (U+AD00) (U+AD00) in font Menlo Regular/OT:script=hani;
[WARNING] Missing character: There is no 측 (U+CE21) (U+CE21) in font Menlo Regular/OT:script=hani;
