[WARNING] Missing character: There is no 체 (U+CCB4) (U+CCB4) in font Menlo Regular/OT:script=hani;
[WARNING] Missing character: There is no 온 (U+C628) (U+C628) in font Menlo Regular/OT:script=hani;
[WARNING] Missing character: There is no 혈 (U+D608) (U+D608) in font Menlo Regular/OT:script=hani;
[WARNING] Missing character: There is no 압 (U+C555) (U+C555) in font Menlo Regular/OT:script=hani;
[WARNING] Missing character: There is no 혈 (U+D608) (U+D608) in font Menlo Regular/OT:script=hani;
[WARNING] Missing character: There is no 당 (U+B2F9) (U+B2F9) in font Menlo Regular/OT:script=hani;
[WARNING] Missing character: There is no 산 (U+C0B0) (U+C0B0) in font Menlo Regular/OT:script=hani;
[WARNING] Missing character: There is no 소 (U+C18C) (U+C18C) in font Menlo Regular/OT:script=hani;
[WARNING] Missing character: There is no 분 (U+BD84) (U+BD84) in font Menlo Regular/OT:script=hani;
[WARNING] Missing character: There is no 압 (U+C555) (U+C555) in font Menlo Regular/OT:script=hani;
[WARNING] Missing character: There is no 이 (U+C774) (U+C774) in font Menlo Regular/OT:script=hani;
[WARNING] Missing character: There is no 산 (U+C0B0) (U+C0B0) in font Menlo Regular/OT:script=hani;
[WARNING] Missing character: There is no 화 (U+D654) (U+D654) in font Menlo Regular/OT:script=hani;
[WARNING] Missing character: There is no 탄 (U+D0C4) (U+D0C4) in font Menlo Regular/OT:script=hani;
[WARNING] Missing character: There is no 소 (U+C18C) (U+C18C) in font Menlo Regular/OT:script=hani;
[WARNING] Missing character: There is no 분 (U+BD84) (U+BD84) in font Menlo Regular/OT:script=hani;
[WARNING] Missing character: There is no 압 (U+C555) (U+C555) in font Menlo Regular/OT:script=hani;
[WARNING] Missing character: There is no 나 (U+B098) (U+B098) in font Menlo Regular/OT:script=hani;
[WARNING] Missing character: There is no 트 (U+D2B8) (U+D2B8) in font Menlo Regular/OT:script=hani;
[WARNING] Missing character: There is no 나 (U+B098) (U+B098) in font Menlo Regular/OT:script=hani;
[WARNING] Missing character: There is no 트 (U+D2B8) (U+D2B8) in font Menlo Regular/OT:script=hani;
[WARNING] Missing character: There is no 나 (U+B098) (U+B098) in font Menlo Regular/OT:script=hani;
[WARNING] Missing character: There is no 트 (U+D2B8) (U+D2B8) in font Menlo Regular/OT:script=hani;
[WARNING] Missing character: There is no 륨 (U+B968) (U+B968) in font Menlo Regular/OT:script=hani;
[WARNING] Missing character: There is no 칼 (U+CE7C) (U+CE7C) in font Menlo Regular/OT:script=hani;
[WARNING] Missing character: There is no 륨 (U+B968) (U+B968) in font Menlo Regular/OT:script=hani;
[WARNING] Missing character: There is no 칼 (U+CE7C) (U+CE7C) in font Menlo Regular/OT:script=hani;
[WARNING] Missing character: There is no 슘 (U+C298) (U+C298) in font Menlo Regular/OT:script=hani;
[WARNING] Missing character: There is no 수 (U+C218) (U+C218) in font Menlo Regular/OT:script=hani;
[WARNING] Missing character: There is no 분 (U+BD84) (U+BD84) in font Menlo Regular/OT:script=hani;
[WARNING] Missing character: There is no 총 (U+CD1D) (U+CD1D) in font Menlo Regular/OT:script=hani;
[WARNING] Missing character: There is no 량 (U+B7C9) (U+B7C9) in font Menlo Regular/OT:script=hani;
[WARNING] Missing character: There is no 수 (U+C218) (U+C218) in font Menlo Regular/OT:script=hani;
[WARNING] Missing character: There is no 준 (U+C900) (U+C900) in font Menlo Regular/OT:script=hani;
[WARNING] Missing character: There is no 대 (U+B300) (U+B300) in font Menlo Regular/OT:script=hani;
[WARNING] Missing character: There is no 사 (U+C0AC) (U+C0AC) in font Menlo Regular/OT:script=hani;
[WARNING] Missing character: There is no 율 (U+C728) (U+C728) in font Menlo Regular/OT:script=hani;
[WARNING] Missing character: There is no 위 (U+C704) (U+C704) in font Menlo Regular/OT:script=hani;
[WARNING] Missing character: There is no 반 (U+BC18) (U+BC18) in font Menlo Regular/OT:script=hani;
[WARNING] Missing character: There is no 위 (U+C704) (U+C704) in font Menlo Regular/OT:script=hani;
[WARNING] Missing character: There is no 반 (U+BC18) (U+BC18) in font Menlo Regular/OT:script=hani;
[WARNING] Missing character: There is no 한 (U+D55C) (U+D55C) in font Menlo Regular/OT:script=hani;
[WARNING] Missing character: There is no 계 (U+ACC4) (U+ACC4) in font Menlo Regular/OT:script=hani;
[WARNING] Missing character: There is no 내 (U+B0B4) (U+B0B4) in font Menlo Regular/OT:script=hani;
