[WARNING] Missing character: There is no 검 (U+AC80) (U+AC80) in font Menlo Regular/OT:script=hani;
[WARNING] Missing character: There is no 증 (U+C99D) (U+C99D) in font Menlo Regular/OT:script=hani;
[WARNING] Missing character: There is no 입 (U+C785) (U+C785) in font Menlo Regular/OT:script=hani;
[WARNING] Missing character: There is no 력 (U+B825) (U+B825) in font Menlo Regular/OT:script=hani;
[WARNING] Missing character: There is no 라 (U+B77C) (U+B77C) in font Menlo Regular/OT:script=hani;
[WARNING] Missing character: There is no 인 (U+C778) (U+C778) in font Menlo Regular/OT:script=hani;
[WARNING] Missing character: There is no 필 (U+D544) (U+D544) in font Menlo Regular/OT:script=hani;
[WARNING] Missing character: There is no 터 (U+D130) (U+D130) in font Menlo Regular/OT:script=hani;
[WARNING] Missing character: There is no 필 (U+D544) (U+D544) in font Menlo Regular/OT:script=hani;
[WARNING] Missing character: There is no 터 (U+D130) (U+D130) in font Menlo Regular/OT:script=hani;
[WARNING] Missing character: There is no 필 (U+D544) (U+D544) in font Menlo Regular/OT:script=hani;
[WARNING] Missing character: There is no 터 (U+D130) (U+D130) in font Menlo Regular/OT:script=hani;
[WARNING] Missing character: There is no 출 (U+CD9C) (U+CD9C) in font Menlo Regular/OT:script=hani;
[WARNING] Missing character: There is no 력 (U+B825) (U+B825) in font Menlo Regular/OT:script=hani;
[WARNING] Missing character: There is no 출 (U+CD9C) (U+CD9C) in font Menlo Regular/OT:script=hani;
[WARNING] Missing character: There is no 력 (U+B825) (U+B825) in font Menlo Regular/OT:script=hani;
[WARNING] Missing character: There is no 출 (U+CD9C) (U+CD9C) in font Menlo Regular/OT:script=hani;
[WARNING] Missing character: There is no 력 (U+B825) (U+B825) in font Menlo Regular/OT:script=hani;
[WARNING] Missing character: There is no 후 (U+D6C4) (U+D6C4) in font Menlo Regular/OT:script=hani;
[WARNING] Missing character: There is no 보 (U+BCF4) (U+BCF4) in font Menlo Regular/OT:script=hani;
[WARNING] Missing character: There is no 라 (U+B77C) (U+B77C) in font Menlo Regular/OT:script=hani;
[WARNING] Missing character: There is no 인 (U+C778) (U+C778) in font Menlo Regular/OT:script=hani;
[WARNING] Missing character: There is no 집 (U+C9D1) (U+C9D1) in font Menlo Regular/OT:script=hani;
[WARNING] Missing character: There is no 합 (U+D569) (U+D569) in font Menlo Regular/OT:script=hani;
[WARNING] Missing character: There is no 출 (U+CD9C) (U+CD9C) in font Menlo Regular/OT:script=hani;
[WARNING] Missing character: There is no 력 (U+B825) (U+B825) in font Menlo Regular/OT:script=hani;
[WARNING] Missing character: There is no 후 (U+D6C4) (U+D6C4) in font Menlo Regular/OT:script=hani;
[WARNING] Missing character: There is no 보 (U+BCF4) (U+BCF4) in font Menlo Regular/OT:script=hani;
[WARNING] Missing character: There is no 총 (U+CD1D) (U+CD1D) in font Menlo Regular/OT:script=hani;
[WARNING] Missing character: There is no 수 (U+C218) (U+C218) in font Menlo Regular/OT:script=hani;
[WARNING] Missing character: There is no 승 (U+C2B9) (U+C2B9) in font Menlo Regular/OT:script=hani;
[WARNING] Missing character: There is no 격 (U+ACA9) (U+ACA9) in font Menlo Regular/OT:script=hani;
[WARNING] Missing character: There is no 합 (U+D569) (U+D569) in font Menlo Regular/OT:script=hani;
[WARNING] Missing character: There is no 격 (U+ACA9) (U+ACA9) in font Menlo Regular/OT:script=hani;
[WARNING] Missing character: There is no 수 (U+C218) (U+C218) in font Menlo Regular/OT:script=hani;
[WARNING] Missing character: There is no 평 (U+D3C9) (U+D3C9) in font Menlo Regular/OT:script=hani;
[WARNING] Missing character: There is no 균 (U+ADE0) (U+ADE0) in font Menlo Regular/OT:script=hani;
[WARNING] Missing character: There is no 범 (U+BC94) (U+BC94) in font Menlo Regular/OT:script=hani;
[WARNING] Missing character: There is no 위 (U+C704) (U+C704) in font Menlo Regular/OT:script=hani;
[WARNING] Missing character: There is no 상 (U+C0C1) (U+C0C1) in font Menlo Regular/OT:script=hani;
[WARNING] Missing character: There is no 위 (U+C704) (U+C704) in font Menlo Regular/OT:script=hani;
[WARNING] Missing character: There is no 건 (U+AC74) (U+AC74) in font Menlo Regular/OT:script=hani;
[WARNING] Missing character: There is no 상 (U+C0C1) (U+C0C1) in font Menlo Regular/OT:script=hani;
[WARNING] Missing character: There is no 세 (U+C138) (U+C138) in font Menlo Regular/OT:script=hani;
[WARNING] Missing character: There is no 파 (U+D30C) (U+D30C) in font Menlo Regular/OT:script=hani;
[WARNING] Missing character: There is no 일 (U+C77C) (U+C77C) in font Menlo Regular/OT:script=hani;
[WARNING] Missing character: There is no 파 (U+D30C) (U+D30C) in font Menlo Regular/OT:script=hani;
[WARNING] Missing character: There is no 일 (U+C77C) (U+C77C) in font Menlo Regular/OT:script=hani;
[WARNING] Missing character: There is no 파 (U+D30C) (U+D30C) in font Menlo Regular/OT:script=hani;
[WARNING] Missing character: There is no 일 (U+C77C) (U+C77C) in font Menlo Regular/OT:script=hani;
[WARNING] Missing character: There is no 수 (U+C218) (U+C218) in font Menlo Regular/OT:script=hani;
[WARNING] Missing character: There is no 정 (U+C815) (U+C815) in font Menlo Regular/OT:script=hani;
[WARNING] Missing character: There is no 없 (U+C5C6) (U+C5C6) in font Menlo Regular/OT:script=hani;
[WARNING] Missing character: There is no 음 (U+C74C) (U+C74C) in font Menlo Regular/OT:script=hani;
[WARNING] Missing character: There is no 조 (U+C870) (U+C870) in font Menlo Regular/OT:script=hani;
[WARNING] Missing character: There is no 건 (U+AC74) (U+AC74) in font Menlo Regular/OT:script=hani;
[WARNING] Missing character: There is no 실 (U+C2E4) (U+C2E4) in font Menlo Regular/OT:script=hani;
[WARNING] Missing character: There is no 행 (U+D589) (U+D589) in font Menlo Regular/OT:script=hani;
[WARNING] Missing character: There is no 실 (U+C2E4) (U+C2E4) in font Menlo Regular/OT:script=hani;
[WARNING] Missing character: There is no 행 (U+D589) (U+D589) in font Menlo Regular/OT:script=hani;
[WARNING] Missing character: There is no 실 (U+C2E4) (U+C2E4) in font Menlo Regular/OT:script=hani;
[WARNING] Missing character: There is no 행 (U+D589) (U+D589) in font Menlo Regular/OT:script=hani;
[WARNING] Missing character: There is no 경 (U+ACBD) (U+ACBD) in font Menlo Regular/OT:script=hani;
[WARNING] Missing character: There is no 로 (U+B85C) (U+B85C) in font Menlo Regular/OT:script=hani;
[WARNING] Missing character: There is no 라 (U+B77C) (U+B77C) in font Menlo Regular/OT:script=hani;
[WARNING] Missing character: There is no 인 (U+C778) (U+C778) in font Menlo Regular/OT:script=hani;
[WARNING] Missing character: There is no 수 (U+C218) (U+C218) in font Menlo Regular/OT:script=hani;
[WARNING] Missing character: There is no 실 (U+C2E4) (U+C2E4) in font Menlo Regular/OT:script=hani;
[WARNING] Missing character: There is no 측 (U+CE21) (U+CE21) in font Menlo Regular/OT:script=hani;
[WARNING] Missing character: There is no 시 (U+C2DC) (U+C2DC) in font Menlo Regular/OT:script=hani;
[WARNING] Missing character: There is no 점 (U+C810) (U+C810) in font Menlo Regular/OT:script=hani;
[WARNING] Missing character: There is no 후 (U+D6C4) (U+D6C4) in font Menlo Regular/OT:script=hani;
[WARNING] Missing character: There is no 보 (U+BCF4) (U+BCF4) in font Menlo Regular/OT:script=hani;
[WARNING] Missing character: There is no 스 (U+C2A4) (U+C2A4) in font Menlo Regular/OT:script=hani;
[WARNING] Missing character: There is no 캔 (U+CE94) (U+CE94) in font Menlo Regular/OT:script=hani;
[WARNING] Missing character: There is no 결 (U+ACB0) (U+ACB0) in font Menlo Regular/OT:script=hani;
[WARNING] Missing character: There is no 과 (U+ACFC) (U+ACFC) in font Menlo Regular/OT:script=hani;
[WARNING] Missing character: There is no 후 (U+D6C4) (U+D6C4) in font Menlo Regular/OT:script=hani;
[WARNING] Missing character: There is no 보 (U+BCF4) (U+BCF4) in font Menlo Regular/OT:script=hani;
[WARNING] Missing character: There is no 총 (U+CD1D) (U+CD1D) in font Menlo Regular/OT:script=hani;
[WARNING] Missing character: There is no 수 (U+C218) (U+C218) in font Menlo Regular/OT:script=hani;
[WARNING] Missing character: There is no 승 (U+C2B9) (U+C2B9) in font Menlo Regular/OT:script=hani;
[WARNING] Missing character: There is no 격 (U+ACA9) (U+ACA9) in font Menlo Regular/OT:script=hani;
[WARNING] Missing character: There is no 승 (U+C2B9) (U+C2B9) in font Menlo Regular/OT:script=hani;
[WARNING] Missing character: There is no 격 (U+ACA9) (U+ACA9) in font Menlo Regular/OT:script=hani;
[WARNING] Missing character: There is no 승 (U+C2B9) (U+C2B9) in font Menlo Regular/OT:script=hani;
[WARNING] Missing character: There is no 격 (U+ACA9) (U+ACA9) in font Menlo Regular/OT:script=hani;
[WARNING] Missing character: There is no 합 (U+D569) (U+D569) in font Menlo Regular/OT:script=hani;
[WARNING] Missing character: There is no 격 (U+ACA9) (U+ACA9) in font Menlo Regular/OT:script=hani;
[WARNING] Missing character: There is no 평 (U+D3C9) (U+D3C9) in font Menlo Regular/OT:script=hani;
[WARNING] Missing character: There is no 균 (U+ADE0) (U+ADE0) in font Menlo Regular/OT:script=hani;
[WARNING] Missing character: There is no 평 (U+D3C9) (U+D3C9) in font Menlo Regular/OT:script=hani;
[WARNING] Missing character: There is no 균 (U+ADE0) (U+ADE0) in font Menlo Regular/OT:script=hani;
[WARNING] Missing character: There is no 평 (U+D3C9) (U+D3C9) in font Menlo Regular/OT:script=hani;
[WARNING] Missing character: There is no 균 (U+ADE0) (U+ADE0) in font Menlo Regular/OT:script=hani;
[WARNING] Missing character: There is no 범 (U+BC94) (U+BC94) in font Menlo Regular/OT:script=hani;
[WARNING] Missing character: There is no 위 (U+C704) (U+C704) in font Menlo Regular/OT:script=hani;
[WARNING] Missing character: There is no 편 (U+D3B8) (U+D3B8) in font Menlo Regular/OT:script=hani;
[WARNING] Missing character: There is no 집 (U+C9D1) (U+C9D1) in font Menlo Regular/OT:script=hani;
[WARNING] Missing character: There is no 없 (U+C5C6) (U+C5C6) in font Menlo Regular/OT:script=hani;
[WARNING] Missing character: There is no 음 (U+C74C) (U+C74C) in font Menlo Regular/OT:script=hani;
[WARNING] Missing character: There is no 함 (U+D568) (U+D568) in font Menlo Regular/OT:script=hani;
[WARNING] Missing character: There is no 수 (U+C218) (U+C218) in font Menlo Regular/OT:script=hani;
[WARNING] Missing character: There is no 내 (U+B0B4) (U+B0B4) in font Menlo Regular/OT:script=hani;
[WARNING] Missing character: There is no 부 (U+BD80) (U+BD80) in font Menlo Regular/OT:script=hani;
[WARNING] Missing character: There is no 전 (U+C804) (U+C804) in font Menlo Regular/OT:script=hani;
[WARNING] Missing character: There is no 체 (U+CCB4) (U+CCB4) in font Menlo Regular/OT:script=hani;
[WARNING] Missing character: There is no 건 (U+AC74) (U+AC74) in font Menlo Regular/OT:script=hani;
[WARNING] Missing character: There is no 일 (U+C77C) (U+C77C) in font Menlo Regular/OT:script=hani;
[WARNING] Missing character: There is no 괄 (U+AD04) (U+AD04) in font Menlo Regular/OT:script=hani;
[WARNING] Missing character: There is no 일 (U+C77C) (U+C77C) in font Menlo Regular/OT:script=hani;
[WARNING] Missing character: There is no 부 (U+BD80) (U+BD80) in font Menlo Regular/OT:script=hani;
[WARNING] Missing character: There is no 만 (U+B9CC) (U+B9CC) in font Menlo Regular/OT:script=hani;
[WARNING] Missing character: There is no 합 (U+D569) (U+D569) in font Menlo Regular/OT:script=hani;
[WARNING] Missing character: There is no 격 (U+ACA9) (U+ACA9) in font Menlo Regular/OT:script=hani;
[WARNING] Missing character: There is no 현 (U+D604) (U+D604) in font Menlo Regular/OT:script=hani;
[WARNING] Missing character: There is no 재 (U+C7AC) (U+C7AC) in font Menlo Regular/OT:script=hani;
[WARNING] Missing character: There is no 스 (U+C2A4) (U+C2A4) in font Menlo Regular/OT:script=hani;
[WARNING] Missing character: There is no 크 (U+D06C) (U+D06C) in font Menlo Regular/OT:script=hani;
[WARNING] Missing character: There is no 립 (U+B9BD) (U+B9BD) in font Menlo Regular/OT:script=hani;
[WARNING] Missing character: There is no 트 (U+D2B8) (U+D2B8) in font Menlo Regular/OT:script=hani;
[WARNING] Missing character: There is no 는 (U+B294) (U+B294) in font Menlo Regular/OT:script=hani;
[WARNING] Missing character: There is no 전 (U+C804) (U+C804) in font Menlo Regular/OT:script=hani;
[WARNING] Missing character: There is no 체 (U+CCB4) (U+CCB4) in font Menlo Regular/OT:script=hani;
[WARNING] Missing character: There is no 일 (U+C77C) (U+C77C) in font Menlo Regular/OT:script=hani;
[WARNING] Missing character: There is no 괄 (U+AD04) (U+AD04) in font Menlo Regular/OT:script=hani;
[WARNING] Missing character: There is no 모 (U+BAA8) (U+BAA8) in font Menlo Regular/OT:script=hani;
[WARNING] Missing character: There is no 드 (U+B4DC) (U+B4DC) in font Menlo Regular/OT:script=hani;
[WARNING] Missing character: There is no 만 (U+B9CC) (U+B9CC) in font Menlo Regular/OT:script=hani;
[WARNING] Missing character: There is no 지 (U+C9C0) (U+C9C0) in font Menlo Regular/OT:script=hani;
[WARNING] Missing character: There is no 원 (U+C6D0) (U+C6D0) in font Menlo Regular/OT:script=hani;
[WARNING] Missing character: There is no 부 (U+BD80) (U+BD80) in font Menlo Regular/OT:script=hani;
[WARNING] Missing character: There is no 분 (U+BD84) (U+BD84) in font Menlo Regular/OT:script=hani;
[WARNING] Missing character: There is no 승 (U+C2B9) (U+C2B9) in font Menlo Regular/OT:script=hani;
[WARNING] Missing character: There is no 격 (U+ACA9) (U+ACA9) in font Menlo Regular/OT:script=hani;
[WARNING] Missing character: There is no 은 (U+C740) (U+C740) in font Menlo Regular/OT:script=hani;
[WARNING] Missing character: There is no 수 (U+C218) (U+C218) in font Menlo Regular/OT:script=hani;
[WARNING] Missing character: There is no 동 (U+B3D9) (U+B3D9) in font Menlo Regular/OT:script=hani;
[WARNING] Missing character: There is no 편 (U+D3B8) (U+D3B8) in font Menlo Regular/OT:script=hani;
[WARNING] Missing character: There is no 집 (U+C9D1) (U+C9D1) in font Menlo Regular/OT:script=hani;
[WARNING] Missing character: There is no 필 (U+D544) (U+D544) in font Menlo Regular/OT:script=hani;
[WARNING] Missing character: There is no 요 (U+C694) (U+C694) in font Menlo Regular/OT:script=hani;
[WARNING] Missing character: There is no 직 (U+C9C1) (U+C9C1) in font Menlo Regular/OT:script=hani;
[WARNING] Missing character: There is no 접 (U+C811) (U+C811) in font Menlo Regular/OT:script=hani;
[WARNING] Missing character: There is no 편 (U+D3B8) (U+D3B8) in font Menlo Regular/OT:script=hani;
[WARNING] Missing character: There is no 집 (U+C9D1) (U+C9D1) in font Menlo Regular/OT:script=hani;
