[WARNING] Missing character: There is no é (U+00E9) (U+00E9) in font Apple SD Gothic Neo ExtraBold
[WARNING] Missing character: There is no ₀ (U+2080) (U+2080) in font Apple SD Gothic Neo Regular/O
[WARNING] Missing character: There is no é (U+00E9) (U+00E9) in font Apple SD Gothic Neo ExtraBold
[WARNING] Missing character: There is no 가 (U+AC00) (U+AC00) in font Menlo Regular/OT:script=hani;
[WARNING] Missing character: There is no 개 (U+AC1C) (U+AC1C) in font Menlo Regular/OT:script=hani;
[WARNING] Missing character: There is no 고 (U+ACE0) (U+ACE0) in font Menlo Regular/OT:script=hani;
[WARNING] Missing character: There is no 정 (U+C815) (U+C815) in font Menlo Regular/OT:script=hani;
[WARNING] Missing character: There is no 점 (U+C810) (U+C810) in font Menlo Regular/OT:script=hani;
[WARNING] Missing character: There is no 포 (U+D3EC) (U+D3EC) in font Menlo Regular/OT:script=hani;
[WARNING] Missing character: There is no 함 (U+D568) (U+D568) in font Menlo Regular/OT:script=hani;
[WARNING] Missing character: There is no ⟺ (U+27FA) (U+27FA) in font Apple SD Gothic Neo Regular/O
[WARNING] Missing character: There is no 비 (U+BE44) (U+BE44) in font Menlo Italic/OT:script=hani;l
[WARNING] Missing character: There is no 선 (U+C120) (U+C120) in font Menlo Italic/OT:script=hani;l
[WARNING] Missing character: There is no 형 (U+D615) (U+D615) in font Menlo Italic/OT:script=hani;l
[WARNING] Missing character: There is no 동 (U+B3D9) (U+B3D9) in font Menlo Italic/OT:script=hani;l
[WARNING] Missing character: There is no 역 (U+C5ED) (U+C5ED) in font Menlo Italic/OT:script=hani;l
[WARNING] Missing character: There is no 학 (U+D559) (U+D559) in font Menlo Italic/OT:script=hani;l
[WARNING] Missing character: There is no 계 (U+ACC4) (U+ACC4) in font Menlo Italic/OT:script=hani;l
[WARNING] Missing character: There is no 시 (U+C2DC) (U+C2DC) in font Menlo Italic/OT:script=hani;l
[WARNING] Missing character: There is no 뮬 (U+BBAC) (U+BBAC) in font Menlo Italic/OT:script=hani;l
[WARNING] Missing character: There is no 레 (U+B808) (U+B808) in font Menlo Italic/OT:script=hani;l
[WARNING] Missing character: There is no 이 (U+C774) (U+C774) in font Menlo Italic/OT:script=hani;l
[WARNING] Missing character: There is no 션 (U+C158) (U+C158) in font Menlo Italic/OT:script=hani;l
[WARNING] Missing character: There is no 고 (U+ACE0) (U+ACE0) in font Menlo Italic/OT:script=hani;l
[WARNING] Missing character: There is no 정 (U+C815) (U+C815) in font Menlo Italic/OT:script=hani;l
[WARNING] Missing character: There is no 점 (U+C810) (U+C810) in font Menlo Italic/OT:script=hani;l
[WARNING] Missing character: There is no 카 (U+CE74) (U+CE74) in font Menlo Italic/OT:script=hani;l
[WARNING] Missing character: There is no 운 (U+C6B4) (U+C6B4) in font Menlo Italic/OT:script=hani;l
[WARNING] Missing character: There is no 트 (U+D2B8) (U+D2B8) in font Menlo Italic/OT:script=hani;l
[WARNING] Missing character: There is no 반 (U+BC18) (U+BC18) in font Menlo Italic/OT:script=hani;l
[WARNING] Missing character: There is no 환 (U+D658) (U+D658) in font Menlo Italic/OT:script=hani;l
[WARNING] Missing character: There is no 중 (U+C911) (U+C911) in font Menlo Italic/OT:script=hani;l
[WARNING] Missing character: There is no 복 (U+BCF5) (U+BCF5) in font Menlo Italic/OT:script=hani;l
[WARNING] Missing character: There is no 제 (U+C81C) (U+C81C) in font Menlo Italic/OT:script=hani;l
[WARNING] Missing character: There is no 거 (U+AC70) (U+AC70) in font Menlo Italic/OT:script=hani;l
[WARNING] Missing character: There is no 후 (U+D6C4) (U+D6C4) in font Menlo Italic/OT:script=hani;l
[WARNING] Missing character: There is no 고 (U+ACE0) (U+ACE0) in font Menlo Italic/OT:script=hani;l
[WARNING] Missing character: There is no 정 (U+C815) (U+C815) in font Menlo Italic/OT:script=hani;l
[WARNING] Missing character: There is no 점 (U+C810) (U+C810) in font Menlo Italic/OT:script=hani;l
[WARNING] Missing character: There is no 궤 (U+ADA4) (U+ADA4) in font Menlo Italic/OT:script=hani;l
[WARNING] Missing character: There is no 도 (U+B3C4) (U+B3C4) in font Menlo Italic/OT:script=hani;l
[WARNING] Missing character: There is no 의 (U+C758) (U+C758) in font Menlo Italic/OT:script=hani;l
[WARNING] Missing character: There is no 유 (U+C720) (U+C720) in font Menlo Italic/OT:script=hani;l
[WARNING] Missing character: There is no 니 (U+B2C8) (U+B2C8) in font Menlo Italic/OT:script=hani;l
[WARNING] Missing character: There is no 크 (U+D06C) (U+D06C) in font Menlo Italic/OT:script=hani;l
[WARNING] Missing character: There is no 셀 (U+C140) (U+C140) in font Menlo Italic/OT:script=hani;l
[WARNING] Missing character: There is no 각 (U+AC01) (U+AC01) in font Menlo Italic/OT:script=hani;l
[WARNING] Missing character: There is no 시 (U+C2DC) (U+C2DC) in font Menlo Italic/OT:script=hani;l
[WARNING] Missing character: There is no 스 (U+C2A4) (U+C2A4) in font Menlo Italic/OT:script=hani;l
[WARNING] Missing character: There is no 템 (U+D15C) (U+D15C) in font Menlo Italic/OT:script=hani;l
[WARNING] Missing character: There is no 의 (U+C758) (U+C758) in font Menlo Italic/OT:script=hani;l
[WARNING] Missing character: There is no 근 (U+ADFC) (U+ADFC) in font Menlo Italic/OT:script=hani;l
[WARNING] Missing character: There is no 사 (U+C0AC) (U+C0AC) in font Menlo Italic/OT:script=hani;l
[WARNING] Missing character: There is no 고 (U+ACE0) (U+ACE0) in font Menlo Italic/OT:script=hani;l
[WARNING] Missing character: There is no 정 (U+C815) (U+C815) in font Menlo Italic/OT:script=hani;l
[WARNING] Missing character: There is no 점 (U+C810) (U+C810) in font Menlo Italic/OT:script=hani;l
[WARNING] Missing character: There is no 수 (U+C218) (U+C218) in font Menlo Italic/OT:script=hani;l
[WARNING] Missing character: There is no 고 (U+ACE0) (U+ACE0) in font Menlo Regular/OT:script=hani;
[WARNING] Missing character: There is no 정 (U+C815) (U+C815) in font Menlo Regular/OT:script=hani;
[WARNING] Missing character: There is no 점 (U+C810) (U+C810) in font Menlo Regular/OT:script=hani;
[WARNING] Missing character: There is no 고 (U+ACE0) (U+ACE0) in font Menlo Regular/OT:script=hani;
[WARNING] Missing character: There is no 정 (U+C815) (U+C815) in font Menlo Regular/OT:script=hani;
[WARNING] Missing character: There is no 점 (U+C810) (U+C810) in font Menlo Regular/OT:script=hani;
[WARNING] Missing character: There is no 고 (U+ACE0) (U+ACE0) in font Menlo Regular/OT:script=hani;
[WARNING] Missing character: There is no 정 (U+C815) (U+C815) in font Menlo Regular/OT:script=hani;
[WARNING] Missing character: There is no 점 (U+C810) (U+C810) in font Menlo Regular/OT:script=hani;
[WARNING] Missing character: There is no 이 (U+C774) (U+C774) in font Menlo Italic/OT:script=hani;l
[WARNING] Missing character: There is no 론 (U+B860) (U+B860) in font Menlo Italic/OT:script=hani;l
[WARNING] Missing character: There is no 값 (U+AC12) (U+AC12) in font Menlo Italic/OT:script=hani;l
[WARNING] Missing character: There is no 개 (U+AC1C) (U+AC1C) in font Menlo Italic/OT:script=hani;l
[WARNING] Missing character: There is no 시 (U+C2DC) (U+C2DC) in font Menlo Italic/OT:script=hani;l
[WARNING] Missing character: There is no 스 (U+C2A4) (U+C2A4) in font Menlo Italic/OT:script=hani;l
[WARNING] Missing character: There is no 템 (U+D15C) (U+D15C) in font Menlo Italic/OT:script=hani;l
[WARNING] Missing character: There is no 시 (U+C2DC) (U+C2DC) in font Menlo Italic/OT:script=hani;l
[WARNING] Missing character: There is no 뮬 (U+BBAC) (U+BBAC) in font Menlo Italic/OT:script=hani;l
[WARNING] Missing character: There is no 가 (U+AC00) (U+AC00) in font Menlo Italic/OT:script=hani;l
[WARNING] Missing character: There is no 정 (U+C815) (U+C815) in font Menlo Italic/OT:script=hani;l
[WARNING] Missing character: There is no 성 (U+C131) (U+C131) in font Menlo Italic/OT:script=hani;l
[WARNING] Missing character: There is no 공 (U+ACF5) (U+ACF5) in font Menlo Italic/OT:script=hani;l
[WARNING] Missing character: There is no 이 (U+C774) (U+C774) in font Menlo Regular/OT:script=hani;
[WARNING] Missing character: There is no 론 (U+B860) (U+B860) in font Menlo Regular/OT:script=hani;
[WARNING] Missing character: There is no 고 (U+ACE0) (U+ACE0) in font Menlo Regular/OT:script=hani;
[WARNING] Missing character: There is no 정 (U+C815) (U+C815) in font Menlo Regular/OT:script=hani;
[WARNING] Missing character: There is no 점 (U+C810) (U+C810) in font Menlo Regular/OT:script=hani;
[WARNING] Missing character: There is no 시 (U+C2DC) (U+C2DC) in font Menlo Regular/OT:script=hani;
[WARNING] Missing character: There is no 스 (U+C2A4) (U+C2A4) in font Menlo Regular/OT:script=hani;
[WARNING] Missing character: There is no 템 (U+D15C) (U+D15C) in font Menlo Regular/OT:script=hani;
[WARNING] Missing character: There is no 중 (U+C911) (U+C911) in font Menlo Regular/OT:script=hani;
[WARNING] Missing character: There is no 출 (U+CD9C) (U+CD9C) in font Menlo Regular/OT:script=hani;
[WARNING] Missing character: There is no 현 (U+D604) (U+D604) in font Menlo Regular/OT:script=hani;
[WARNING] Missing character: There is no 메 (U+BA54) (U+BA54) in font Menlo Regular/OT:script=hani;
[WARNING] Missing character: There is no 타 (U+D0C0) (U+D0C0) in font Menlo Regular/OT:script=hani;
[WARNING] Missing character: There is no 정 (U+C815) (U+C815) in font Menlo Regular/OT:script=hani;
[WARNING] Missing character: There is no 리 (U+B9AC) (U+B9AC) in font Menlo Regular/OT:script=hani;
[WARNING] Missing character: There is no 실 (U+C2E4) (U+C2E4) in font Menlo Regular/OT:script=hani;
[WARNING] Missing character: There is no 패 (U+D328) (U+D328) in font Menlo Regular/OT:script=hani;
[WARNING] Missing character: There is no 율 (U+C728) (U+C728) in font Menlo Regular/OT:script=hani;
[WARNING] Missing character: There is no 과 (U+ACFC) (U+ACFC) in font Menlo Regular/OT:script=hani;
[WARNING] Missing character: There is no 다 (U+B2E4) (U+B2E4) in font Menlo Regular/OT:script=hani;
[WARNING] Missing character: There is no é (U+00E9) (U+00E9) in font Apple SD Gothic Neo Regular/O
[WARNING] Missing character: There is no 동 (U+B3D9) (U+B3D9) in font Menlo Regular/OT:script=hani;
[WARNING] Missing character: There is no 역 (U+C5ED) (U+C5ED) in font Menlo Regular/OT:script=hani;
[WARNING] Missing character: There is no 학 (U+D559) (U+D559) in font Menlo Regular/OT:script=hani;
[WARNING] Missing character: There is no 계 (U+ACC4) (U+ACC4) in font Menlo Regular/OT:script=hani;
[WARNING] Missing character: There is no 어 (U+C5B4) (U+C5B4) in font Menlo Regular/OT:script=hani;
[WARNING] Missing character: There is no 트 (U+D2B8) (U+D2B8) in font Menlo Regular/OT:script=hani;
[WARNING] Missing character: There is no 랙 (U+B799) (U+B799) in font Menlo Regular/OT:script=hani;
[WARNING] Missing character: There is no 터 (U+D130) (U+D130) in font Menlo Regular/OT:script=hani;
[WARNING] Missing character: There is no 구 (U+AD6C) (U+AD6C) in font Menlo Regular/OT:script=hani;
[WARNING] Missing character: There is no 조 (U+C870) (U+C870) in font Menlo Regular/OT:script=hani;
[WARNING] Missing character: There is no 예 (U+C608) (U+C608) in font Menlo Regular/OT:script=hani;
[WARNING] Missing character: There is no 측 (U+CE21) (U+CE21) in font Menlo Regular/OT:script=hani;
[WARNING] Missing character: There is no 률 (U+B960) (U+B960) in font Menlo Regular/OT:script=hani;
[WARNING] Missing character: There is no 시 (U+C2DC) (U+C2DC) in font Menlo Regular/OT:script=hani;
[WARNING] Missing character: There is no 스 (U+C2A4) (U+C2A4) in font Menlo Regular/OT:script=hani;
[WARNING] Missing character: There is no 템 (U+D15C) (U+D15C) in font Menlo Regular/OT:script=hani;
[WARNING] Missing character: There is no 높 (U+B192) (U+B192) in font Menlo Regular/OT:script=hani;
[WARNING] Missing character: There is no 을 (U+C744) (U+C744) in font Menlo Regular/OT:script=hani;
[WARNING] Missing character: There is no 수 (U+C218) (U+C218) in font Menlo Regular/OT:script=hani;
[WARNING] Missing character: There is no 록 (U+B85D) (U+B85D) in font Menlo Regular/OT:script=hani;
[WARNING] Missing character: There is no 좋 (U+C88B) (U+C88B) in font Menlo Regular/OT:script=hani;
[WARNING] Missing character: There is no 음 (U+C74C) (U+C74C) in font Menlo Regular/OT:script=hani;
[WARNING] Missing character: There is no 고 (U+ACE0) (U+ACE0) in font Menlo Regular/OT:script=hani;
[WARNING] Missing character: There is no 전 (U+C804) (U+C804) in font Menlo Regular/OT:script=hani;
[WARNING] Missing character: There is no 고 (U+ACE0) (U+ACE0) in font Menlo Regular/OT:script=hani;
[WARNING] Missing character: There is no 전 (U+C804) (U+C804) in font Menlo Regular/OT:script=hani;
[WARNING] Missing character: There is no 고 (U+ACE0) (U+ACE0) in font Menlo Regular/OT:script=hani;
[WARNING] Missing character: There is no 전 (U+C804) (U+C804) in font Menlo Regular/OT:script=hani;
[WARNING] Missing character: There is no 해 (U+D574) (U+D574) in font Menlo Regular/OT:script=hani;
[WARNING] Missing character: There is no 석 (U+C11D) (U+C11D) in font Menlo Regular/OT:script=hani;
[WARNING] Missing character: There is no 경 (U+ACBD) (U+ACBD) in font Menlo Regular/OT:script=hani;
[WARNING] Missing character: There is no 험 (U+D5D8) (U+D5D8) in font Menlo Regular/OT:script=hani;
[WARNING] Missing character: There is no 단 (U+B2E8) (U+B2E8) in font Menlo Regular/OT:script=hani;
[WARNING] Missing character: There is no 면 (U+BA74) (U+BA74) in font Menlo Regular/OT:script=hani;
[WARNING] Missing character: There is no 방 (U+BC29) (U+BC29) in font Menlo Regular/OT:script=hani;
[WARNING] Missing character: There is no 법 (U+BC95) (U+BC95) in font Menlo Regular/OT:script=hani;
[WARNING] Missing character: There is no 특 (U+D2B9) (U+D2B9) in font Menlo Regular/OT:script=hani;
[WARNING] Missing character: There is no 수 (U+C218) (U+C218) in font Menlo Regular/OT:script=hani;
[WARNING] Missing character: There is no 일 (U+C77C) (U+C77C) in font Menlo Regular/OT:script=hani;
[WARNING] Missing character: There is no 반 (U+BC18) (U+BC18) in font Menlo Regular/OT:script=hani;
[WARNING] Missing character: There is no 고 (U+ACE0) (U+ACE0) in font Menlo Regular/OT:script=hani;
[WARNING] Missing character: There is no 정 (U+C815) (U+C815) in font Menlo Regular/OT:script=hani;
[WARNING] Missing character: There is no 고 (U+ACE0) (U+ACE0) in font Menlo Regular/OT:script=hani;
[WARNING] Missing character: There is no 정 (U+C815) (U+C815) in font Menlo Regular/OT:script=hani;
[WARNING] Missing character: There is no 고 (U+ACE0) (U+ACE0) in font Menlo Regular/OT:script=hani;
[WARNING] Missing character: There is no 정 (U+C815) (U+C815) in font Menlo Regular/OT:script=hani;
[WARNING] Missing character: There is no 점 (U+C810) (U+C810) in font Menlo Regular/OT:script=hani;
[WARNING] Missing character: There is no 수 (U+C218) (U+C218) in font Menlo Regular/OT:script=hani;
[WARNING] Missing character: There is no 예 (U+C608) (U+C608) in font Menlo Regular/OT:script=hani;
[WARNING] Missing character: There is no 측 (U+CE21) (U+CE21) in font Menlo Regular/OT:script=hani;
[WARNING] Missing character: There is no 정 (U+C815) (U+C815) in font Menlo Regular/OT:script=hani;
[WARNING] Missing character: There is no 확 (U+D655) (U+D655) in font Menlo Regular/OT:script=hani;
[WARNING] Missing character: There is no 도 (U+B3C4) (U+B3C4) in font Menlo Regular/OT:script=hani;
[WARNING] Missing character: There is no 오 (U+C624) (U+C624) in font Menlo Regular/OT:script=hani;
[WARNING] Missing character: There is no 차 (U+CC28) (U+CC28) in font Menlo Regular/OT:script=hani;
[WARNING] Missing character: There is no 허 (U+D5C8) (U+D5C8) in font Menlo Regular/OT:script=hani;
[WARNING] Missing character: There is no 용 (U+C6A9) (U+C6A9) in font Menlo Regular/OT:script=hani;
[WARNING] Missing character: There is no 기 (U+AE30) (U+AE30) in font Menlo Regular/OT:script=hani;
[WARNING] Missing character: There is no 존 (U+C874) (U+C874) in font Menlo Regular/OT:script=hani;
[WARNING] Missing character: There is no 기 (U+AE30) (U+AE30) in font Menlo Regular/OT:script=hani;
[WARNING] Missing character: There is no 존 (U+C874) (U+C874) in font Menlo Regular/OT:script=hani;
[WARNING] Missing character: There is no 기 (U+AE30) (U+AE30) in font Menlo Regular/OT:script=hani;
[WARNING] Missing character: There is no 존 (U+C874) (U+C874) in font Menlo Regular/OT:script=hani;
[WARNING] Missing character: There is no 수 (U+C218) (U+C218) in font Menlo Regular/OT:script=hani;
[WARNING] Missing character: There is no 치 (U+CE58) (U+CE58) in font Menlo Regular/OT:script=hani;
[WARNING] Missing character: There is no 적 (U+C801) (U+C801) in font Menlo Regular/OT:script=hani;
[WARNING] Missing character: There is no 분 (U+BD84) (U+BD84) in font Menlo Regular/OT:script=hani;
[WARNING] Missing character: There is no 방 (U+BC29) (U+BC29) in font Menlo Regular/OT:script=hani;
[WARNING] Missing character: There is no 법 (U+BC95) (U+BC95) in font Menlo Regular/OT:script=hani;
[WARNING] Missing character: There is no 정 (U+C815) (U+C815) in font Menlo Regular/OT:script=hani;
[WARNING] Missing character: There is no 확 (U+D655) (U+D655) in font Menlo Regular/OT:script=hani;
[WARNING] Missing character: There is no 정 (U+C815) (U+C815) in font Menlo Regular/OT:script=hani;
[WARNING] Missing character: There is no 확 (U+D655) (U+D655) in font Menlo Regular/OT:script=hani;
[WARNING] Missing character: There is no 예 (U+C608) (U+C608) in font Menlo Regular/OT:script=hani;
[WARNING] Missing character: There is no 측 (U+CE21) (U+CE21) in font Menlo Regular/OT:script=hani;
[WARNING] Missing character: There is no é (U+00E9) (U+00E9) in font Apple SD Gothic Neo Regular/O
