[WARNING] Missing character: There is no 주 (U+C8FC) (U+C8FC) in font Menlo Regular/OT:script=hani;
[WARNING] Missing character: There is no 기 (U+AE30) (U+AE30) in font Menlo Regular/OT:script=hani;
[WARNING] Missing character: There is no 질 (U+C9C8) (U+C9C8) in font Menlo Italic/OT:script=hani;l
[WARNING] Missing character: There is no 서 (U+C11C) (U+C11C) in font Menlo Italic/OT:script=hani;l
[WARNING] Missing character: There is no 파 (U+D30C) (U+D30C) in font Menlo Italic/OT:script=hani;l
[WARNING] Missing character: There is no 라 (U+B77C) (U+B77C) in font Menlo Italic/OT:script=hani;l
[WARNING] Missing character: There is no 미 (U+BBF8) (U+BBF8) in font Menlo Italic/OT:script=hani;l
[WARNING] Missing character: There is no 터 (U+D130) (U+D130) in font Menlo Italic/OT:script=hani;l
[WARNING] Missing character: There is no 무 (U+BB34) (U+BB34) in font Menlo Regular/OT:script=hani;
[WARNING] Missing character: There is no 질 (U+C9C8) (U+C9C8) in font Menlo Regular/OT:script=hani;
[WARNING] Missing character: There is no 서 (U+C11C) (U+C11C) in font Menlo Regular/OT:script=hani;
[WARNING] Missing character: There is no 임 (U+C784) (U+C784) in font Menlo Regular/OT:script=hani;
[WARNING] Missing character: There is no 계 (U+ACC4) (U+ACC4) in font Menlo Regular/OT:script=hani;
[WARNING] Missing character: There is no 동 (U+B3D9) (U+B3D9) in font Menlo Regular/OT:script=hani;
[WARNING] Missing character: There is no 기 (U+AE30) (U+AE30) in font Menlo Regular/OT:script=hani;
[WARNING] Missing character: There is no 화 (U+D654) (U+D654) in font Menlo Regular/OT:script=hani;
[WARNING] Missing character: There is no 창 (U+CC3D) (U+CC3D) in font Menlo Regular/OT:script=hani;
[WARNING] Missing character: There is no 발 (U+BC1C) (U+BC1C) in font Menlo Regular/OT:script=hani;
[WARNING] Missing character: There is no 순 (U+C21C) (U+C21C) in font Menlo Regular/OT:script=hani;
[WARNING] Missing character: There is no 서 (U+C11C) (U+C11C) in font Menlo Regular/OT:script=hani;
[WARNING] Missing character: There is no 위 (U+C704) (U+C704) in font Menlo Regular/OT:script=hani;
[WARNING] Missing character: There is no 반 (U+BC18) (U+BC18) in font Menlo Regular/OT:script=hani;
[WARNING] Missing character: There is no 결 (U+ACB0) (U+ACB0) in font Menlo Italic/OT:script=hani;l
[WARNING] Missing character: There is no 과 (U+ACFC) (U+ACFC) in font Menlo Italic/OT:script=hani;l
[WARNING] Missing character: There is no 임 (U+C784) (U+C784) in font Menlo Italic/OT:script=hani;l
[WARNING] Missing character: There is no 계 (U+ACC4) (U+ACC4) in font Menlo Italic/OT:script=hani;l
[WARNING] Missing character: There is no 확 (U+D655) (U+D655) in font Menlo Italic/OT:script=hani;l
[WARNING] Missing character: There is no 인 (U+C778) (U+C778) in font Menlo Italic/OT:script=hani;l
[WARNING] Missing character: There is no 자 (U+C790) (U+C790) in font Menlo Regular/OT:script=hani;
[WARNING] Missing character: There is no 기 (U+AE30) (U+AE30) in font Menlo Regular/OT:script=hani;
[WARNING] Missing character: There is no 조 (U+C870) (U+C870) in font Menlo Regular/OT:script=hani;
[WARNING] Missing character: There is no 직 (U+C9C1) (U+C9C1) in font Menlo Regular/OT:script=hani;
[WARNING] Missing character: There is no 임 (U+C784) (U+C784) in font Menlo Regular/OT:script=hani;
[WARNING] Missing character: There is no 계 (U+ACC4) (U+ACC4) in font Menlo Regular/OT:script=hani;
[WARNING] Missing character: There is no 질 (U+C9C8) (U+C9C8) in font Menlo Regular/OT:script=hani;
[WARNING] Missing character: There is no 량 (U+B7C9) (U+B7C9) in font Menlo Regular/OT:script=hani;
[WARNING] Missing character: There is no 경 (U+ACBD) (U+ACBD) in font Menlo Regular/OT:script=hani;
[WARNING] Missing character: There is no 험 (U+D5D8) (U+D5D8) in font Menlo Regular/OT:script=hani;
[WARNING] Missing character: There is no 적 (U+C801) (U+C801) in font Menlo Regular/OT:script=hani;
[WARNING] Missing character: There is no 추 (U+CD94) (U+CD94) in font Menlo Regular/OT:script=hani;
[WARNING] Missing character: There is no 정 (U+C815) (U+C815) in font Menlo Regular/OT:script=hani;
[WARNING] Missing character: There is no 이 (U+C774) (U+C774) in font Menlo Regular/OT:script=hani;
[WARNING] Missing character: There is no 론 (U+B860) (U+B860) in font Menlo Regular/OT:script=hani;
[WARNING] Missing character: There is no 값 (U+AC12) (U+AC12) in font Menlo Regular/OT:script=hani;
[WARNING] Missing character: There is no 경 (U+ACBD) (U+ACBD) in font Menlo Regular/OT:script=hani;
[WARNING] Missing character: There is no 험 (U+D5D8) (U+D5D8) in font Menlo Regular/OT:script=hani;
[WARNING] Missing character: There is no 경 (U+ACBD) (U+ACBD) in font Menlo Regular/OT:script=hani;
[WARNING] Missing character: There is no 험 (U+D5D8) (U+D5D8) in font Menlo Regular/OT:script=hani;
[WARNING] Missing character: There is no 경 (U+ACBD) (U+ACBD) in font Menlo Regular/OT:script=hani;
[WARNING] Missing character: There is no 험 (U+D5D8) (U+D5D8) in font Menlo Regular/OT:script=hani;
[WARNING] Missing character: There is no 휴 (U+D734) (U+D734) in font Menlo Regular/OT:script=hani;
[WARNING] Missing character: There is no 리 (U+B9AC) (U+B9AC) in font Menlo Regular/OT:script=hani;
[WARNING] Missing character: There is no 스 (U+C2A4) (U+C2A4) in font Menlo Regular/OT:script=hani;
[WARNING] Missing character: There is no 틱 (U+D2F1) (U+D2F1) in font Menlo Regular/OT:script=hani;
[WARNING] Missing character: There is no 상 (U+C0C1) (U+C0C1) in font Menlo Regular/OT:script=hani;
[WARNING] Missing character: There is no 한 (U+D55C) (U+D55C) in font Menlo Regular/OT:script=hani;
[WARNING] Missing character: There is no 경 (U+ACBD) (U+ACBD) in font Menlo Regular/OT:script=hani;
[WARNING] Missing character: There is no 험 (U+D5D8) (U+D5D8) in font Menlo Regular/OT:script=hani;
[WARNING] Missing character: There is no 경 (U+ACBD) (U+ACBD) in font Menlo Regular/OT:script=hani;
[WARNING] Missing character: There is no 험 (U+D5D8) (U+D5D8) in font Menlo Regular/OT:script=hani;
[WARNING] Missing character: There is no 경 (U+ACBD) (U+ACBD) in font Menlo Regular/OT:script=hani;
[WARNING] Missing character: There is no 험 (U+D5D8) (U+D5D8) in font Menlo Regular/OT:script=hani;
[WARNING] Missing character: There is no 휴 (U+D734) (U+D734) in font Menlo Regular/OT:script=hani;
[WARNING] Missing character: There is no 리 (U+B9AC) (U+B9AC) in font Menlo Regular/OT:script=hani;
[WARNING] Missing character: There is no 스 (U+C2A4) (U+C2A4) in font Menlo Regular/OT:script=hani;
[WARNING] Missing character: There is no 틱 (U+D2F1) (U+D2F1) in font Menlo Regular/OT:script=hani;
[WARNING] Missing character: There is no 하 (U+D558) (U+D558) in font Menlo Regular/OT:script=hani;
[WARNING] Missing character: There is no 한 (U+D55C) (U+D55C) in font Menlo Regular/OT:script=hani;
[WARNING] Missing character: There is no 이 (U+C774) (U+C774) in font Menlo Regular/OT:script=hani;
[WARNING] Missing character: There is no 론 (U+B860) (U+B860) in font Menlo Regular/OT:script=hani;
[WARNING] Missing character: There is no ⟵ (U+27F5) (U+27F5) in font Menlo Regular/AAT!
[WARNING] Missing character: There is no 질 (U+C9C8) (U+C9C8) in font Menlo Regular/OT:script=hani;
[WARNING] Missing character: There is no 서 (U+C11C) (U+C11C) in font Menlo Regular/OT:script=hani;
[WARNING] Missing character: There is no 질 (U+C9C8) (U+C9C8) in font Menlo Regular/OT:script=hani;
[WARNING] Missing character: There is no 서 (U+C11C) (U+C11C) in font Menlo Regular/OT:script=hani;
[WARNING] Missing character: There is no 질 (U+C9C8) (U+C9C8) in font Menlo Regular/OT:script=hani;
[WARNING] Missing character: There is no 서 (U+C11C) (U+C11C) in font Menlo Regular/OT:script=hani;
[WARNING] Missing character: There is no 파 (U+D30C) (U+D30C) in font Menlo Regular/OT:script=hani;
[WARNING] Missing character: There is no 라 (U+B77C) (U+B77C) in font Menlo Regular/OT:script=hani;
[WARNING] Missing character: There is no 미 (U+BBF8) (U+BBF8) in font Menlo Regular/OT:script=hani;
[WARNING] Missing character: There is no 터 (U+D130) (U+D130) in font Menlo Regular/OT:script=hani;
[WARNING] Missing character: There is no 유 (U+C720) (U+C720) in font Menlo Regular/OT:script=hani;
[WARNING] Missing character: There is no 닛 (U+B2DB) (U+B2DB) in font Menlo Regular/OT:script=hani;
[WARNING] Missing character: There is no 높 (U+B192) (U+B192) in font Menlo Regular/OT:script=hani;
[WARNING] Missing character: There is no 을 (U+C744) (U+C744) in font Menlo Regular/OT:script=hani;
[WARNING] Missing character: There is no 수 (U+C218) (U+C218) in font Menlo Regular/OT:script=hani;
[WARNING] Missing character: There is no 록 (U+B85D) (U+B85D) in font Menlo Regular/OT:script=hani;
[WARNING] Missing character: There is no 동 (U+B3D9) (U+B3D9) in font Menlo Regular/OT:script=hani;
[WARNING] Missing character: There is no 기 (U+AE30) (U+AE30) in font Menlo Regular/OT:script=hani;
[WARNING] Missing character: There is no 화 (U+D654) (U+D654) in font Menlo Regular/OT:script=hani;
[WARNING] Missing character: There is no 기 (U+AE30) (U+AE30) in font Menlo Regular/OT:script=hani;
[WARNING] Missing character: There is no 존 (U+C874) (U+C874) in font Menlo Regular/OT:script=hani;
[WARNING] Missing character: There is no 기 (U+AE30) (U+AE30) in font Menlo Regular/OT:script=hani;
[WARNING] Missing character: There is no 존 (U+C874) (U+C874) in font Menlo Regular/OT:script=hani;
[WARNING] Missing character: There is no 기 (U+AE30) (U+AE30) in font Menlo Regular/OT:script=hani;
[WARNING] Missing character: There is no 존 (U+C874) (U+C874) in font Menlo Regular/OT:script=hani;
[WARNING] Missing character: There is no 랜 (U+B79C) (U+B79C) in font Menlo Regular/OT:script=hani;
[WARNING] Missing character: There is no 덤 (U+B364) (U+B364) in font Menlo Regular/OT:script=hani;
[WARNING] Missing character: There is no 설 (U+C124) (U+C124) in font Menlo Regular/OT:script=hani;
[WARNING] Missing character: There is no 계 (U+ACC4) (U+ACC4) in font Menlo Regular/OT:script=hani;
