[WARNING] Missing character: There is no 검 (U+AC80) (U+AC80) in font Menlo Regular/OT:script=hani;
[WARNING] Missing character: There is no 증 (U+C99D) (U+C99D) in font Menlo Regular/OT:script=hani;
[WARNING] Missing character: There is no 경 (U+ACBD) (U+ACBD) in font Menlo Regular/OT:script=hani;
[WARNING] Missing character: There is no 로 (U+B85C) (U+B85C) in font Menlo Regular/OT:script=hani;
[WARNING] Missing character: There is no 산 (U+C0B0) (U+C0B0) in font Menlo Regular/OT:script=hani;
[WARNING] Missing character: There is no 술 (U+C220) (U+C220) in font Menlo Regular/OT:script=hani;
[WARNING] Missing character: There is no 유 (U+C720) (U+C720) in font Menlo Regular/OT:script=hani;
[WARNING] Missing character: There is no 도 (U+B3C4) (U+B3C4) in font Menlo Regular/OT:script=hani;
[WARNING] Missing character: There is no 상 (U+C0C1) (U+C0C1) in font Menlo Regular/OT:script=hani;
[WARNING] Missing character: There is no 수 (U+C218) (U+C218) in font Menlo Regular/OT:script=hani;
[WARNING] Missing character: There is no 직 (U+C9C1) (U+C9C1) in font Menlo Regular/OT:script=hani;
[WARNING] Missing character: There is no 접 (U+C811) (U+C811) in font Menlo Regular/OT:script=hani;
[WARNING] Missing character: There is no 계 (U+ACC4) (U+ACC4) in font Menlo Regular/OT:script=hani;
[WARNING] Missing character: There is no 산 (U+C0B0) (U+C0B0) in font Menlo Regular/OT:script=hani;
[WARNING] Missing character: There is no 경 (U+ACBD) (U+ACBD) in font Menlo Regular/OT:script=hani;
[WARNING] Missing character: There is no 로 (U+B85C) (U+B85C) in font Menlo Regular/OT:script=hani;
[WARNING] Missing character: There is no 경 (U+ACBD) (U+ACBD) in font Menlo Regular/OT:script=hani;
[WARNING] Missing character: There is no 로 (U+B85C) (U+B85C) in font Menlo Regular/OT:script=hani;
[WARNING] Missing character: There is no 경 (U+ACBD) (U+ACBD) in font Menlo Regular/OT:script=hani;
[WARNING] Missing character: There is no 로 (U+B85C) (U+B85C) in font Menlo Regular/OT:script=hani;
[WARNING] Missing character: There is no 실 (U+C2E4) (U+C2E4) in font Menlo Regular/OT:script=hani;
[WARNING] Missing character: There is no 측 (U+CE21) (U+CE21) in font Menlo Regular/OT:script=hani;
[WARNING] Missing character: There is no 매 (U+B9E4) (U+B9E4) in font Menlo Regular/OT:script=hani;
[WARNING] Missing character: There is no 칭 (U+CE6D) (U+CE6D) in font Menlo Regular/OT:script=hani;
[WARNING] Missing character: There is no 실 (U+C2E4) (U+C2E4) in font Menlo Regular/OT:script=hani;
[WARNING] Missing character: There is no 험 (U+D5D8) (U+D5D8) in font Menlo Regular/OT:script=hani;
[WARNING] Missing character: There is no 데 (U+B370) (U+B370) in font Menlo Regular/OT:script=hani;
[WARNING] Missing character: There is no 이 (U+C774) (U+C774) in font Menlo Regular/OT:script=hani;
[WARNING] Missing character: There is no 터 (U+D130) (U+D130) in font Menlo Regular/OT:script=hani;
[WARNING] Missing character: There is no 오 (U+C624) (U+C624) in font Menlo Regular/OT:script=hani;
[WARNING] Missing character: There is no 차 (U+CC28) (U+CC28) in font Menlo Regular/OT:script=hani;
[WARNING] Missing character: There is no 경 (U+ACBD) (U+ACBD) in font Menlo Regular/OT:script=hani;
[WARNING] Missing character: There is no 로 (U+B85C) (U+B85C) in font Menlo Regular/OT:script=hani;
[WARNING] Missing character: There is no 경 (U+ACBD) (U+ACBD) in font Menlo Regular/OT:script=hani;
[WARNING] Missing character: There is no 로 (U+B85C) (U+B85C) in font Menlo Regular/OT:script=hani;
[WARNING] Missing character: There is no 경 (U+ACBD) (U+ACBD) in font Menlo Regular/OT:script=hani;
[WARNING] Missing character: There is no 로 (U+B85C) (U+B85C) in font Menlo Regular/OT:script=hani;
[WARNING] Missing character: There is no 논 (U+B17C) (U+B17C) in font Menlo Regular/OT:script=hani;
[WARNING] Missing character: There is no 문 (U+BB38) (U+BB38) in font Menlo Regular/OT:script=hani;
[WARNING] Missing character: There is no 인 (U+C778) (U+C778) in font Menlo Regular/OT:script=hani;
[WARNING] Missing character: There is no 용 (U+C6A9) (U+C6A9) in font Menlo Regular/OT:script=hani;
[WARNING] Missing character: There is no 경 (U+ACBD) (U+ACBD) in font Menlo Regular/OT:script=hani;
[WARNING] Missing character: There is no 로 (U+B85C) (U+B85C) in font Menlo Regular/OT:script=hani;
[WARNING] Missing character: There is no 경 (U+ACBD) (U+ACBD) in font Menlo Regular/OT:script=hani;
[WARNING] Missing character: There is no 로 (U+B85C) (U+B85C) in font Menlo Regular/OT:script=hani;
[WARNING] Missing character: There is no 경 (U+ACBD) (U+ACBD) in font Menlo Regular/OT:script=hani;
[WARNING] Missing character: There is no 로 (U+B85C) (U+B85C) in font Menlo Regular/OT:script=hani;
[WARNING] Missing character: There is no 반 (U+BC18) (U+BC18) in font Menlo Regular/OT:script=hani;
[WARNING] Missing character: There is no 증 (U+C99D) (U+C99D) in font Menlo Regular/OT:script=hani;
[WARNING] Missing character: There is no 시 (U+C2DC) (U+C2DC) in font Menlo Regular/OT:script=hani;
[WARNING] Missing character: There is no 도 (U+B3C4) (U+B3C4) in font Menlo Regular/OT:script=hani;
[WARNING] Missing character: There is no 실 (U+C2E4) (U+C2E4) in font Menlo Regular/OT:script=hani;
[WARNING] Missing character: There is no 패 (U+D328) (U+D328) in font Menlo Regular/OT:script=hani;
[WARNING] Missing character: There is no 경 (U+ACBD) (U+ACBD) in font Menlo Regular/OT:script=hani;
[WARNING] Missing character: There is no 로 (U+B85C) (U+B85C) in font Menlo Regular/OT:script=hani;
[WARNING] Missing character: There is no 경 (U+ACBD) (U+ACBD) in font Menlo Regular/OT:script=hani;
[WARNING] Missing character: There is no 로 (U+B85C) (U+B85C) in font Menlo Regular/OT:script=hani;
[WARNING] Missing character: There is no 경 (U+ACBD) (U+ACBD) in font Menlo Regular/OT:script=hani;
[WARNING] Missing character: There is no 로 (U+B85C) (U+B85C) in font Menlo Regular/OT:script=hani;
[WARNING] Missing character: There is no 독 (U+B3C5) (U+B3C5) in font Menlo Regular/OT:script=hani;
[WARNING] Missing character: There is no 립 (U+B9BD) (U+B9BD) in font Menlo Regular/OT:script=hani;
[WARNING] Missing character: There is no 시 (U+C2DC) (U+C2DC) in font Menlo Regular/OT:script=hani;
[WARNING] Missing character: There is no 뮬 (U+BBAC) (U+BBAC) in font Menlo Regular/OT:script=hani;
[WARNING] Missing character: There is no 레 (U+B808) (U+B808) in font Menlo Regular/OT:script=hani;
[WARNING] Missing character: There is no 이 (U+C774) (U+C774) in font Menlo Regular/OT:script=hani;
[WARNING] Missing character: There is no 션 (U+C158) (U+C158) in font Menlo Regular/OT:script=hani;
