[WARNING] Missing character: There is no 산 (U+C0B0) (U+C0B0) in font Menlo Regular/OT:script=hani;
[WARNING] Missing character: There is no 술 (U+C220) (U+C220) in font Menlo Regular/OT:script=hani;
[WARNING] Missing character: There is no 폭 (U+D3ED) (U+D3ED) in font Menlo Regular/OT:script=hani;
[WARNING] Missing character: There is no 발 (U+BC1C) (U+BC1C) in font Menlo Regular/OT:script=hani;
[WARNING] Missing character: There is no 값 (U+AC12) (U+AC12) in font Menlo Regular/OT:script=hani;
[WARNING] Missing character: There is no 발 (U+BC1C) (U+BC1C) in font Menlo Regular/OT:script=hani;
[WARNING] Missing character: There is no 산 (U+C0B0) (U+C0B0) in font Menlo Regular/OT:script=hani;
[WARNING] Missing character: There is no 위 (U+C704) (U+C704) in font Menlo Regular/OT:script=hani;
[WARNING] Missing character: There is no 상 (U+C0C1) (U+C0C1) in font Menlo Regular/OT:script=hani;
[WARNING] Missing character: There is no 폭 (U+D3ED) (U+D3ED) in font Menlo Regular/OT:script=hani;
[WARNING] Missing character: There is no 발 (U+BC1C) (U+BC1C) in font Menlo Regular/OT:script=hani;
[WARNING] Missing character: There is no 매 (U+B9E4) (U+B9E4) in font Menlo Regular/OT:script=hani;
[WARNING] Missing character: There is no 니 (U+B2C8) (U+B2C8) in font Menlo Regular/OT:script=hani;
[WARNING] Missing character: There is no 폴 (U+D3F4) (U+D3F4) in font Menlo Regular/OT:script=hani;
[WARNING] Missing character: There is no 드 (U+B4DC) (U+B4DC) in font Menlo Regular/OT:script=hani;
[WARNING] Missing character: There is no 찢 (U+CC22) (U+CC22) in font Menlo Regular/OT:script=hani;
[WARNING] Missing character: There is no 어 (U+C5B4) (U+C5B4) in font Menlo Regular/OT:script=hani;
[WARNING] Missing character: There is no 짐 (U+C9D0) (U+C9D0) in font Menlo Regular/OT:script=hani;
[WARNING] Missing character: There is no 정 (U+C815) (U+C815) in font Menlo Regular/OT:script=hani;
[WARNING] Missing character: There is no 보 (U+BCF4) (U+BCF4) in font Menlo Regular/OT:script=hani;
[WARNING] Missing character: There is no 폭 (U+D3ED) (U+D3ED) in font Menlo Regular/OT:script=hani;
[WARNING] Missing character: There is no 발 (U+BC1C) (U+BC1C) in font Menlo Regular/OT:script=hani;
[WARNING] Missing character: There is no 엔 (U+C5D4) (U+C5D4) in font Menlo Regular/OT:script=hani;
[WARNING] Missing character: There is no 트 (U+D2B8) (U+D2B8) in font Menlo Regular/OT:script=hani;
[WARNING] Missing character: There is no 로 (U+B85C) (U+B85C) in font Menlo Regular/OT:script=hani;
[WARNING] Missing character: There is no 피 (U+D53C) (U+D53C) in font Menlo Regular/OT:script=hani;
[WARNING] Missing character: There is no 급 (U+AE09) (U+AE09) in font Menlo Regular/OT:script=hani;
[WARNING] Missing character: There is no 증 (U+C99D) (U+C99D) in font Menlo Regular/OT:script=hani;
[WARNING] Missing character: There is no 에 (U+C5D0) (U+C5D0) in font Menlo Regular/OT:script=hani;
[WARNING] Missing character: There is no 너 (U+B108) (U+B108) in font Menlo Regular/OT:script=hani;
[WARNING] Missing character: There is no 지 (U+C9C0) (U+C9C0) in font Menlo Regular/OT:script=hani;
[WARNING] Missing character: There is no 폭 (U+D3ED) (U+D3ED) in font Menlo Regular/OT:script=hani;
[WARNING] Missing character: There is no 발 (U+BC1C) (U+BC1C) in font Menlo Regular/OT:script=hani;
[WARNING] Missing character: There is no 스 (U+C2A4) (U+C2A4) in font Menlo Regular/OT:script=hani;
[WARNING] Missing character: There is no 케 (U+CF00) (U+CF00) in font Menlo Regular/OT:script=hani;
[WARNING] Missing character: There is no 일 (U+C77C) (U+C77C) in font Menlo Regular/OT:script=hani;
[WARNING] Missing character: There is no 파 (U+D30C) (U+D30C) in font Menlo Regular/OT:script=hani;
[WARNING] Missing character: There is no 열 (U+C5F4) (U+C5F4) in font Menlo Regular/OT:script=hani;
[WARNING] Missing character: There is no 질 (U+C9C8) (U+C9C8) in font Menlo Regular/OT:script=hani;
[WARNING] Missing character: There is no 량 (U+B7C9) (U+B7C9) in font Menlo Regular/OT:script=hani;
[WARNING] Missing character: There is no 폭 (U+D3ED) (U+D3ED) in font Menlo Regular/OT:script=hani;
[WARNING] Missing character: There is no 발 (U+BC1C) (U+BC1C) in font Menlo Regular/OT:script=hani;
[WARNING] Missing character: There is no 특 (U+D2B9) (U+D2B9) in font Menlo Regular/OT:script=hani;
[WARNING] Missing character: There is no 이 (U+C774) (U+C774) in font Menlo Regular/OT:script=hani;
[WARNING] Missing character: There is no 점 (U+C810) (U+C810) in font Menlo Regular/OT:script=hani;
[WARNING] Missing character: There is no 밀 (U+BC00) (U+BC00) in font Menlo Regular/OT:script=hani;
[WARNING] Missing character: There is no 도 (U+B3C4) (U+B3C4) in font Menlo Regular/OT:script=hani;
[WARNING] Missing character: There is no 시 (U+C2DC) (U+C2DC) in font Menlo Regular/OT:script=hani;
[WARNING] Missing character: There is no 간 (U+AC04) (U+AC04) in font Menlo Regular/OT:script=hani;
[WARNING] Missing character: There is no 폭 (U+D3ED) (U+D3ED) in font Menlo Regular/OT:script=hani;
[WARNING] Missing character: There is no 발 (U+BC1C) (U+BC1C) in font Menlo Regular/OT:script=hani;
[WARNING] Missing character: There is no 시 (U+C2DC) (U+C2DC) in font Menlo Regular/OT:script=hani;
[WARNING] Missing character: There is no 간 (U+AC04) (U+AC04) in font Menlo Regular/OT:script=hani;
[WARNING] Missing character: There is no 역 (U+C5ED) (U+C5ED) in font Menlo Regular/OT:script=hani;
[WARNING] Missing character: There is no 전 (U+C804) (U+C804) in font Menlo Regular/OT:script=hani;
[WARNING] Missing character: There is no 공 (U+ACF5) (U+ACF5) in font Menlo Regular/OT:script=hani;
[WARNING] Missing character: There is no 간 (U+AC04) (U+AC04) in font Menlo Regular/OT:script=hani;
[WARNING] Missing character: There is no 폭 (U+D3ED) (U+D3ED) in font Menlo Regular/OT:script=hani;
[WARNING] Missing character: There is no 발 (U+BC1C) (U+BC1C) in font Menlo Regular/OT:script=hani;
[WARNING] Missing character: There is no 차 (U+CC28) (U+CC28) in font Menlo Regular/OT:script=hani;
[WARNING] Missing character: There is no 원 (U+C6D0) (U+C6D0) in font Menlo Regular/OT:script=hani;
[WARNING] Missing character: There is no 증 (U+C99D) (U+C99D) in font Menlo Regular/OT:script=hani;
[WARNING] Missing character: There is no 가 (U+AC00) (U+AC00) in font Menlo Regular/OT:script=hani;
[WARNING] Missing character: There is no 인 (U+C778) (U+C778) in font Menlo Regular/OT:script=hani;
[WARNING] Missing character: There is no 과 (U+ACFC) (U+ACFC) in font Menlo Regular/OT:script=hani;
[WARNING] Missing character: There is no 폭 (U+D3ED) (U+D3ED) in font Menlo Regular/OT:script=hani;
[WARNING] Missing character: There is no 발 (U+BC1C) (U+BC1C) in font Menlo Regular/OT:script=hani;
[WARNING] Missing character: There is no 인 (U+C778) (U+C778) in font Menlo Regular/OT:script=hani;
[WARNING] Missing character: There is no 과 (U+ACFC) (U+ACFC) in font Menlo Regular/OT:script=hani;
[WARNING] Missing character: There is no 율 (U+C728) (U+C728) in font Menlo Regular/OT:script=hani;
[WARNING] Missing character: There is no 위 (U+C704) (U+C704) in font Menlo Regular/OT:script=hani;
[WARNING] Missing character: There is no 반 (U+BC18) (U+BC18) in font Menlo Regular/OT:script=hani;
[WARNING] Missing character: There is no 의 (U+C758) (U+C758) in font Menlo Regular/OT:script=hani;
[WARNING] Missing character: There is no 미 (U+BBF8) (U+BBF8) in font Menlo Regular/OT:script=hani;
[WARNING] Missing character: There is no 폭 (U+D3ED) (U+D3ED) in font Menlo Regular/OT:script=hani;
[WARNING] Missing character: There is no 발 (U+BC1C) (U+BC1C) in font Menlo Regular/OT:script=hani;
[WARNING] Missing character: There is no 언 (U+C5B8) (U+C5B8) in font Menlo Regular/OT:script=hani;
[WARNING] Missing character: There is no 어 (U+C5B4) (U+C5B4) in font Menlo Regular/OT:script=hani;
[WARNING] Missing character: There is no 파 (U+D30C) (U+D30C) in font Menlo Regular/OT:script=hani;
[WARNING] Missing character: There is no 탄 (U+D0C4) (U+D0C4) in font Menlo Regular/OT:script=hani;
[WARNING] Missing character: There is no 의 (U+C758) (U+C758) in font Menlo Regular/OT:script=hani;
[WARNING] Missing character: There is no 식 (U+C2DD) (U+C2DD) in font Menlo Regular/OT:script=hani;
[WARNING] Missing character: There is no 폭 (U+D3ED) (U+D3ED) in font Menlo Regular/OT:script=hani;
[WARNING] Missing character: There is no 발 (U+BC1C) (U+BC1C) in font Menlo Regular/OT:script=hani;
[WARNING] Missing character: There is no 자 (U+C790) (U+C790) in font Menlo Regular/OT:script=hani;
[WARNING] Missing character: There is no 기 (U+AE30) (U+AE30) in font Menlo Regular/OT:script=hani;
[WARNING] Missing character: There is no 참 (U+CC38) (U+CC38) in font Menlo Regular/OT:script=hani;
[WARNING] Missing character: There is no 조 (U+C870) (U+C870) in font Menlo Regular/OT:script=hani;
[WARNING] Missing character: There is no 특 (U+D2B9) (U+D2B9) in font Menlo Regular/OT:script=hani;
[WARNING] Missing character: There is no 이 (U+C774) (U+C774) in font Menlo Regular/OT:script=hani;
[WARNING] Missing character: There is no 점 (U+C810) (U+C810) in font Menlo Regular/OT:script=hani;
[WARNING] Missing character: There is no 양 (U+C591) (U+C591) in font Menlo Regular/OT:script=hani;
[WARNING] Missing character: There is no 자 (U+C790) (U+C790) in font Menlo Regular/OT:script=hani;
[WARNING] Missing character: There is no 폭 (U+D3ED) (U+D3ED) in font Menlo Regular/OT:script=hani;
[WARNING] Missing character: There is no 발 (U+BC1C) (U+BC1C) in font Menlo Regular/OT:script=hani;
[WARNING] Missing character: There is no 측 (U+CE21) (U+CE21) in font Menlo Regular/OT:script=hani;
[WARNING] Missing character: There is no 정 (U+C815) (U+C815) in font Menlo Regular/OT:script=hani;
[WARNING] Missing character: There is no 특 (U+D2B9) (U+D2B9) in font Menlo Regular/OT:script=hani;
[WARNING] Missing character: There is no 이 (U+C774) (U+C774) in font Menlo Regular/OT:script=hani;
[WARNING] Missing character: There is no 점 (U+C810) (U+C810) in font Menlo Regular/OT:script=hani;
[WARNING] Missing character: There is no 메 (U+BA54) (U+BA54) in font Menlo Regular/OT:script=hani;
[WARNING] Missing character: There is no 타 (U+D0C0) (U+D0C0) in font Menlo Regular/OT:script=hani;
[WARNING] Missing character: There is no 폭 (U+D3ED) (U+D3ED) in font Menlo Regular/OT:script=hani;
[WARNING] Missing character: There is no 발 (U+BC1C) (U+BC1C) in font Menlo Regular/OT:script=hani;
[WARNING] Missing character: There is no 위 (U+C704) (U+C704) in font Menlo Regular/OT:script=hani;
[WARNING] Missing character: There is no 을 (U+C744) (U+C744) in font Menlo Regular/OT:script=hani;
[WARNING] Missing character: There is no 포 (U+D3EC) (U+D3EC) in font Menlo Regular/OT:script=hani;
[WARNING] Missing character: There is no 함 (U+D568) (U+D568) in font Menlo Regular/OT:script=hani;
[WARNING] Missing character: There is no 하 (U+D558) (U+D558) in font Menlo Regular/OT:script=hani;
[WARNING] Missing character: There is no 는 (U+B294) (U+B294) in font Menlo Regular/OT:script=hani;
[WARNING] Missing character: There is no 재 (U+C7AC) (U+C7AC) in font Menlo Regular/OT:script=hani;
[WARNING] Missing character: There is no 귀 (U+ADC0) (U+ADC0) in font Menlo Regular/OT:script=hani;
[WARNING] Missing character: There is no 폭 (U+D3ED) (U+D3ED) in font Menlo Regular/OT:script=hani;
[WARNING] Missing character: There is no 발 (U+BC1C) (U+BC1C) in font Menlo Regular/OT:script=hani;
[WARNING] Missing character: There is no 모 (U+BAA8) (U+BAA8) in font Menlo Regular/OT:script=hani;
[WARNING] Missing character: There is no 드 (U+B4DC) (U+B4DC) in font Menlo Regular/OT:script=hani;
[WARNING] Missing character: There is no 상 (U+C0C1) (U+C0C1) in font Menlo Regular/OT:script=hani;
[WARNING] Missing character: There is no 한 (U+D55C) (U+D55C) in font Menlo Regular/OT:script=hani;
[WARNING] Missing character: There is no 위 (U+C704) (U+C704) in font Menlo Regular/OT:script=hani;
[WARNING] Missing character: There is no 반 (U+BC18) (U+BC18) in font Menlo Regular/OT:script=hani;
[WARNING] Missing character: There is no 관 (U+AD00) (U+AD00) in font Menlo Regular/OT:script=hani;
[WARNING] Missing character: There is no 문 (U+BB38) (U+BB38) in font Menlo Regular/OT:script=hani;
[WARNING] Missing character: There is no 위 (U+C704) (U+C704) in font Menlo Regular/OT:script=hani;
[WARNING] Missing character: There is no 반 (U+BC18) (U+BC18) in font Menlo Regular/OT:script=hani;
[WARNING] Missing character: There is no 어 (U+C5B4) (U+C5B4) in font Menlo Regular/OT:script=hani;
[WARNING] Missing character: There is no 트 (U+D2B8) (U+D2B8) in font Menlo Regular/OT:script=hani;
[WARNING] Missing character: There is no 랙 (U+B799) (U+B799) in font Menlo Regular/OT:script=hani;
[WARNING] Missing character: There is no 터 (U+D130) (U+D130) in font Menlo Regular/OT:script=hani;
[WARNING] Missing character: There is no 위 (U+C704) (U+C704) in font Menlo Regular/OT:script=hani;
[WARNING] Missing character: There is no 반 (U+BC18) (U+BC18) in font Menlo Regular/OT:script=hani;
[WARNING] Missing character: There is no 차 (U+CC28) (U+CC28) in font Menlo Regular/OT:script=hani;
[WARNING] Missing character: There is no 원 (U+C6D0) (U+C6D0) in font Menlo Regular/OT:script=hani;
[WARNING] Missing character: There is no 상 (U+C0C1) (U+C0C1) in font Menlo Regular/OT:script=hani;
[WARNING] Missing character: There is no 한 (U+D55C) (U+D55C) in font Menlo Regular/OT:script=hani;
[WARNING] Missing character: There is no 위 (U+C704) (U+C704) in font Menlo Regular/OT:script=hani;
[WARNING] Missing character: There is no 반 (U+BC18) (U+BC18) in font Menlo Regular/OT:script=hani;
