[WARNING] Missing character: There is no 기 (U+AE30) (U+AE30) in font Menlo Regular/OT:script=hani;
[WARNING] Missing character: There is no 법 (U+BC95) (U+BC95) in font Menlo Regular/OT:script=hani;
[WARNING] Missing character: There is no 에 (U+C5D0) (U+C5D0) in font Menlo Regular/OT:script=hani;
[WARNING] Missing character: There is no 등 (U+B4F1) (U+B4F1) in font Menlo Regular/OT:script=hani;
[WARNING] Missing character: There is no 재 (U+C7AC) (U+C7AC) in font Menlo Regular/OT:script=hani;
[WARNING] Missing character: There is no 이 (U+C774) (U+C774) in font Menlo Regular/OT:script=hani;
[WARNING] Missing character: There is no 론 (U+B860) (U+B860) in font Menlo Regular/OT:script=hani;
[WARNING] Missing character: There is no 상 (U+C0C1) (U+C0C1) in font Menlo Regular/OT:script=hani;
[WARNING] Missing character: There is no 한 (U+D55C) (U+D55C) in font Menlo Regular/OT:script=hani;
[WARNING] Missing character: There is no 예 (U+C608) (U+C608) in font Menlo Regular/OT:script=hani;
[WARNING] Missing character: There is no 상 (U+C0C1) (U+C0C1) in font Menlo Regular/OT:script=hani;
[WARNING] Missing character: There is no 실 (U+C2E4) (U+C2E4) in font Menlo Regular/OT:script=hani;
[WARNING] Missing character: There is no 측 (U+CE21) (U+CE21) in font Menlo Regular/OT:script=hani;
[WARNING] Missing character: There is no 실 (U+C2E4) (U+C2E4) in font Menlo Regular/OT:script=hani;
[WARNING] Missing character: There is no 측 (U+CE21) (U+CE21) in font Menlo Regular/OT:script=hani;
[WARNING] Missing character: There is no 실 (U+C2E4) (U+C2E4) in font Menlo Regular/OT:script=hani;
[WARNING] Missing character: There is no 측 (U+CE21) (U+CE21) in font Menlo Regular/OT:script=hani;
[WARNING] Missing character: There is no 관 (U+AD00) (U+AD00) in font Menlo Regular/OT:script=hani;
[WARNING] Missing character: There is no 측 (U+CE21) (U+CE21) in font Menlo Regular/OT:script=hani;
[WARNING] Missing character: There is no 조 (U+C870) (U+C870) in font Menlo Regular/OT:script=hani;
[WARNING] Missing character: There is no 합 (U+D569) (U+D569) in font Menlo Regular/OT:script=hani;
[WARNING] Missing character: There is no 시 (U+C2DC) (U+C2DC) in font Menlo Regular/OT:script=hani;
[WARNING] Missing character: There is no 도 (U+B3C4) (U+B3C4) in font Menlo Regular/OT:script=hani;
[WARNING] Missing character: There is no 조 (U+C870) (U+C870) in font Menlo Regular/OT:script=hani;
[WARNING] Missing character: There is no 합 (U+D569) (U+D569) in font Menlo Regular/OT:script=hani;
[WARNING] Missing character: There is no 기 (U+AE30) (U+AE30) in font Menlo Italic/OT:script=hani;l
[WARNING] Missing character: There is no 법 (U+BC95) (U+BC95) in font Menlo Italic/OT:script=hani;l
[WARNING] Missing character: There is no 도 (U+B3C4) (U+B3C4) in font Menlo Italic/OT:script=hani;l
[WARNING] Missing character: There is no 메 (U+BA54) (U+BA54) in font Menlo Italic/OT:script=hani;l
[WARNING] Missing character: There is no 인 (U+C778) (U+C778) in font Menlo Italic/OT:script=hani;l
[WARNING] Missing character: There is no 검 (U+AC80) (U+AC80) in font Menlo Italic/OT:script=hani;l
[WARNING] Missing character: There is no 증 (U+C99D) (U+C99D) in font Menlo Italic/OT:script=hani;l
[WARNING] Missing character: There is no 블 (U+BE14) (U+BE14) in font Menlo Italic/OT:script=hani;l
[WARNING] Missing character: There is no 록 (U+B85D) (U+B85D) in font Menlo Italic/OT:script=hani;l
[WARNING] Missing character: There is no 분 (U+BD84) (U+BD84) in font Menlo Italic/OT:script=hani;l
[WARNING] Missing character: There is no 할 (U+D560) (U+D560) in font Menlo Italic/OT:script=hani;l
[WARNING] Missing character: There is no 기 (U+AE30) (U+AE30) in font Menlo Italic/OT:script=hani;l
[WARNING] Missing character: There is no 법 (U+BC95) (U+BC95) in font Menlo Italic/OT:script=hani;l
[WARNING] Missing character: There is no 을 (U+C744) (U+C744) in font Menlo Italic/OT:script=hani;l
[WARNING] Missing character: There is no 블 (U+BE14) (U+BE14) in font Menlo Italic/OT:script=hani;l
[WARNING] Missing character: There is no 록 (U+B85D) (U+B85D) in font Menlo Italic/OT:script=hani;l
[WARNING] Missing character: There is no 블 (U+BE14) (U+BE14) in font Menlo Italic/OT:script=hani;l
[WARNING] Missing character: There is no 록 (U+B85D) (U+B85D) in font Menlo Italic/OT:script=hani;l
[WARNING] Missing character: There is no 당 (U+B2F9) (U+B2F9) in font Menlo Italic/OT:script=hani;l
[WARNING] Missing character: There is no 기 (U+AE30) (U+AE30) in font Menlo Italic/OT:script=hani;l
[WARNING] Missing character: There is no 법 (U+BC95) (U+BC95) in font Menlo Italic/OT:script=hani;l
[WARNING] Missing character: There is no 블 (U+BE14) (U+BE14) in font Menlo Regular/OT:script=hani;
[WARNING] Missing character: There is no 록 (U+B85D) (U+B85D) in font Menlo Regular/OT:script=hani;
[WARNING] Missing character: There is no 합 (U+D569) (U+D569) in font Menlo Regular/OT:script=hani;
[WARNING] Missing character: There is no 오 (U+C624) (U+C624) in font Menlo Regular/OT:script=hani;
[WARNING] Missing character: There is no 류 (U+B958) (U+B958) in font Menlo Regular/OT:script=hani;
[WARNING] Missing character: There is no 각 (U+AC01) (U+AC01) in font Menlo Italic/OT:script=hani;l
[WARNING] Missing character: There is no 블 (U+BE14) (U+BE14) in font Menlo Italic/OT:script=hani;l
[WARNING] Missing character: There is no 록 (U+B85D) (U+B85D) in font Menlo Italic/OT:script=hani;l
[WARNING] Missing character: There is no 도 (U+B3C4) (U+B3C4) in font Menlo Italic/OT:script=hani;l
[WARNING] Missing character: There is no 메 (U+BA54) (U+BA54) in font Menlo Italic/OT:script=hani;l
[WARNING] Missing character: There is no 인 (U+C778) (U+C778) in font Menlo Italic/OT:script=hani;l
[WARNING] Missing character: There is no 검 (U+AC80) (U+AC80) in font Menlo Italic/OT:script=hani;l
[WARNING] Missing character: There is no 증 (U+C99D) (U+C99D) in font Menlo Italic/OT:script=hani;l
[WARNING] Missing character: There is no 성 (U+C131) (U+C131) in font Menlo Italic/OT:script=hani;l
[WARNING] Missing character: There is no 공 (U+ACF5) (U+ACF5) in font Menlo Italic/OT:script=hani;l
[WARNING] Missing character: There is no 률 (U+B960) (U+B960) in font Menlo Italic/OT:script=hani;l
[WARNING] Missing character: There is no 실 (U+C2E4) (U+C2E4) in font Menlo Italic/OT:script=hani;l
[WARNING] Missing character: There is no 측 (U+CE21) (U+CE21) in font Menlo Italic/OT:script=hani;l
[WARNING] Missing character: There is no 가 (U+AC00) (U+AC00) in font Menlo Italic/OT:script=hani;l
[WARNING] Missing character: There is no 정 (U+C815) (U+C815) in font Menlo Italic/OT:script=hani;l
[WARNING] Missing character: There is no 조 (U+C870) (U+C870) in font Menlo Italic/OT:script=hani;l
[WARNING] Missing character: There is no 합 (U+D569) (U+D569) in font Menlo Italic/OT:script=hani;l
[WARNING] Missing character: There is no 수 (U+C218) (U+C218) in font Menlo Italic/OT:script=hani;l
[WARNING] Missing character: There is no 카 (U+CE74) (U+CE74) in font Menlo Italic/OT:script=hani;l
[WARNING] Missing character: There is no 운 (U+C6B4) (U+C6B4) in font Menlo Italic/OT:script=hani;l
[WARNING] Missing character: There is no 트 (U+D2B8) (U+D2B8) in font Menlo Italic/OT:script=hani;l
[WARNING] Missing character: There is no 조 (U+C870) (U+C870) in font Menlo Italic/OT:script=hani;l
[WARNING] Missing character: There is no 합 (U+D569) (U+D569) in font Menlo Italic/OT:script=hani;l
[WARNING] Missing character: There is no 목 (U+BAA9) (U+BAA9) in font Menlo Italic/OT:script=hani;l
[WARNING] Missing character: There is no 표 (U+D45C) (U+D45C) in font Menlo Italic/OT:script=hani;l
[WARNING] Missing character: There is no 총 (U+CD1D) (U+CD1D) in font Menlo Regular/OT:script=hani;
[WARNING] Missing character: There is no 조 (U+C870) (U+C870) in font Menlo Regular/OT:script=hani;
[WARNING] Missing character: There is no 합 (U+D569) (U+D569) in font Menlo Regular/OT:script=hani;
[WARNING] Missing character: There is no 기 (U+AE30) (U+AE30) in font Menlo Regular/OT:script=hani;
[WARNING] Missing character: There is no 법 (U+BC95) (U+BC95) in font Menlo Regular/OT:script=hani;
[WARNING] Missing character: There is no 도 (U+B3C4) (U+B3C4) in font Menlo Regular/OT:script=hani;
[WARNING] Missing character: There is no 메 (U+BA54) (U+BA54) in font Menlo Regular/OT:script=hani;
[WARNING] Missing character: There is no 인 (U+C778) (U+C778) in font Menlo Regular/OT:script=hani;
[WARNING] Missing character: There is no 정 (U+C815) (U+C815) in font Menlo Regular/OT:script=hani;
[WARNING] Missing character: There is no 규 (U+ADDC) (U+ADDC) in font Menlo Regular/OT:script=hani;
[WARNING] Missing character: There is no 화 (U+D654) (U+D654) in font Menlo Regular/OT:script=hani;
[WARNING] Missing character: There is no 실 (U+C2E4) (U+C2E4) in font Menlo Regular/OT:script=hani;
[WARNING] Missing character: There is no 효 (U+D6A8) (U+D6A8) in font Menlo Regular/OT:script=hani;
[WARNING] Missing character: There is no 실 (U+C2E4) (U+C2E4) in font Menlo Regular/OT:script=hani;
[WARNING] Missing character: There is no 효 (U+D6A8) (U+D6A8) in font Menlo Regular/OT:script=hani;
[WARNING] Missing character: There is no 범 (U+BC94) (U+BC94) in font Menlo Regular/OT:script=hani;
[WARNING] Missing character: There is no 위 (U+C704) (U+C704) in font Menlo Regular/OT:script=hani;
[WARNING] Missing character: There is no 이 (U+C774) (U+C774) in font Menlo Regular/OT:script=hani;
[WARNING] Missing character: There is no 탈 (U+D0C8) (U+D0C8) in font Menlo Regular/OT:script=hani;
[WARNING] Missing character: There is no 결 (U+ACB0) (U+ACB0) in font Menlo Italic/OT:script=hani;l
[WARNING] Missing character: There is no 과 (U+ACFC) (U+ACFC) in font Menlo Italic/OT:script=hani;l
[WARNING] Missing character: There is no 총 (U+CD1D) (U+CD1D) in font Menlo Italic/OT:script=hani;l
[WARNING] Missing character: There is no 실 (U+C2E4) (U+C2E4) in font Menlo Italic/OT:script=hani;l
[WARNING] Missing character: There is no 효 (U+D6A8) (U+D6A8) in font Menlo Italic/OT:script=hani;l
[WARNING] Missing character: There is no 조 (U+C870) (U+C870) in font Menlo Regular/OT:script=hani;
[WARNING] Missing character: There is no 합 (U+D569) (U+D569) in font Menlo Regular/OT:script=hani;
[WARNING] Missing character: There is no 발 (U+BC1C) (U+BC1C) in font Menlo Regular/OT:script=hani;
[WARNING] Missing character: There is no 견 (U+ACAC) (U+ACAC) in font Menlo Regular/OT:script=hani;
[WARNING] Missing character: There is no 률 (U+B960) (U+B960) in font Menlo Regular/OT:script=hani;
[WARNING] Missing character: There is no 실 (U+C2E4) (U+C2E4) in font Menlo Regular/OT:script=hani;
[WARNING] Missing character: There is no 효 (U+D6A8) (U+D6A8) in font Menlo Regular/OT:script=hani;
[WARNING] Missing character: There is no 조 (U+C870) (U+C870) in font Menlo Regular/OT:script=hani;
[WARNING] Missing character: There is no 합 (U+D569) (U+D569) in font Menlo Regular/OT:script=hani;
[WARNING] Missing character: There is no 총 (U+CD1D) (U+CD1D) in font Menlo Regular/OT:script=hani;
[WARNING] Missing character: There is no 조 (U+C870) (U+C870) in font Menlo Regular/OT:script=hani;
[WARNING] Missing character: There is no 합 (U+D569) (U+D569) in font Menlo Regular/OT:script=hani;
[WARNING] Missing character: There is no 높 (U+B192) (U+B192) in font Menlo Regular/OT:script=hani;
[WARNING] Missing character: There is no 을 (U+C744) (U+C744) in font Menlo Regular/OT:script=hani;
[WARNING] Missing character: There is no 수 (U+C218) (U+C218) in font Menlo Regular/OT:script=hani;
[WARNING] Missing character: There is no 록 (U+B85D) (U+B85D) in font Menlo Regular/OT:script=hani;
[WARNING] Missing character: There is no 좋 (U+C88B) (U+C88B) in font Menlo Regular/OT:script=hani;
[WARNING] Missing character: There is no 음 (U+C74C) (U+C74C) in font Menlo Regular/OT:script=hani;
[WARNING] Missing character: There is no 수 (U+C218) (U+C218) in font Menlo Regular/OT:script=hani;
[WARNING] Missing character: There is no 동 (U+B3D9) (U+B3D9) in font Menlo Regular/OT:script=hani;
[WARNING] Missing character: There is no 수 (U+C218) (U+C218) in font Menlo Regular/OT:script=hani;
[WARNING] Missing character: There is no 동 (U+B3D9) (U+B3D9) in font Menlo Regular/OT:script=hani;
[WARNING] Missing character: There is no 수 (U+C218) (U+C218) in font Menlo Regular/OT:script=hani;
[WARNING] Missing character: There is no 동 (U+B3D9) (U+B3D9) in font Menlo Regular/OT:script=hani;
[WARNING] Missing character: There is no 엔 (U+C5D4) (U+C5D4) in font Menlo Regular/OT:script=hani;
[WARNING] Missing character: There is no 지 (U+C9C0) (U+C9C0) in font Menlo Regular/OT:script=hani;
[WARNING] Missing character: There is no 니 (U+B2C8) (U+B2C8) in font Menlo Regular/OT:script=hani;
[WARNING] Missing character: There is no 어 (U+C5B4) (U+C5B4) in font Menlo Regular/OT:script=hani;
[WARNING] Missing character: There is no 링 (U+B9C1) (U+B9C1) in font Menlo Regular/OT:script=hani;
[WARNING] Missing character: There is no 탐 (U+D0D0) (U+D0D0) in font Menlo Regular/OT:script=hani;
[WARNING] Missing character: There is no 색 (U+C0C9) (U+C0C9) in font Menlo Regular/OT:script=hani;
[WARNING] Missing character: There is no 경 (U+ACBD) (U+ACBD) in font Menlo Regular/OT:script=hani;
[WARNING] Missing character: There is no 험 (U+D5D8) (U+D5D8) in font Menlo Regular/OT:script=hani;
[WARNING] Missing character: There is no 실 (U+C2E4) (U+C2E4) in font Menlo Regular/OT:script=hani;
[WARNING] Missing character: There is no 제 (U+C81C) (U+C81C) in font Menlo Regular/OT:script=hani;
[WARNING] Missing character: There is no 실 (U+C2E4) (U+C2E4) in font Menlo Regular/OT:script=hani;
[WARNING] Missing character: There is no 제 (U+C81C) (U+C81C) in font Menlo Regular/OT:script=hani;
[WARNING] Missing character: There is no 실 (U+C2E4) (U+C2E4) in font Menlo Regular/OT:script=hani;
[WARNING] Missing character: There is no 제 (U+C81C) (U+C81C) in font Menlo Regular/OT:script=hani;
[WARNING] Missing character: There is no 발 (U+BC1C) (U+BC1C) in font Menlo Regular/OT:script=hani;
[WARNING] Missing character: There is no 견 (U+ACAC) (U+ACAC) in font Menlo Regular/OT:script=hani;
[WARNING] Missing character: There is no 유 (U+C720) (U+C720) in font Menlo Regular/OT:script=hani;
[WARNING] Missing character: There is no 효 (U+D6A8) (U+D6A8) in font Menlo Regular/OT:script=hani;
[WARNING] Missing character: There is no 조 (U+C870) (U+C870) in font Menlo Regular/OT:script=hani;
[WARNING] Missing character: There is no 합 (U+D569) (U+D569) in font Menlo Regular/OT:script=hani;
[WARNING] Missing character: There is no 수 (U+C218) (U+C218) in font Menlo Regular/OT:script=hani;
[WARNING] Missing character: There is no 수 (U+C218) (U+C218) in font Menlo Regular/OT:script=hani;
[WARNING] Missing character: There is no 동 (U+B3D9) (U+B3D9) in font Menlo Regular/OT:script=hani;
[WARNING] Missing character: There is no 수 (U+C218) (U+C218) in font Menlo Regular/OT:script=hani;
[WARNING] Missing character: There is no 동 (U+B3D9) (U+B3D9) in font Menlo Regular/OT:script=hani;
[WARNING] Missing character: There is no 수 (U+C218) (U+C218) in font Menlo Regular/OT:script=hani;
[WARNING] Missing character: There is no 동 (U+B3D9) (U+B3D9) in font Menlo Regular/OT:script=hani;
[WARNING] Missing character: There is no 방 (U+BC29) (U+BC29) in font Menlo Regular/OT:script=hani;
[WARNING] Missing character: There is no 법 (U+BC95) (U+BC95) in font Menlo Regular/OT:script=hani;
[WARNING] Missing character: There is no 년 (U+B144) (U+B144) in font Menlo Regular/OT:script=hani;
[WARNING] Missing character: There is no 노 (U+B178) (U+B178) in font Menlo Regular/OT:script=hani;
[WARNING] Missing character: There is no 력 (U+B825) (U+B825) in font Menlo Regular/OT:script=hani;
[WARNING] Missing character: There is no 가 (U+AC00) (U+AC00) in font Menlo Regular/OT:script=hani;
[WARNING] Missing character: There is no 속 (U+C18D) (U+C18D) in font Menlo Regular/OT:script=hani;
[WARNING] Missing character: There is no 가 (U+AC00) (U+AC00) in font Menlo Regular/OT:script=hani;
[WARNING] Missing character: There is no 속 (U+C18D) (U+C18D) in font Menlo Regular/OT:script=hani;
[WARNING] Missing character: There is no 가 (U+AC00) (U+AC00) in font Menlo Regular/OT:script=hani;
[WARNING] Missing character: There is no 속 (U+C18D) (U+C18D) in font Menlo Regular/OT:script=hani;
[WARNING] Missing character: There is no 비 (U+BE44) (U+BE44) in font Menlo Regular/OT:script=hani;
[WARNING] Missing character: There is no 배 (U+BC30) (U+BC30) in font Menlo Regular/OT:script=hani;
[WARNING] Missing character: There is no 많 (U+B9CE) (U+B9CE) in font Menlo Regular/OT:script=hani;
[WARNING] Missing character: There is no 은 (U+C740) (U+C740) in font Menlo Regular/OT:script=hani;
[WARNING] Missing character: There is no 유 (U+C720) (U+C720) in font Menlo Regular/OT:script=hani;
[WARNING] Missing character: There is no 효 (U+D6A8) (U+D6A8) in font Menlo Regular/OT:script=hani;
[WARNING] Missing character: There is no 조 (U+C870) (U+C870) in font Menlo Regular/OT:script=hani;
[WARNING] Missing character: There is no 합 (U+D569) (U+D569) in font Menlo Regular/OT:script=hani;
[WARNING] Missing character: There is no 발 (U+BC1C) (U+BC1C) in font Menlo Regular/OT:script=hani;
[WARNING] Missing character: There is no 견 (U+ACAC) (U+ACAC) in font Menlo Regular/OT:script=hani;
