[WARNING] Missing character: There is no 스 (U+C2A4) (U+C2A4) in font Menlo Regular/OT:script=hani;
[WARNING] Missing character: There is no 캔 (U+CE94) (U+CE94) in font Menlo Regular/OT:script=hani;
[WARNING] Missing character: There is no 상 (U+C0C1) (U+C0C1) in font Menlo Regular/OT:script=hani;
[WARNING] Missing character: There is no 태 (U+D0DC) (U+D0DC) in font Menlo Regular/OT:script=hani;
[WARNING] Missing character: There is no 수 (U+C218) (U+C218) in font Menlo Regular/OT:script=hani;
[WARNING] Missing character: There is no 집 (U+C9D1) (U+C9D1) in font Menlo Regular/OT:script=hani;
[WARNING] Missing character: There is no 진 (U+C9C4) (U+C9C4) in font Menlo Regular/OT:script=hani;
[WARNING] Missing character: There is no 단 (U+B2E8) (U+B2E8) in font Menlo Regular/OT:script=hani;
[WARNING] Missing character: There is no 약 (U+C57D) (U+C57D) in font Menlo Regular/OT:script=hani;
[WARNING] Missing character: There is no 점 (U+C810) (U+C810) in font Menlo Regular/OT:script=hani;
[WARNING] Missing character: There is no 식 (U+C2DD) (U+C2DD) in font Menlo Regular/OT:script=hani;
[WARNING] Missing character: There is no 별 (U+BCC4) (U+BCC4) in font Menlo Regular/OT:script=hani;
[WARNING] Missing character: There is no 집 (U+C9D1) (U+C9D1) in font Menlo Regular/OT:script=hani;
[WARNING] Missing character: There is no 행 (U+D589) (U+D589) in font Menlo Regular/OT:script=hani;
[WARNING] Missing character: There is no 수 (U+C218) (U+C218) in font Menlo Regular/OT:script=hani;
[WARNING] Missing character: There is no 정 (U+C815) (U+C815) in font Menlo Regular/OT:script=hani;
[WARNING] Missing character: There is no 커 (U+CEE4) (U+CEE4) in font Menlo Regular/OT:script=hani;
[WARNING] Missing character: There is no 밋 (U+BC0B) (U+BC0B) in font Menlo Regular/OT:script=hani;
[WARNING] Missing character: There is no 검 (U+AC80) (U+AC80) in font Menlo Regular/OT:script=hani;
[WARNING] Missing character: There is no 증 (U+C99D) (U+C99D) in font Menlo Regular/OT:script=hani;
[WARNING] Missing character: There is no 테 (U+D14C) (U+D14C) in font Menlo Regular/OT:script=hani;
[WARNING] Missing character: There is no 스 (U+C2A4) (U+C2A4) in font Menlo Regular/OT:script=hani;
[WARNING] Missing character: There is no 트 (U+D2B8) (U+D2B8) in font Menlo Regular/OT:script=hani;
[WARNING] Missing character: There is no 레 (U+B808) (U+B808) in font Menlo Regular/OT:script=hani;
[WARNING] Missing character: There is no 지 (U+C9C0) (U+C9C0) in font Menlo Regular/OT:script=hani;
[WARNING] Missing character: There is no 스 (U+C2A4) (U+C2A4) in font Menlo Regular/OT:script=hani;
[WARNING] Missing character: There is no 트 (U+D2B8) (U+D2B8) in font Menlo Regular/OT:script=hani;
[WARNING] Missing character: There is no 리 (U+B9AC) (U+B9AC) in font Menlo Regular/OT:script=hani;
[WARNING] Missing character: There is no 정 (U+C815) (U+C815) in font Menlo Regular/OT:script=hani;
[WARNING] Missing character: There is no 합 (U+D569) (U+D569) in font Menlo Regular/OT:script=hani;
[WARNING] Missing character: There is no 문 (U+BB38) (U+BB38) in font Menlo Regular/OT:script=hani;
[WARNING] Missing character: There is no 서 (U+C11C) (U+C11C) in font Menlo Regular/OT:script=hani;
[WARNING] Missing character: There is no 동 (U+B3D9) (U+B3D9) in font Menlo Regular/OT:script=hani;
[WARNING] Missing character: There is no 기 (U+AE30) (U+AE30) in font Menlo Regular/OT:script=hani;
[WARNING] Missing character: There is no 화 (U+D654) (U+D654) in font Menlo Regular/OT:script=hani;
[WARNING] Missing character: There is no 커 (U+CEE4) (U+CEE4) in font Menlo Regular/OT:script=hani;
[WARNING] Missing character: There is no 밋 (U+BC0B) (U+BC0B) in font Menlo Regular/OT:script=hani;
[WARNING] Missing character: There is no 메 (U+BA54) (U+BA54) in font Menlo Regular/OT:script=hani;
[WARNING] Missing character: There is no 시 (U+C2DC) (U+C2DC) in font Menlo Regular/OT:script=hani;
[WARNING] Missing character: There is no 지 (U+C9C0) (U+C9C0) in font Menlo Regular/OT:script=hani;
[WARNING] Missing character: There is no 품 (U+D488) (U+D488) in font Menlo Regular/OT:script=hani;
[WARNING] Missing character: There is no 질 (U+C9C8) (U+C9C8) in font Menlo Regular/OT:script=hani;
[WARNING] Missing character: There is no 테 (U+D14C) (U+D14C) in font Menlo Regular/OT:script=hani;
[WARNING] Missing character: There is no 스 (U+C2A4) (U+C2A4) in font Menlo Regular/OT:script=hani;
[WARNING] Missing character: There is no 트 (U+D2B8) (U+D2B8) in font Menlo Regular/OT:script=hani;
[WARNING] Missing character: There is no 커 (U+CEE4) (U+CEE4) in font Menlo Regular/OT:script=hani;
[WARNING] Missing character: There is no 버 (U+BC84) (U+BC84) in font Menlo Regular/OT:script=hani;
[WARNING] Missing character: There is no 리 (U+B9AC) (U+B9AC) in font Menlo Regular/OT:script=hani;
[WARNING] Missing character: There is no 지 (U+C9C0) (U+C9C0) in font Menlo Regular/OT:script=hani;
[WARNING] Missing character: There is no 엔 (U+C5D4) (U+C5D4) in font Menlo Regular/OT:script=hani;
[WARNING] Missing character: There is no 진 (U+C9C4) (U+C9C4) in font Menlo Regular/OT:script=hani;
[WARNING] Missing character: There is no 상 (U+C0C1) (U+C0C1) in font Menlo Regular/OT:script=hani;
[WARNING] Missing character: There is no 태 (U+D0DC) (U+D0DC) in font Menlo Regular/OT:script=hani;
[WARNING] Missing character: There is no 등 (U+B4F1) (U+B4F1) in font Menlo Regular/OT:script=hani;
[WARNING] Missing character: There is no 급 (U+AE09) (U+AE09) in font Menlo Regular/OT:script=hani;
[WARNING] Missing character: There is no 증 (U+C99D) (U+C99D) in font Menlo Regular/OT:script=hani;
[WARNING] Missing character: There is no 명 (U+BA85) (U+BA85) in font Menlo Regular/OT:script=hani;
[WARNING] Missing character: There is no 사 (U+C0AC) (U+C0AC) in font Menlo Regular/OT:script=hani;
[WARNING] Missing character: There is no 슬 (U+C2AC) (U+C2AC) in font Menlo Regular/OT:script=hani;
[WARNING] Missing character: There is no 매 (U+B9E4) (U+B9E4) in font Menlo Regular/OT:script=hani;
[WARNING] Missing character: There is no 핑 (U+D551) (U+D551) in font Menlo Regular/OT:script=hani;
[WARNING] Missing character: There is no 논 (U+B17C) (U+B17C) in font Menlo Regular/OT:script=hani;
[WARNING] Missing character: There is no 문 (U+BB38) (U+BB38) in font Menlo Regular/OT:script=hani;
[WARNING] Missing character: There is no 체 (U+CCB4) (U+CCB4) in font Menlo Regular/OT:script=hani;
[WARNING] Missing character: There is no 인 (U+C778) (U+C778) in font Menlo Regular/OT:script=hani;
[WARNING] Missing character: There is no 칩 (U+CE69) (U+CE69) in font Menlo Regular/OT:script=hani;
[WARNING] Missing character: There is no 스 (U+C2A4) (U+C2A4) in font Menlo Regular/OT:script=hani;
[WARNING] Missing character: There is no 펙 (U+D399) (U+D399) in font Menlo Regular/OT:script=hani;
[WARNING] Missing character: There is no 진 (U+C9C4) (U+C9C4) in font Menlo Regular/OT:script=hani;
[WARNING] Missing character: There is no 행 (U+D589) (U+D589) in font Menlo Regular/OT:script=hani;
[WARNING] Missing character: There is no 도 (U+B3C4) (U+B3C4) in font Menlo Regular/OT:script=hani;
[WARNING] Missing character: There is no 성 (U+C131) (U+C131) in font Menlo Regular/OT:script=hani;
[WARNING] Missing character: There is no 장 (U+C7A5) (U+C7A5) in font Menlo Regular/OT:script=hani;
[WARNING] Missing character: There is no 데 (U+B370) (U+B370) in font Menlo Regular/OT:script=hani;
[WARNING] Missing character: There is no 몬 (U+BAAC) (U+BAAC) in font Menlo Regular/OT:script=hani;
[WARNING] Missing character: There is no 건 (U+AC74) (U+AC74) in font Menlo Regular/OT:script=hani;
[WARNING] Missing character: There is no 강 (U+AC15) (U+AC15) in font Menlo Regular/OT:script=hani;
[WARNING] Missing character: There is no 도 (U+B3C4) (U+B3C4) in font Menlo Regular/OT:script=hani;
[WARNING] Missing character: There is no 관 (U+AD00) (U+AD00) in font Menlo Regular/OT:script=hani;
[WARNING] Missing character: There is no 문 (U+BB38) (U+BB38) in font Menlo Regular/OT:script=hani;
[WARNING] Missing character: There is no 위 (U+C704) (U+C704) in font Menlo Regular/OT:script=hani;
[WARNING] Missing character: There is no 반 (U+BC18) (U+BC18) in font Menlo Regular/OT:script=hani;
[WARNING] Missing character: There is no 채 (U+CC44) (U+CC44) in font Menlo Regular/OT:script=hani;
[WARNING] Missing character: There is no 널 (U+B110) (U+B110) in font Menlo Regular/OT:script=hani;
[WARNING] Missing character: There is no 상 (U+C0C1) (U+C0C1) in font Menlo Regular/OT:script=hani;
[WARNING] Missing character: There is no 한 (U+D55C) (U+D55C) in font Menlo Regular/OT:script=hani;
[WARNING] Missing character: There is no 위 (U+C704) (U+C704) in font Menlo Regular/OT:script=hani;
[WARNING] Missing character: There is no 반 (U+BC18) (U+BC18) in font Menlo Regular/OT:script=hani;
[WARNING] Missing character: There is no 방 (U+BC29) (U+BC29) in font Menlo Regular/OT:script=hani;
[WARNING] Missing character: There is no 향 (U+D5A5) (U+D5A5) in font Menlo Regular/OT:script=hani;
[WARNING] Missing character: There is no 위 (U+C704) (U+C704) in font Menlo Regular/OT:script=hani;
[WARNING] Missing character: There is no 반 (U+BC18) (U+BC18) in font Menlo Regular/OT:script=hani;
