[WARNING] Missing character: There is no 즉 (U+C989) (U+C989) in font Menlo Regular/OT:script=hani;
[WARNING] Missing character: There is no 시 (U+C2DC) (U+C2DC) in font Menlo Regular/OT:script=hani;
[WARNING] Missing character: There is no 해 (U+D574) (U+D574) in font Menlo Regular/OT:script=hani;
[WARNING] Missing character: There is no 소 (U+C18C) (U+C18C) in font Menlo Regular/OT:script=hani;
[WARNING] Missing character: There is no 완 (U+C644) (U+C644) in font Menlo Regular/OT:script=hani;
[WARNING] Missing character: There is no 료 (U+B8CC) (U+B8CC) in font Menlo Regular/OT:script=hani;
[WARNING] Missing character: There is no 완 (U+C644) (U+C644) in font Menlo Regular/OT:script=hani;
[WARNING] Missing character: There is no 료 (U+B8CC) (U+B8CC) in font Menlo Regular/OT:script=hani;
[WARNING] Missing character: There is no 단 (U+B2E8) (U+B2E8) in font Menlo Regular/OT:script=hani;
[WARNING] Missing character: There is no 기 (U+AE30) (U+AE30) in font Menlo Regular/OT:script=hani;
[WARNING] Missing character: There is no 해 (U+D574) (U+D574) in font Menlo Regular/OT:script=hani;
[WARNING] Missing character: There is no 소 (U+C18C) (U+C18C) in font Menlo Regular/OT:script=hani;
[WARNING] Missing character: There is no 재 (U+C7AC) (U+C7AC) in font Menlo Regular/OT:script=hani;
[WARNING] Missing character: There is no 실 (U+C2E4) (U+C2E4) in font Menlo Regular/OT:script=hani;
[WARNING] Missing character: There is no 행 (U+D589) (U+D589) in font Menlo Regular/OT:script=hani;
[WARNING] Missing character: There is no 셀 (U+C140) (U+C140) in font Menlo Regular/OT:script=hani;
[WARNING] Missing character: There is no 유 (U+C720) (U+C720) in font Menlo Regular/OT:script=hani;
[WARNING] Missing character: There is no 유 (U+C720) (U+C720) in font Menlo Regular/OT:script=hani;
[WARNING] Missing character: There is no 유 (U+C720) (U+C720) in font Menlo Regular/OT:script=hani;
[WARNING] Missing character: There is no 지 (U+C9C0) (U+C9C0) in font Menlo Regular/OT:script=hani;
[WARNING] Missing character: There is no 장 (U+C7A5) (U+C7A5) in font Menlo Regular/OT:script=hani;
[WARNING] Missing character: There is no 장 (U+C7A5) (U+C7A5) in font Menlo Regular/OT:script=hani;
[WARNING] Missing character: There is no 장 (U+C7A5) (U+C7A5) in font Menlo Regular/OT:script=hani;
[WARNING] Missing character: There is no 기 (U+AE30) (U+AE30) in font Menlo Regular/OT:script=hani;
[WARNING] Missing character: There is no 과 (U+ACFC) (U+ACFC) in font Menlo Regular/OT:script=hani;
[WARNING] Missing character: There is no 제 (U+C81C) (U+C81C) in font Menlo Regular/OT:script=hani;
[WARNING] Missing character: There is no 확 (U+D655) (U+D655) in font Menlo Regular/OT:script=hani;
[WARNING] Missing character: There is no 보 (U+BCF4) (U+BCF4) in font Menlo Regular/OT:script=hani;
[WARNING] Missing character: There is no 재 (U+C7AC) (U+C7AC) in font Menlo Regular/OT:script=hani;
[WARNING] Missing character: There is no 설 (U+C124) (U+C124) in font Menlo Regular/OT:script=hani;
[WARNING] Missing character: There is no 계 (U+ACC4) (U+ACC4) in font Menlo Regular/OT:script=hani;
[WARNING] Missing character: There is no 커 (U+CEE4) (U+CEE4) in font Menlo Regular/OT:script=hani;
[WARNING] Missing character: There is no 밋 (U+BC0B) (U+BC0B) in font Menlo Regular/OT:script=hani;
[WARNING] Missing character: There is no 로 (U+B85C) (U+B85C) in font Menlo Regular/OT:script=hani;
[WARNING] Missing character: There is no 그 (U+ADF8) (U+ADF8) in font Menlo Regular/OT:script=hani;
[WARNING] Missing character: There is no 에 (U+C5D0) (U+C5D0) in font Menlo Regular/OT:script=hani;
[WARNING] Missing character: There is no 서 (U+C11C) (U+C11C) in font Menlo Regular/OT:script=hani;
[WARNING] Missing character: There is no 오 (U+C624) (U+C624) in font Menlo Regular/OT:script=hani;
[WARNING] Missing character: There is no 정 (U+C815) (U+C815) in font Menlo Regular/OT:script=hani;
[WARNING] Missing character: There is no 보 (U+BCF4) (U+BCF4) in font Menlo Regular/OT:script=hani;
[WARNING] Missing character: There is no 확 (U+D655) (U+D655) in font Menlo Regular/OT:script=hani;
[WARNING] Missing character: There is no 인 (U+C778) (U+C778) in font Menlo Regular/OT:script=hani;
[WARNING] Missing character: There is no 빌 (U+BE4C) (U+BE4C) in font Menlo Regular/OT:script=hani;
[WARNING] Missing character: There is no 드 (U+B4DC) (U+B4DC) in font Menlo Regular/OT:script=hani;
[WARNING] Missing character: There is no 경 (U+ACBD) (U+ACBD) in font Menlo Regular/OT:script=hani;
[WARNING] Missing character: There is no 로 (U+B85C) (U+B85C) in font Menlo Regular/OT:script=hani;
[WARNING] Missing character: There is no 에 (U+C5D0) (U+C5D0) in font Menlo Regular/OT:script=hani;
[WARNING] Missing character: There is no 가 (U+AC00) (U+AC00) in font Menlo Regular/OT:script=hani;
[WARNING] Missing character: There is no 불 (U+BD88) (U+BD88) in font Menlo Regular/OT:script=hani;
[WARNING] Missing character: There is no 필 (U+D544) (U+D544) in font Menlo Regular/OT:script=hani;
[WARNING] Missing character: There is no 요 (U+C694) (U+C694) in font Menlo Regular/OT:script=hani;
[WARNING] Missing character: There is no 함 (U+D568) (U+D568) in font Menlo Regular/OT:script=hani;
[WARNING] Missing character: There is no 을 (U+C744) (U+C744) in font Menlo Regular/OT:script=hani;
[WARNING] Missing character: There is no 확 (U+D655) (U+D655) in font Menlo Regular/OT:script=hani;
[WARNING] Missing character: There is no 인 (U+C778) (U+C778) in font Menlo Regular/OT:script=hani;
[WARNING] Missing character: There is no 없 (U+C5C6) (U+C5C6) in font Menlo Regular/OT:script=hani;
[WARNING] Missing character: There is no 음 (U+C74C) (U+C74C) in font Menlo Regular/OT:script=hani;
[WARNING] Missing character: There is no 이 (U+C774) (U+C774) in font Menlo Regular/OT:script=hani;
[WARNING] Missing character: There is no 면 (U+BA74) (U+BA74) in font Menlo Regular/OT:script=hani;
[WARNING] Missing character: There is no 자 (U+C790) (U+C790) in font Menlo Regular/OT:script=hani;
[WARNING] Missing character: There is no 립 (U+B9BD) (U+B9BD) in font Menlo Regular/OT:script=hani;
[WARNING] Missing character: There is no 실 (U+C2E4) (U+C2E4) in font Menlo Regular/OT:script=hani;
[WARNING] Missing character: There is no 행 (U+D589) (U+D589) in font Menlo Regular/OT:script=hani;
[WARNING] Missing character: There is no 확 (U+D655) (U+D655) in font Menlo Regular/OT:script=hani;
[WARNING] Missing character: There is no 인 (U+C778) (U+C778) in font Menlo Regular/OT:script=hani;
[WARNING] Missing character: There is no 커 (U+CEE4) (U+CEE4) in font Menlo Regular/OT:script=hani;
[WARNING] Missing character: There is no 밋 (U+BC0B) (U+BC0B) in font Menlo Regular/OT:script=hani;
[WARNING] Missing character: There is no 에 (U+C5D0) (U+C5D0) in font Menlo Regular/OT:script=hani;
[WARNING] Missing character: There is no 서 (U+C11C) (U+C11C) in font Menlo Regular/OT:script=hani;
[WARNING] Missing character: There is no 만 (U+B9CC) (U+B9CC) in font Menlo Regular/OT:script=hani;
[WARNING] Missing character: There is no 실 (U+C2E4) (U+C2E4) in font Menlo Regular/OT:script=hani;
[WARNING] Missing character: There is no 행 (U+D589) (U+D589) in font Menlo Regular/OT:script=hani;
[WARNING] Missing character: There is no 한 (U+D55C) (U+D55C) in font Menlo Regular/OT:script=hani;
[WARNING] Missing character: There is no 기 (U+AE30) (U+AE30) in font Menlo Regular/OT:script=hani;
[WARNING] Missing character: There is no 록 (U+B85D) (U+B85D) in font Menlo Regular/OT:script=hani;
[WARNING] Missing character: There is no 확 (U+D655) (U+D655) in font Menlo Regular/OT:script=hani;
[WARNING] Missing character: There is no 인 (U+C778) (U+C778) in font Menlo Regular/OT:script=hani;
[WARNING] Missing character: There is no 파 (U+D30C) (U+D30C) in font Menlo Regular/OT:script=hani;
[WARNING] Missing character: There is no 일 (U+C77C) (U+C77C) in font Menlo Regular/OT:script=hani;
[WARNING] Missing character: There is no 이 (U+C774) (U+C774) in font Menlo Regular/OT:script=hani;
[WARNING] Missing character: There is no 가 (U+AC00) (U+AC00) in font Menlo Regular/OT:script=hani;
[WARNING] Missing character: There is no 능 (U+B2A5) (U+B2A5) in font Menlo Regular/OT:script=hani;
[WARNING] Missing character: There is no 함 (U+D568) (U+D568) in font Menlo Regular/OT:script=hani;
[WARNING] Missing character: There is no 을 (U+C744) (U+C744) in font Menlo Regular/OT:script=hani;
[WARNING] Missing character: There is no 확 (U+D655) (U+D655) in font Menlo Regular/OT:script=hani;
[WARNING] Missing character: There is no 인 (U+C778) (U+C778) in font Menlo Regular/OT:script=hani;
[WARNING] Missing character: There is no 의 (U+C758) (U+C758) in font Menlo Regular/OT:script=hani;
[WARNING] Missing character: There is no 컷 (U+CEF7) (U+CEF7) in font Menlo Regular/OT:script=hani;
[WARNING] Missing character: There is no 오 (U+C624) (U+C624) in font Menlo Regular/OT:script=hani;
[WARNING] Missing character: There is no 프 (U+D504) (U+D504) in font Menlo Regular/OT:script=hani;
[WARNING] Missing character: There is no 확 (U+D655) (U+D655) in font Menlo Regular/OT:script=hani;
[WARNING] Missing character: There is no 인 (U+C778) (U+C778) in font Menlo Regular/OT:script=hani;
[WARNING] Missing character: There is no 출 (U+CD9C) (U+CD9C) in font Menlo Regular/OT:script=hani;
[WARNING] Missing character: There is no 력 (U+B825) (U+B825) in font Menlo Regular/OT:script=hani;
[WARNING] Missing character: There is no 에 (U+C5D0) (U+C5D0) in font Menlo Regular/OT:script=hani;
[WARNING] Missing character: There is no 컷 (U+CEF7) (U+CEF7) in font Menlo Regular/OT:script=hani;
[WARNING] Missing character: There is no 오 (U+C624) (U+C624) in font Menlo Regular/OT:script=hani;
[WARNING] Missing character: There is no 프 (U+D504) (U+D504) in font Menlo Regular/OT:script=hani;
[WARNING] Missing character: There is no 확 (U+D655) (U+D655) in font Menlo Regular/OT:script=hani;
[WARNING] Missing character: There is no 인 (U+C778) (U+C778) in font Menlo Regular/OT:script=hani;
[WARNING] Missing character: There is no 현 (U+D604) (U+D604) in font Menlo Regular/OT:script=hani;
[WARNING] Missing character: There is no 재 (U+C7AC) (U+C7AC) in font Menlo Regular/OT:script=hani;
[WARNING] Missing character: There is no 최 (U+CD5C) (U+CD5C) in font Menlo Regular/OT:script=hani;
[WARNING] Missing character: There is no 대 (U+B300) (U+B300) in font Menlo Regular/OT:script=hani;
[WARNING] Missing character: There is no 항 (U+D56D) (U+D56D) in font Menlo Regular/OT:script=hani;
[WARNING] Missing character: There is no 상 (U+C0C1) (U+C0C1) in font Menlo Regular/OT:script=hani;
[WARNING] Missing character: There is no 귀 (U+ADC0) (U+ADC0) in font Menlo Regular/OT:script=hani;
[WARNING] Missing character: There is no 착 (U+CC29) (U+CC29) in font Menlo Regular/OT:script=hani;
[WARNING] Missing character: There is no 바 (U+BC14) (U+BC14) in font Menlo Regular/OT:script=hani;
[WARNING] Missing character: There is no 이 (U+C774) (U+C774) in font Menlo Regular/OT:script=hani;
[WARNING] Missing character: There is no 너 (U+B108) (U+B108) in font Menlo Regular/OT:script=hani;
[WARNING] Missing character: There is no 리 (U+B9AC) (U+B9AC) in font Menlo Regular/OT:script=hani;
[WARNING] Missing character: There is no 부 (U+BD80) (U+BD80) in font Menlo Regular/OT:script=hani;
[WARNING] Missing character: There is no 재 (U+C7AC) (U+C7AC) in font Menlo Regular/OT:script=hani;
[WARNING] Missing character: There is no 확 (U+D655) (U+D655) in font Menlo Regular/OT:script=hani;
[WARNING] Missing character: There is no 인 (U+C778) (U+C778) in font Menlo Regular/OT:script=hani;
[WARNING] Missing character: There is no 출 (U+CD9C) (U+CD9C) in font Menlo Regular/OT:script=hani;
[WARNING] Missing character: There is no 력 (U+B825) (U+B825) in font Menlo Regular/OT:script=hani;
[WARNING] Missing character: There is no 없 (U+C5C6) (U+C5C6) in font Menlo Regular/OT:script=hani;
[WARNING] Missing character: There is no 음 (U+C74C) (U+C74C) in font Menlo Regular/OT:script=hani;
[WARNING] Missing character: There is no 미 (U+BBF8) (U+BBF8) in font Menlo Regular/OT:script=hani;
[WARNING] Missing character: There is no 설 (U+C124) (U+C124) in font Menlo Regular/OT:script=hani;
[WARNING] Missing character: There is no 치 (U+CE58) (U+CE58) in font Menlo Regular/OT:script=hani;
[WARNING] Missing character: There is no 산 (U+C0B0) (U+C0B0) in font Menlo Regular/OT:script=hani;
[WARNING] Missing character: There is no 출 (U+CD9C) (U+CD9C) in font Menlo Regular/OT:script=hani;
[WARNING] Missing character: There is no 물 (U+BB3C) (U+BB3C) in font Menlo Regular/OT:script=hani;
[WARNING] Missing character: There is no 이 (U+C774) (U+C774) in font Menlo Regular/OT:script=hani;
[WARNING] Missing character: There is no 시 (U+C2DC) (U+C2DC) in font Menlo Regular/OT:script=hani;
[WARNING] Missing character: There is no 뮬 (U+BBAC) (U+BBAC) in font Menlo Regular/OT:script=hani;
[WARNING] Missing character: There is no 임 (U+C784) (U+C784) in font Menlo Regular/OT:script=hani;
[WARNING] Missing character: There is no 을 (U+C744) (U+C744) in font Menlo Regular/OT:script=hani;
[WARNING] Missing character: There is no 확 (U+D655) (U+D655) in font Menlo Regular/OT:script=hani;
[WARNING] Missing character: There is no 인 (U+C778) (U+C778) in font Menlo Regular/OT:script=hani;
[WARNING] Missing character: There is no 이 (U+C774) (U+C774) in font Menlo Regular/OT:script=hani;
[WARNING] Missing character: There is no 후 (U+D6C4) (U+D6C4) in font Menlo Regular/OT:script=hani;
[WARNING] Missing character: There is no 재 (U+C7AC) (U+C7AC) in font Menlo Regular/OT:script=hani;
[WARNING] Missing character: There is no 실 (U+C2E4) (U+C2E4) in font Menlo Regular/OT:script=hani;
[WARNING] Missing character: There is no 행 (U+D589) (U+D589) in font Menlo Regular/OT:script=hani;
[WARNING] Missing character: There is no 기 (U+AE30) (U+AE30) in font Menlo Regular/OT:script=hani;
[WARNING] Missing character: There is no 록 (U+B85D) (U+B85D) in font Menlo Regular/OT:script=hani;
[WARNING] Missing character: There is no 부 (U+BD80) (U+BD80) in font Menlo Regular/OT:script=hani;
[WARNING] Missing character: There is no 재 (U+C7AC) (U+C7AC) in font Menlo Regular/OT:script=hani;
[WARNING] Missing character: There is no 확 (U+D655) (U+D655) in font Menlo Regular/OT:script=hani;
[WARNING] Missing character: There is no 인 (U+C778) (U+C778) in font Menlo Regular/OT:script=hani;
[WARNING] Missing character: There is no 출 (U+CD9C) (U+CD9C) in font Menlo Regular/OT:script=hani;
[WARNING] Missing character: There is no 력 (U+B825) (U+B825) in font Menlo Regular/OT:script=hani;
[WARNING] Missing character: There is no 없 (U+C5C6) (U+C5C6) in font Menlo Regular/OT:script=hani;
[WARNING] Missing character: There is no 으 (U+C73C) (U+C73C) in font Menlo Regular/OT:script=hani;
[WARNING] Missing character: There is no 면 (U+BA74) (U+BA74) in font Menlo Regular/OT:script=hani;
[WARNING] Missing character: There is no 미 (U+BBF8) (U+BBF8) in font Menlo Regular/OT:script=hani;
[WARNING] Missing character: There is no 재 (U+C7AC) (U+C7AC) in font Menlo Regular/OT:script=hani;
[WARNING] Missing character: There is no 실 (U+C2E4) (U+C2E4) in font Menlo Regular/OT:script=hani;
[WARNING] Missing character: There is no 행 (U+D589) (U+D589) in font Menlo Regular/OT:script=hani;
[WARNING] Missing character: There is no 실 (U+C2E4) (U+C2E4) in font Menlo Regular/OT:script=hani;
[WARNING] Missing character: There is no 패 (U+D328) (U+D328) in font Menlo Regular/OT:script=hani;
[WARNING] Missing character: There is no 확 (U+D655) (U+D655) in font Menlo Regular/OT:script=hani;
[WARNING] Missing character: There is no 인 (U+C778) (U+C778) in font Menlo Regular/OT:script=hani;
[WARNING] Missing character: There is no 또 (U+B610) (U+B610) in font Menlo Regular/OT:script=hani;
[WARNING] Missing character: There is no 는 (U+B294) (U+B294) in font Menlo Regular/OT:script=hani;
[WARNING] Missing character: There is no 연 (U+C5F0) (U+C5F0) in font Menlo Regular/OT:script=hani;
[WARNING] Missing character: There is no 결 (U+ACB0) (U+ACB0) in font Menlo Regular/OT:script=hani;
[WARNING] Missing character: There is no 실 (U+C2E4) (U+C2E4) in font Menlo Regular/OT:script=hani;
[WARNING] Missing character: There is no 패 (U+D328) (U+D328) in font Menlo Regular/OT:script=hani;
[WARNING] Missing character: There is no 미 (U+BBF8) (U+BBF8) in font Menlo Regular/OT:script=hani;
[WARNING] Missing character: There is no 등 (U+B4F1) (U+B4F1) in font Menlo Regular/OT:script=hani;
[WARNING] Missing character: There is no 록 (U+B85D) (U+B85D) in font Menlo Regular/OT:script=hani;
[WARNING] Missing character: There is no 공 (U+ACF5) (U+ACF5) in font Menlo Regular/OT:script=hani;
[WARNING] Missing character: There is no 식 (U+C2DD) (U+C2DD) in font Menlo Regular/OT:script=hani;
[WARNING] Missing character: There is no 이 (U+C774) (U+C774) in font Menlo Regular/OT:script=hani;
[WARNING] Missing character: There is no 휴 (U+D734) (U+D734) in font Menlo Regular/OT:script=hani;
[WARNING] Missing character: There is no 리 (U+B9AC) (U+B9AC) in font Menlo Regular/OT:script=hani;
[WARNING] Missing character: There is no 스 (U+C2A4) (U+C2A4) in font Menlo Regular/OT:script=hani;
[WARNING] Missing character: There is no 틱 (U+D2F1) (U+D2F1) in font Menlo Regular/OT:script=hani;
[WARNING] Missing character: There is no 임 (U+C784) (U+C784) in font Menlo Regular/OT:script=hani;
[WARNING] Missing character: There is no 을 (U+C744) (U+C744) in font Menlo Regular/OT:script=hani;
[WARNING] Missing character: There is no 확 (U+D655) (U+D655) in font Menlo Regular/OT:script=hani;
[WARNING] Missing character: There is no 인 (U+C778) (U+C778) in font Menlo Regular/OT:script=hani;
[WARNING] Missing character: There is no 실 (U+C2E4) (U+C2E4) in font Menlo Regular/OT:script=hani;
[WARNING] Missing character: There is no 측 (U+CE21) (U+CE21) in font Menlo Regular/OT:script=hani;
[WARNING] Missing character: There is no 정 (U+C815) (U+C815) in font Menlo Regular/OT:script=hani;
[WARNING] Missing character: There is no 기 (U+AE30) (U+AE30) in font Menlo Regular/OT:script=hani;
[WARNING] Missing character: There is no 록 (U+B85D) (U+B85D) in font Menlo Regular/OT:script=hani;
[WARNING] Missing character: There is no 부 (U+BD80) (U+BD80) in font Menlo Regular/OT:script=hani;
[WARNING] Missing character: There is no 재 (U+C7AC) (U+C7AC) in font Menlo Regular/OT:script=hani;
[WARNING] Missing character: There is no 확 (U+D655) (U+D655) in font Menlo Regular/OT:script=hani;
[WARNING] Missing character: There is no 인 (U+C778) (U+C778) in font Menlo Regular/OT:script=hani;
[WARNING] Missing character: There is no 이 (U+C774) (U+C774) in font Menlo Regular/OT:script=hani;
[WARNING] Missing character: There is no 면 (U+BA74) (U+BA74) in font Menlo Regular/OT:script=hani;
[WARNING] Missing character: There is no 실 (U+C2E4) (U+C2E4) in font Menlo Regular/OT:script=hani;
[WARNING] Missing character: There is no 미 (U+BBF8) (U+BBF8) in font Menlo Regular/OT:script=hani;
[WARNING] Missing character: There is no 수 (U+C218) (U+C218) in font Menlo Regular/OT:script=hani;
[WARNING] Missing character: There is no 행 (U+D589) (U+D589) in font Menlo Regular/OT:script=hani;
[WARNING] Missing character: There is no 제 (U+C81C) (U+C81C) in font Menlo Regular/OT:script=hani;
[WARNING] Missing character: There is no 품 (U+D488) (U+D488) in font Menlo Regular/OT:script=hani;
[WARNING] Missing character: There is no 레 (U+B808) (U+B808) in font Menlo Regular/OT:script=hani;
[WARNING] Missing character: There is no 지 (U+C9C0) (U+C9C0) in font Menlo Regular/OT:script=hani;
[WARNING] Missing character: There is no 스 (U+C2A4) (U+C2A4) in font Menlo Regular/OT:script=hani;
[WARNING] Missing character: There is no 트 (U+D2B8) (U+D2B8) in font Menlo Regular/OT:script=hani;
[WARNING] Missing character: There is no 리 (U+B9AC) (U+B9AC) in font Menlo Regular/OT:script=hani;
[WARNING] Missing character: There is no 에 (U+C5D0) (U+C5D0) in font Menlo Regular/OT:script=hani;
[WARNING] Missing character: There is no 미 (U+BBF8) (U+BBF8) in font Menlo Regular/OT:script=hani;
[WARNING] Missing character: There is no 반 (U+BC18) (U+BC18) in font Menlo Regular/OT:script=hani;
[WARNING] Missing character: There is no 영 (U+C601) (U+C601) in font Menlo Regular/OT:script=hani;
[WARNING] Missing character: There is no 확 (U+D655) (U+D655) in font Menlo Regular/OT:script=hani;
[WARNING] Missing character: There is no 인 (U+C778) (U+C778) in font Menlo Regular/OT:script=hani;
[WARNING] Missing character: There is no 필 (U+D544) (U+D544) in font Menlo Regular/OT:script=hani;
[WARNING] Missing character: There is no 드 (U+B4DC) (U+B4DC) in font Menlo Regular/OT:script=hani;
[WARNING] Missing character: There is no 최 (U+CD5C) (U+CD5C) in font Menlo Regular/OT:script=hani;
[WARNING] Missing character: There is no 대 (U+B300) (U+B300) in font Menlo Regular/OT:script=hani;
[WARNING] Missing character: There is no 값 (U+AC12) (U+AC12) in font Menlo Regular/OT:script=hani;
[WARNING] Missing character: There is no 확 (U+D655) (U+D655) in font Menlo Regular/OT:script=hani;
[WARNING] Missing character: There is no 인 (U+C778) (U+C778) in font Menlo Regular/OT:script=hani;
[WARNING] Missing character: There is no 미 (U+BBF8) (U+BBF8) in font Menlo Regular/OT:script=hani;
[WARNING] Missing character: There is no 만 (U+B9CC) (U+B9CC) in font Menlo Regular/OT:script=hani;
[WARNING] Missing character: There is no 이 (U+C774) (U+C774) in font Menlo Regular/OT:script=hani;
[WARNING] Missing character: There is no 면 (U+BA74) (U+BA74) in font Menlo Regular/OT:script=hani;
[WARNING] Missing character: There is no 계 (U+ACC4) (U+ACC4) in font Menlo Regular/OT:script=hani;
[WARNING] Missing character: There is no 획 (U+D68D) (U+D68D) in font Menlo Regular/OT:script=hani;
[WARNING] Missing character: There is no 값 (U+AC12) (U+AC12) in font Menlo Regular/OT:script=hani;
[WARNING] Missing character: There is no 미 (U+BBF8) (U+BBF8) in font Menlo Regular/OT:script=hani;
[WARNING] Missing character: There is no 반 (U+BC18) (U+BC18) in font Menlo Regular/OT:script=hani;
[WARNING] Missing character: There is no 영 (U+C601) (U+C601) in font Menlo Regular/OT:script=hani;
[WARNING] Missing character: There is no 감 (U+AC10) (U+AC10) in font Menlo Regular/OT:script=hani;
[WARNING] Missing character: There is no 사 (U+C0AC) (U+C0AC) in font Menlo Regular/OT:script=hani;
[WARNING] Missing character: There is no 결 (U+ACB0) (U+ACB0) in font Menlo Regular/OT:script=hani;
[WARNING] Missing character: There is no 과 (U+ACFC) (U+ACFC) in font Menlo Regular/OT:script=hani;
[WARNING] Missing character: There is no 확 (U+D655) (U+D655) in font Menlo Regular/OT:script=hani;
[WARNING] Missing character: There is no 인 (U+C778) (U+C778) in font Menlo Regular/OT:script=hani;
[WARNING] Missing character: There is no 확 (U+D655) (U+D655) in font Menlo Regular/OT:script=hani;
[WARNING] Missing character: There is no 인 (U+C778) (U+C778) in font Menlo Regular/OT:script=hani;
