[WARNING] Missing character: There is no ₀ (U+2080) (U+2080) in font Apple SD Gothic Neo Regular/O
[WARNING] Missing character: There is no 가 (U+AC00) (U+AC00) in font Menlo Regular/OT:script=hani;
[WARNING] Missing character: There is no 설 (U+C124) (U+C124) in font Menlo Regular/OT:script=hani;
[WARNING] Missing character: There is no 총 (U+CD1D) (U+CD1D) in font Menlo Regular/OT:script=hani;
[WARNING] Missing character: There is no 가 (U+AC00) (U+AC00) in font Menlo Regular/OT:script=hani;
[WARNING] Missing character: There is no 설 (U+C124) (U+C124) in font Menlo Regular/OT:script=hani;
[WARNING] Missing character: There is no 건 (U+AC74) (U+AC74) in font Menlo Regular/OT:script=hani;
[WARNING] Missing character: There is no 분 (U+BD84) (U+BD84) in font Menlo Regular/OT:script=hani;
[WARNING] Missing character: There is no 포 (U+D3EC) (U+D3EC) in font Menlo Regular/OT:script=hani;
[WARNING] Missing character: There is no 분 (U+BD84) (U+BD84) in font Menlo Regular/OT:script=hani;
[WARNING] Missing character: There is no 포 (U+D3EC) (U+D3EC) in font Menlo Regular/OT:script=hani;
[WARNING] Missing character: There is no 분 (U+BD84) (U+BD84) in font Menlo Regular/OT:script=hani;
[WARNING] Missing character: There is no 포 (U+D3EC) (U+D3EC) in font Menlo Regular/OT:script=hani;
[WARNING] Missing character: There is no 기 (U+AE30) (U+AE30) in font Menlo Regular/OT:script=hani;
[WARNING] Missing character: There is no 타 (U+D0C0) (U+D0C0) in font Menlo Regular/OT:script=hani;
[WARNING] Missing character: There is no ᵢ (U+1D62) (U+1D62) in font Apple SD Gothic Neo Regular/O
[WARNING] Missing character: There is no ₀ (U+2080) (U+2080) in font Apple SD Gothic Neo Regular/O
[WARNING] Missing character: There is no ᵢ (U+1D62) (U+1D62) in font Apple SD Gothic Neo Regular/O
[WARNING] Missing character: There is no ᵢ (U+1D62) (U+1D62) in font Apple SD Gothic Neo Regular/O
[WARNING] Missing character: There is no ᵢ (U+1D62) (U+1D62) in font Apple SD Gothic Neo Regular/O
[WARNING] Missing character: There is no ᵢ (U+1D62) (U+1D62) in font Apple SD Gothic Neo Regular/O
[WARNING] Missing character: There is no ᵢ (U+1D62) (U+1D62) in font Apple SD Gothic Neo Regular/O
[WARNING] Missing character: There is no 우 (U+C6B0) (U+C6B0) in font Menlo Regular/OT:script=hani;
[WARNING] Missing character: There is no 승 (U+C2B9) (U+C2B9) in font Menlo Regular/OT:script=hani;
[WARNING] Missing character: There is no 확 (U+D655) (U+D655) in font Menlo Regular/OT:script=hani;
[WARNING] Missing character: There is no 률 (U+B960) (U+B960) in font Menlo Regular/OT:script=hani;
[WARNING] Missing character: There is no 가 (U+AC00) (U+AC00) in font Menlo Italic/OT:script=hani;l
[WARNING] Missing character: There is no 설 (U+C124) (U+C124) in font Menlo Italic/OT:script=hani;l
[WARNING] Missing character: There is no 건 (U+AC74) (U+AC74) in font Menlo Italic/OT:script=hani;l
[WARNING] Missing character: There is no 시 (U+C2DC) (U+C2DC) in font Menlo Italic/OT:script=hani;l
[WARNING] Missing character: There is no 뮬 (U+BBAC) (U+BBAC) in font Menlo Italic/OT:script=hani;l
[WARNING] Missing character: There is no 레 (U+B808) (U+B808) in font Menlo Italic/OT:script=hani;l
[WARNING] Missing character: There is no 이 (U+C774) (U+C774) in font Menlo Italic/OT:script=hani;l
[WARNING] Missing character: There is no 션 (U+C158) (U+C158) in font Menlo Italic/OT:script=hani;l
[WARNING] Missing character: There is no 축 (U+CD95) (U+CD95) in font Menlo Italic/OT:script=hani;l
[WARNING] Missing character: There is no 소 (U+C18C) (U+C18C) in font Menlo Italic/OT:script=hani;l
[WARNING] Missing character: There is no 판 (U+D310) (U+D310) in font Menlo Italic/OT:script=hani;l
[WARNING] Missing character: There is no 회 (U+D68C) (U+D68C) in font Menlo Italic/OT:script=hani;l
[WARNING] Missing character: There is no 각 (U+AC01) (U+AC01) in font Menlo Italic/OT:script=hani;l
[WARNING] Missing character: There is no 가 (U+AC00) (U+AC00) in font Menlo Italic/OT:script=hani;l
[WARNING] Missing character: There is no 설 (U+C124) (U+C124) in font Menlo Italic/OT:script=hani;l
[WARNING] Missing character: There is no 의 (U+C758) (U+C758) in font Menlo Italic/OT:script=hani;l
[WARNING] Missing character: There is no 우 (U+C6B0) (U+C6B0) in font Menlo Italic/OT:script=hani;l
[WARNING] Missing character: There is no 승 (U+C2B9) (U+C2B9) in font Menlo Italic/OT:script=hani;l
[WARNING] Missing character: There is no 확 (U+D655) (U+D655) in font Menlo Italic/OT:script=hani;l
[WARNING] Missing character: There is no 률 (U+B960) (U+B960) in font Menlo Italic/OT:script=hani;l
[WARNING] Missing character: There is no 실 (U+C2E4) (U+C2E4) in font Menlo Italic/OT:script=hani;l
[WARNING] Missing character: There is no 측 (U+CE21) (U+CE21) in font Menlo Italic/OT:script=hani;l
[WARNING] Missing character: There is no 분 (U+BD84) (U+BD84) in font Menlo Italic/OT:script=hani;l
[WARNING] Missing character: There is no 포 (U+D3EC) (U+D3EC) in font Menlo Italic/OT:script=hani;l
[WARNING] Missing character: There is no 모 (U+BAA8) (U+BAA8) in font Menlo Italic/OT:script=hani;l
[WARNING] Missing character: There is no 사 (U+C0AC) (U+C0AC) in font Menlo Italic/OT:script=hani;l
[WARNING] Missing character: There is no 이 (U+C774) (U+C774) in font Menlo Italic/OT:script=hani;l
[WARNING] Missing character: There is no 특 (U+D2B9) (U+D2B9) in font Menlo Italic/OT:script=hani;l
[WARNING] Missing character: There is no 별 (U+BCC4) (U+BCC4) in font Menlo Italic/OT:script=hani;l
[WARNING] Missing character: There is no 하 (U+D558) (U+D558) in font Menlo Italic/OT:script=hani;l
[WARNING] Missing character: There is no 다 (U+B2E4) (U+B2E4) in font Menlo Italic/OT:script=hani;l
[WARNING] Missing character: There is no 는 (U+B294) (U+B294) in font Menlo Italic/OT:script=hani;l
[WARNING] Missing character: There is no 효 (U+D6A8) (U+D6A8) in font Menlo Italic/OT:script=hani;l
[WARNING] Missing character: There is no 과 (U+ACFC) (U+ACFC) in font Menlo Italic/OT:script=hani;l
[WARNING] Missing character: There is no 우 (U+C6B0) (U+C6B0) in font Menlo Italic/OT:script=hani;l
[WARNING] Missing character: There is no 승 (U+C2B9) (U+C2B9) in font Menlo Italic/OT:script=hani;l
[WARNING] Missing character: There is no 률 (U+B960) (U+B960) in font Menlo Italic/OT:script=hani;l
[WARNING] Missing character: There is no 실 (U+C2E4) (U+C2E4) in font Menlo Italic/OT:script=hani;l
[WARNING] Missing character: There is no 측 (U+CE21) (U+CE21) in font Menlo Italic/OT:script=hani;l
[WARNING] Missing character: There is no 분 (U+BD84) (U+BD84) in font Menlo Italic/OT:script=hani;l
[WARNING] Missing character: There is no 포 (U+D3EC) (U+D3EC) in font Menlo Italic/OT:script=hani;l
[WARNING] Missing character: There is no 평 (U+D3C9) (U+D3C9) in font Menlo Italic/OT:script=hani;l
[WARNING] Missing character: There is no 균 (U+ADE0) (U+ADE0) in font Menlo Italic/OT:script=hani;l
[WARNING] Missing character: There is no 표 (U+D45C) (U+D45C) in font Menlo Italic/OT:script=hani;l
[WARNING] Missing character: There is no 준 (U+C900) (U+C900) in font Menlo Italic/OT:script=hani;l
[WARNING] Missing character: There is no 편 (U+D3B8) (U+D3B8) in font Menlo Italic/OT:script=hani;l
[WARNING] Missing character: There is no 차 (U+CC28) (U+CC28) in font Menlo Italic/OT:script=hani;l
[WARNING] Missing character: There is no 계 (U+ACC4) (U+ACC4) in font Menlo Italic/OT:script=hani;l
[WARNING] Missing character: There is no 산 (U+C0B0) (U+C0B0) in font Menlo Italic/OT:script=hani;l
[WARNING] Missing character: There is no 임 (U+C784) (U+C784) in font Menlo Italic/OT:script=hani;l
[WARNING] Missing character: There is no 의 (U+C758) (U+C758) in font Menlo Italic/OT:script=hani;l
[WARNING] Missing character: There is no 선 (U+C120) (U+C120) in font Menlo Italic/OT:script=hani;l
[WARNING] Missing character: There is no 택 (U+D0DD) (U+D0DD) in font Menlo Italic/OT:script=hani;l
[WARNING] Missing character: There is no 시 (U+C2DC) (U+C2DC) in font Menlo Italic/OT:script=hani;l
[WARNING] Missing character: There is no 선 (U+C120) (U+C120) in font Menlo Italic/OT:script=hani;l
[WARNING] Missing character: There is no 택 (U+D0DD) (U+D0DD) in font Menlo Italic/OT:script=hani;l
[WARNING] Missing character: There is no 지 (U+C9C0) (U+C9C0) in font Menlo Italic/OT:script=hani;l
[WARNING] Missing character: There is no 가 (U+AC00) (U+AC00) in font Menlo Regular/OT:script=hani;
[WARNING] Missing character: There is no 설 (U+C124) (U+C124) in font Menlo Regular/OT:script=hani;
[WARNING] Missing character: There is no 수 (U+C218) (U+C218) in font Menlo Regular/OT:script=hani;
[WARNING] Missing character: There is no 샘 (U+C0D8) (U+C0D8) in font Menlo Regular/OT:script=hani;
[WARNING] Missing character: There is no 플 (U+D50C) (U+D50C) in font Menlo Regular/OT:script=hani;
[WARNING] Missing character: There is no 평 (U+D3C9) (U+D3C9) in font Menlo Regular/OT:script=hani;
[WARNING] Missing character: There is no 균 (U+ADE0) (U+ADE0) in font Menlo Regular/OT:script=hani;
[WARNING] Missing character: There is no 우 (U+C6B0) (U+C6B0) in font Menlo Regular/OT:script=hani;
[WARNING] Missing character: There is no 승 (U+C2B9) (U+C2B9) in font Menlo Regular/OT:script=hani;
[WARNING] Missing character: There is no 률 (U+B960) (U+B960) in font Menlo Regular/OT:script=hani;
[WARNING] Missing character: There is no 정 (U+C815) (U+C815) in font Menlo Italic/OT:script=hani;l
[WARNING] Missing character: There is no 규 (U+ADDC) (U+ADDC) in font Menlo Italic/OT:script=hani;l
[WARNING] Missing character: There is no 분 (U+BD84) (U+BD84) in font Menlo Italic/OT:script=hani;l
[WARNING] Missing character: There is no 포 (U+D3EC) (U+D3EC) in font Menlo Italic/OT:script=hani;l
[WARNING] Missing character: There is no 근 (U+ADFC) (U+ADFC) in font Menlo Italic/OT:script=hani;l
[WARNING] Missing character: There is no 사 (U+C0AC) (U+C0AC) in font Menlo Italic/OT:script=hani;l
[WARNING] Missing character: There is no 꼬 (U+AF2C) (U+AF2C) in font Menlo Italic/OT:script=hani;l
[WARNING] Missing character: There is no 리 (U+B9AC) (U+B9AC) in font Menlo Italic/OT:script=hani;l
[WARNING] Missing character: There is no 확 (U+D655) (U+D655) in font Menlo Italic/OT:script=hani;l
[WARNING] Missing character: There is no 률 (U+B960) (U+B960) in font Menlo Italic/OT:script=hani;l
[WARNING] Missing character: There is no 결 (U+ACB0) (U+ACB0) in font Menlo Italic/OT:script=hani;l
[WARNING] Missing character: There is no 과 (U+ACFC) (U+ACFC) in font Menlo Italic/OT:script=hani;l
[WARNING] Missing character: There is no 평 (U+D3C9) (U+D3C9) in font Menlo Italic/OT:script=hani;l
[WARNING] Missing character: There is no 균 (U+ADE0) (U+ADE0) in font Menlo Italic/OT:script=hani;l
[WARNING] Missing character: There is no 유 (U+C720) (U+C720) in font Menlo Regular/OT:script=hani;
[WARNING] Missing character: There is no 의 (U+C758) (U+C758) in font Menlo Regular/OT:script=hani;
[WARNING] Missing character: There is no 성 (U+C131) (U+C131) in font Menlo Regular/OT:script=hani;
[WARNING] Missing character: There is no 부 (U+BD80) (U+BD80) in font Menlo Regular/OT:script=hani;
[WARNING] Missing character: There is no 족 (U+C871) (U+C871) in font Menlo Regular/OT:script=hani;
[WARNING] Missing character: There is no ⁰ (U+2070) (U+2070) in font Apple SD Gothic Neo Regular/O
[WARNING] Missing character: There is no 후 (U+D6C4) (U+D6C4) in font Menlo Regular/OT:script=hani;
[WARNING] Missing character: There is no 보 (U+BCF4) (U+BCF4) in font Menlo Regular/OT:script=hani;
[WARNING] Missing character: There is no 별 (U+BCC4) (U+BCC4) in font Menlo Regular/OT:script=hani;
[WARNING] Missing character: There is no 가 (U+AC00) (U+AC00) in font Menlo Regular/OT:script=hani;
[WARNING] Missing character: There is no 설 (U+C124) (U+C124) in font Menlo Regular/OT:script=hani;
[WARNING] Missing character: There is no 설 (U+C124) (U+C124) in font Menlo Regular/OT:script=hani;
[WARNING] Missing character: There is no 명 (U+BA85) (U+BA85) in font Menlo Regular/OT:script=hani;
[WARNING] Missing character: There is no 률 (U+B960) (U+B960) in font Menlo Regular/OT:script=hani;
[WARNING] Missing character: There is no 가 (U+AC00) (U+AC00) in font Menlo Regular/OT:script=hani;
[WARNING] Missing character: There is no 설 (U+C124) (U+C124) in font Menlo Regular/OT:script=hani;
[WARNING] Missing character: There is no 중 (U+C911) (U+C911) in font Menlo Regular/OT:script=hani;
[WARNING] Missing character: There is no 우 (U+C6B0) (U+C6B0) in font Menlo Regular/OT:script=hani;
[WARNING] Missing character: There is no 승 (U+C2B9) (U+C2B9) in font Menlo Regular/OT:script=hani;
[WARNING] Missing character: There is no 높 (U+B192) (U+B192) in font Menlo Regular/OT:script=hani;
[WARNING] Missing character: There is no 을 (U+C744) (U+C744) in font Menlo Regular/OT:script=hani;
[WARNING] Missing character: There is no 수 (U+C218) (U+C218) in font Menlo Regular/OT:script=hani;
[WARNING] Missing character: There is no 록 (U+B85D) (U+B85D) in font Menlo Regular/OT:script=hani;
[WARNING] Missing character: There is no 특 (U+D2B9) (U+D2B9) in font Menlo Regular/OT:script=hani;
[WARNING] Missing character: There is no 별 (U+BCC4) (U+BCC4) in font Menlo Regular/OT:script=hani;
[WARNING] Missing character: There is no 대 (U+B300) (U+B300) in font Menlo Regular/OT:script=hani;
[WARNING] Missing character: There is no 조 (U+C870) (U+C870) in font Menlo Regular/OT:script=hani;
[WARNING] Missing character: There is no 차 (U+CC28) (U+CC28) in font Menlo Regular/OT:script=hani;
[WARNING] Missing character: There is no 완 (U+C644) (U+C644) in font Menlo Regular/OT:script=hani;
[WARNING] Missing character: There is no 전 (U+C804) (U+C804) in font Menlo Regular/OT:script=hani;
[WARNING] Missing character: There is no 수 (U+C218) (U+C218) in font Menlo Regular/OT:script=hani;
[WARNING] Missing character: There is no 기 (U+AE30) (U+AE30) in font Menlo Regular/OT:script=hani;
[WARNING] Missing character: There is no 타 (U+D0C0) (U+D0C0) in font Menlo Regular/OT:script=hani;
[WARNING] Missing character: There is no 기 (U+AE30) (U+AE30) in font Menlo Regular/OT:script=hani;
[WARNING] Missing character: There is no 타 (U+D0C0) (U+D0C0) in font Menlo Regular/OT:script=hani;
[WARNING] Missing character: There is no 기 (U+AE30) (U+AE30) in font Menlo Regular/OT:script=hani;
[WARNING] Missing character: There is no 타 (U+D0C0) (U+D0C0) in font Menlo Regular/OT:script=hani;
[WARNING] Missing character: There is no 합 (U+D569) (U+D569) in font Menlo Regular/OT:script=hani;
[WARNING] Missing character: There is no 통 (U+D1B5) (U+D1B5) in font Menlo Regular/OT:script=hani;
[WARNING] Missing character: There is no 계 (U+ACC4) (U+ACC4) in font Menlo Regular/OT:script=hani;
[WARNING] Missing character: There is no 통 (U+D1B5) (U+D1B5) in font Menlo Regular/OT:script=hani;
[WARNING] Missing character: There is no 계 (U+ACC4) (U+ACC4) in font Menlo Regular/OT:script=hani;
[WARNING] Missing character: There is no 통 (U+D1B5) (U+D1B5) in font Menlo Regular/OT:script=hani;
[WARNING] Missing character: There is no 계 (U+ACC4) (U+ACC4) in font Menlo Regular/OT:script=hani;
[WARNING] Missing character: There is no 적 (U+C801) (U+C801) in font Menlo Regular/OT:script=hani;
[WARNING] Missing character: There is no 유 (U+C720) (U+C720) in font Menlo Regular/OT:script=hani;
[WARNING] Missing character: There is no 의 (U+C758) (U+C758) in font Menlo Regular/OT:script=hani;
[WARNING] Missing character: There is no 성 (U+C131) (U+C131) in font Menlo Regular/OT:script=hani;
[WARNING] Missing character: There is no 높 (U+B192) (U+B192) in font Menlo Regular/OT:script=hani;
[WARNING] Missing character: There is no 을 (U+C744) (U+C744) in font Menlo Regular/OT:script=hani;
[WARNING] Missing character: There is no 수 (U+C218) (U+C218) in font Menlo Regular/OT:script=hani;
[WARNING] Missing character: There is no 록 (U+B85D) (U+B85D) in font Menlo Regular/OT:script=hani;
[WARNING] Missing character: There is no 우 (U+C6B0) (U+C6B0) in font Menlo Regular/OT:script=hani;
[WARNING] Missing character: There is no 연 (U+C5F0) (U+C5F0) in font Menlo Regular/OT:script=hani;
[WARNING] Missing character: There is no 아 (U+C544) (U+C544) in font Menlo Regular/OT:script=hani;
[WARNING] Missing character: There is no 님 (U+B2D8) (U+B2D8) in font Menlo Regular/OT:script=hani;
[WARNING] Missing character: There is no 임 (U+C784) (U+C784) in font Menlo Regular/OT:script=hani;
[WARNING] Missing character: There is no 의 (U+C758) (U+C758) in font Menlo Regular/OT:script=hani;
[WARNING] Missing character: There is no 임 (U+C784) (U+C784) in font Menlo Regular/OT:script=hani;
[WARNING] Missing character: There is no 의 (U+C758) (U+C758) in font Menlo Regular/OT:script=hani;
[WARNING] Missing character: There is no 임 (U+C784) (U+C784) in font Menlo Regular/OT:script=hani;
[WARNING] Missing character: There is no 의 (U+C758) (U+C758) in font Menlo Regular/OT:script=hani;
[WARNING] Missing character: There is no 가 (U+AC00) (U+AC00) in font Menlo Regular/OT:script=hani;
[WARNING] Missing character: There is no 정 (U+C815) (U+C815) in font Menlo Regular/OT:script=hani;
[WARNING] Missing character: There is no 기 (U+AE30) (U+AE30) in font Menlo Regular/OT:script=hani;
[WARNING] Missing character: There is no 존 (U+C874) (U+C874) in font Menlo Regular/OT:script=hani;
[WARNING] Missing character: There is no 기 (U+AE30) (U+AE30) in font Menlo Regular/OT:script=hani;
[WARNING] Missing character: There is no 존 (U+C874) (U+C874) in font Menlo Regular/OT:script=hani;
[WARNING] Missing character: There is no 기 (U+AE30) (U+AE30) in font Menlo Regular/OT:script=hani;
[WARNING] Missing character: There is no 존 (U+C874) (U+C874) in font Menlo Regular/OT:script=hani;
[WARNING] Missing character: There is no 보 (U+BCF4) (U+BCF4) in font Menlo Regular/OT:script=hani;
[WARNING] Missing character: There is no 조 (U+C870) (U+C870) in font Menlo Regular/OT:script=hani;
[WARNING] Missing character: There is no 이 (U+C774) (U+C774) in font Menlo Regular/OT:script=hani;
[WARNING] Missing character: There is no 론 (U+B860) (U+B860) in font Menlo Regular/OT:script=hani;
[WARNING] Missing character: There is no 편 (U+D3B8) (U+D3B8) in font Menlo Regular/OT:script=hani;
[WARNING] Missing character: There is no 가 (U+AC00) (U+AC00) in font Menlo Regular/OT:script=hani;
[WARNING] Missing character: There is no 설 (U+C124) (U+C124) in font Menlo Regular/OT:script=hani;
[WARNING] Missing character: There is no 집 (U+C9D1) (U+C9D1) in font Menlo Regular/OT:script=hani;
[WARNING] Missing character: There is no 합 (U+D569) (U+D569) in font Menlo Regular/OT:script=hani;
