[WARNING] Missing character: There is no 산 (U+C0B0) (U+C0B0) in font Menlo Regular/OT:script=hani;
[WARNING] Missing character: There is no 술 (U+C220) (U+C220) in font Menlo Regular/OT:script=hani;
[WARNING] Missing character: There is no 렌 (U+B80C) (U+B80C) in font Menlo Regular/OT:script=hani;
[WARNING] Missing character: There is no 즈 (U+C988) (U+C988) in font Menlo Regular/OT:script=hani;
[WARNING] Missing character: There is no 위 (U+C704) (U+C704) in font Menlo Regular/OT:script=hani;
[WARNING] Missing character: There is no 상 (U+C0C1) (U+C0C1) in font Menlo Regular/OT:script=hani;
[WARNING] Missing character: There is no 렌 (U+B80C) (U+B80C) in font Menlo Regular/OT:script=hani;
[WARNING] Missing character: There is no 즈 (U+C988) (U+C988) in font Menlo Regular/OT:script=hani;
[WARNING] Missing character: There is no 불 (U+BD88) (U+BD88) in font Menlo Regular/OT:script=hani;
[WARNING] Missing character: There is no 변 (U+BCC0) (U+BCC0) in font Menlo Regular/OT:script=hani;
[WARNING] Missing character: There is no 량 (U+B7C9) (U+B7C9) in font Menlo Regular/OT:script=hani;
[WARNING] Missing character: There is no 기 (U+AE30) (U+AE30) in font Menlo Regular/OT:script=hani;
[WARNING] Missing character: There is no 하 (U+D558) (U+D558) in font Menlo Regular/OT:script=hani;
[WARNING] Missing character: There is no 렌 (U+B80C) (U+B80C) in font Menlo Regular/OT:script=hani;
[WARNING] Missing character: There is no 즈 (U+C988) (U+C988) in font Menlo Regular/OT:script=hani;
[WARNING] Missing character: There is no 곡 (U+ACE1) (U+ACE1) in font Menlo Regular/OT:script=hani;
[WARNING] Missing character: There is no 률 (U+B960) (U+B960) in font Menlo Regular/OT:script=hani;
[WARNING] Missing character: There is no 동 (U+B3D9) (U+B3D9) in font Menlo Regular/OT:script=hani;
[WARNING] Missing character: There is no 학 (U+D559) (U+D559) in font Menlo Regular/OT:script=hani;
[WARNING] Missing character: There is no 렌 (U+B80C) (U+B80C) in font Menlo Regular/OT:script=hani;
[WARNING] Missing character: There is no 즈 (U+C988) (U+C988) in font Menlo Regular/OT:script=hani;
[WARNING] Missing character: There is no 어 (U+C5B4) (U+C5B4) in font Menlo Regular/OT:script=hani;
[WARNING] Missing character: There is no 트 (U+D2B8) (U+D2B8) in font Menlo Regular/OT:script=hani;
[WARNING] Missing character: There is no 랙 (U+B799) (U+B799) in font Menlo Regular/OT:script=hani;
[WARNING] Missing character: There is no 터 (U+D130) (U+D130) in font Menlo Regular/OT:script=hani;
[WARNING] Missing character: There is no 정 (U+C815) (U+C815) in font Menlo Regular/OT:script=hani;
[WARNING] Missing character: There is no 보 (U+BCF4) (U+BCF4) in font Menlo Regular/OT:script=hani;
[WARNING] Missing character: There is no 렌 (U+B80C) (U+B80C) in font Menlo Regular/OT:script=hani;
[WARNING] Missing character: There is no 즈 (U+C988) (U+C988) in font Menlo Regular/OT:script=hani;
[WARNING] Missing character: There is no 엔 (U+C5D4) (U+C5D4) in font Menlo Regular/OT:script=hani;
[WARNING] Missing character: There is no 트 (U+D2B8) (U+D2B8) in font Menlo Regular/OT:script=hani;
[WARNING] Missing character: There is no 로 (U+B85C) (U+B85C) in font Menlo Regular/OT:script=hani;
[WARNING] Missing character: There is no 피 (U+D53C) (U+D53C) in font Menlo Regular/OT:script=hani;
[WARNING] Missing character: There is no 양 (U+C591) (U+C591) in font Menlo Regular/OT:script=hani;
[WARNING] Missing character: There is no 자 (U+C790) (U+C790) in font Menlo Regular/OT:script=hani;
[WARNING] Missing character: There is no 렌 (U+B80C) (U+B80C) in font Menlo Regular/OT:script=hani;
[WARNING] Missing character: There is no 즈 (U+C988) (U+C988) in font Menlo Regular/OT:script=hani;
[WARNING] Missing character: There is no 중 (U+C911) (U+C911) in font Menlo Regular/OT:script=hani;
[WARNING] Missing character: There is no 첩 (U+CCA9) (U+CCA9) in font Menlo Regular/OT:script=hani;
[WARNING] Missing character: There is no 얽 (U+C5BD) (U+C5BD) in font Menlo Regular/OT:script=hani;
[WARNING] Missing character: There is no 힘 (U+D798) (U+D798) in font Menlo Regular/OT:script=hani;
[WARNING] Missing character: There is no 생 (U+C0DD) (U+C0DD) in font Menlo Regular/OT:script=hani;
[WARNING] Missing character: There is no 물 (U+BB3C) (U+BB3C) in font Menlo Regular/OT:script=hani;
[WARNING] Missing character: There is no 렌 (U+B80C) (U+B80C) in font Menlo Regular/OT:script=hani;
[WARNING] Missing character: There is no 즈 (U+C988) (U+C988) in font Menlo Regular/OT:script=hani;
[WARNING] Missing character: There is no 세 (U+C138) (U+C138) in font Menlo Regular/OT:script=hani;
[WARNING] Missing character: There is no 포 (U+D3EC) (U+D3EC) in font Menlo Regular/OT:script=hani;
[WARNING] Missing character: There is no 유 (U+C720) (U+C720) in font Menlo Regular/OT:script=hani;
[WARNING] Missing character: There is no 전 (U+C804) (U+C804) in font Menlo Regular/OT:script=hani;
[WARNING] Missing character: There is no 경 (U+ACBD) (U+ACBD) in font Menlo Regular/OT:script=hani;
[WARNING] Missing character: There is no 제 (U+C81C) (U+C81C) in font Menlo Regular/OT:script=hani;
[WARNING] Missing character: There is no 렌 (U+B80C) (U+B80C) in font Menlo Regular/OT:script=hani;
[WARNING] Missing character: There is no 즈 (U+C988) (U+C988) in font Menlo Regular/OT:script=hani;
[WARNING] Missing character: There is no 가 (U+AC00) (U+AC00) in font Menlo Regular/OT:script=hani;
[WARNING] Missing character: There is no 격 (U+ACA9) (U+ACA9) in font Menlo Regular/OT:script=hani;
[WARNING] Missing character: There is no 거 (U+AC70) (U+AC70) in font Menlo Regular/OT:script=hani;
[WARNING] Missing character: There is no 래 (U+B798) (U+B798) in font Menlo Regular/OT:script=hani;
[WARNING] Missing character: There is no 언 (U+C5B8) (U+C5B8) in font Menlo Regular/OT:script=hani;
[WARNING] Missing character: There is no 어 (U+C5B4) (U+C5B4) in font Menlo Regular/OT:script=hani;
[WARNING] Missing character: There is no 렌 (U+B80C) (U+B80C) in font Menlo Regular/OT:script=hani;
[WARNING] Missing character: There is no 즈 (U+C988) (U+C988) in font Menlo Regular/OT:script=hani;
[WARNING] Missing character: There is no 문 (U+BB38) (U+BB38) in font Menlo Regular/OT:script=hani;
[WARNING] Missing character: There is no 법 (U+BC95) (U+BC95) in font Menlo Regular/OT:script=hani;
[WARNING] Missing character: There is no 의 (U+C758) (U+C758) in font Menlo Regular/OT:script=hani;
[WARNING] Missing character: There is no 미 (U+BBF8) (U+BBF8) in font Menlo Regular/OT:script=hani;
[WARNING] Missing character: There is no 역 (U+C5ED) (U+C5ED) in font Menlo Regular/OT:script=hani;
[WARNING] Missing character: There is no 사 (U+C0AC) (U+C0AC) in font Menlo Regular/OT:script=hani;
[WARNING] Missing character: There is no 렌 (U+B80C) (U+B80C) in font Menlo Regular/OT:script=hani;
[WARNING] Missing character: There is no 즈 (U+C988) (U+C988) in font Menlo Regular/OT:script=hani;
[WARNING] Missing character: There is no 시 (U+C2DC) (U+C2DC) in font Menlo Regular/OT:script=hani;
[WARNING] Missing character: There is no 간 (U+AC04) (U+AC04) in font Menlo Regular/OT:script=hani;
[WARNING] Missing character: There is no 축 (U+CD95) (U+CD95) in font Menlo Regular/OT:script=hani;
[WARNING] Missing character: There is no 인 (U+C778) (U+C778) in font Menlo Regular/OT:script=hani;
[WARNING] Missing character: There is no 지 (U+C9C0) (U+C9C0) in font Menlo Regular/OT:script=hani;
[WARNING] Missing character: There is no 렌 (U+B80C) (U+B80C) in font Menlo Regular/OT:script=hani;
[WARNING] Missing character: There is no 즈 (U+C988) (U+C988) in font Menlo Regular/OT:script=hani;
[WARNING] Missing character: There is no 인 (U+C778) (U+C778) in font Menlo Regular/OT:script=hani;
[WARNING] Missing character: There is no 식 (U+C2DD) (U+C2DD) in font Menlo Regular/OT:script=hani;
[WARNING] Missing character: There is no 해 (U+D574) (U+D574) in font Menlo Regular/OT:script=hani;
[WARNING] Missing character: There is no 석 (U+C11D) (U+C11D) in font Menlo Regular/OT:script=hani;
[WARNING] Missing character: There is no 메 (U+BA54) (U+BA54) in font Menlo Regular/OT:script=hani;
[WARNING] Missing character: There is no 타 (U+D0C0) (U+D0C0) in font Menlo Regular/OT:script=hani;
[WARNING] Missing character: There is no 렌 (U+B80C) (U+B80C) in font Menlo Regular/OT:script=hani;
[WARNING] Missing character: There is no 즈 (U+C988) (U+C988) in font Menlo Regular/OT:script=hani;
[WARNING] Missing character: There is no 렌 (U+B80C) (U+B80C) in font Menlo Regular/OT:script=hani;
[WARNING] Missing character: There is no 즈 (U+C988) (U+C988) in font Menlo Regular/OT:script=hani;
[WARNING] Missing character: There is no 의 (U+C758) (U+C758) in font Menlo Regular/OT:script=hani;
[WARNING] Missing character: There is no 렌 (U+B80C) (U+B80C) in font Menlo Regular/OT:script=hani;
[WARNING] Missing character: There is no 즈 (U+C988) (U+C988) in font Menlo Regular/OT:script=hani;
[WARNING] Missing character: There is no 상 (U+C0C1) (U+C0C1) in font Menlo Regular/OT:script=hani;
[WARNING] Missing character: There is no 한 (U+D55C) (U+D55C) in font Menlo Regular/OT:script=hani;
[WARNING] Missing character: There is no 위 (U+C704) (U+C704) in font Menlo Regular/OT:script=hani;
[WARNING] Missing character: There is no 반 (U+BC18) (U+BC18) in font Menlo Regular/OT:script=hani;
[WARNING] Missing character: There is no 현 (U+D604) (U+D604) in font Menlo Regular/OT:script=hani;
[WARNING] Missing character: There is no 재 (U+C7AC) (U+C7AC) in font Menlo Regular/OT:script=hani;
[WARNING] Missing character: There is no 방 (U+BC29) (U+BC29) in font Menlo Regular/OT:script=hani;
[WARNING] Missing character: There is no 향 (U+D5A5) (U+D5A5) in font Menlo Regular/OT:script=hani;
[WARNING] Missing character: There is no 위 (U+C704) (U+C704) in font Menlo Regular/OT:script=hani;
[WARNING] Missing character: There is no 반 (U+BC18) (U+BC18) in font Menlo Regular/OT:script=hani;
[WARNING] Missing character: There is no 다 (U+B2E4) (U+B2E4) in font Menlo Regular/OT:script=hani;
[WARNING] Missing character: There is no 양 (U+C591) (U+C591) in font Menlo Regular/OT:script=hani;
[WARNING] Missing character: There is no 성 (U+C131) (U+C131) in font Menlo Regular/OT:script=hani;
[WARNING] Missing character: There is no 상 (U+C0C1) (U+C0C1) in font Menlo Regular/OT:script=hani;
[WARNING] Missing character: There is no 한 (U+D55C) (U+D55C) in font Menlo Regular/OT:script=hani;
[WARNING] Missing character: There is no 위 (U+C704) (U+C704) in font Menlo Regular/OT:script=hani;
[WARNING] Missing character: There is no 반 (U+BC18) (U+BC18) in font Menlo Regular/OT:script=hani;
