[WARNING] Missing character: There is no 성 (U+C131) (U+C131) in font Menlo Italic/OT:script=hani;l
[WARNING] Missing character: There is no 능 (U+B2A5) (U+B2A5) in font Menlo Italic/OT:script=hani;l
[WARNING] Missing character: There is no 측 (U+CE21) (U+CE21) in font Menlo Italic/OT:script=hani;l
[WARNING] Missing character: There is no 정 (U+C815) (U+C815) in font Menlo Italic/OT:script=hani;l
[WARNING] Missing character: There is no 출 (U+CD9C) (U+CD9C) in font Menlo Italic/OT:script=hani;l
[WARNING] Missing character: There is no 력 (U+B825) (U+B825) in font Menlo Italic/OT:script=hani;l
[WARNING] Missing character: There is no 후 (U+D6C4) (U+D6C4) in font Menlo Italic/OT:script=hani;l
[WARNING] Missing character: There is no 보 (U+BCF4) (U+BCF4) in font Menlo Italic/OT:script=hani;l
[WARNING] Missing character: There is no 세 (U+C138) (U+C138) in font Menlo Italic/OT:script=hani;l
[WARNING] Missing character: There is no 션 (U+C158) (U+C158) in font Menlo Italic/OT:script=hani;l
[WARNING] Missing character: There is no 누 (U+B204) (U+B204) in font Menlo Italic/OT:script=hani;l
[WARNING] Missing character: There is no 적 (U+C801) (U+C801) in font Menlo Italic/OT:script=hani;l
[WARNING] Missing character: There is no 평 (U+D3C9) (U+D3C9) in font Menlo Italic/OT:script=hani;l
[WARNING] Missing character: There is no 균 (U+ADE0) (U+ADE0) in font Menlo Italic/OT:script=hani;l
[WARNING] Missing character: There is no 흡 (U+D761) (U+D761) in font Menlo Italic/OT:script=hani;l
[WARNING] Missing character: There is no 수 (U+C218) (U+C218) in font Menlo Italic/OT:script=hani;l
[WARNING] Missing character: There is no 세 (U+C138) (U+C138) in font Menlo Italic/OT:script=hani;l
[WARNING] Missing character: There is no 션 (U+C158) (U+C158) in font Menlo Italic/OT:script=hani;l
[WARNING] Missing character: There is no 융 (U+C735) (U+C735) in font Menlo Italic/OT:script=hani;l
[WARNING] Missing character: There is no 합 (U+D569) (U+D569) in font Menlo Italic/OT:script=hani;l
[WARNING] Missing character: There is no 관 (U+AD00) (U+AD00) in font Menlo Italic/OT:script=hani;l
[WARNING] Missing character: There is no 문 (U+BB38) (U+BB38) in font Menlo Italic/OT:script=hani;l
[WARNING] Missing character: There is no 필 (U+D544) (U+D544) in font Menlo Italic/OT:script=hani;l
[WARNING] Missing character: There is no 터 (U+D130) (U+D130) in font Menlo Italic/OT:script=hani;l
[WARNING] Missing character: There is no 통 (U+D1B5) (U+D1B5) in font Menlo Italic/OT:script=hani;l
[WARNING] Missing character: There is no 과 (U+ACFC) (U+ACFC) in font Menlo Italic/OT:script=hani;l
[WARNING] Missing character: There is no 율 (U+C728) (U+C728) in font Menlo Italic/OT:script=hani;l
[WARNING] Missing character: There is no 정 (U+C815) (U+C815) in font Menlo Italic/OT:script=hani;l
[WARNING] Missing character: There is no 규 (U+ADDC) (U+ADDC) in font Menlo Italic/OT:script=hani;l
[WARNING] Missing character: There is no 화 (U+D654) (U+D654) in font Menlo Italic/OT:script=hani;l
[WARNING] Missing character: There is no 후 (U+D6C4) (U+D6C4) in font Menlo Regular/OT:script=hani;
[WARNING] Missing character: There is no 보 (U+BCF4) (U+BCF4) in font Menlo Regular/OT:script=hani;
[WARNING] Missing character: There is no 노 (U+B178) (U+B178) in font Menlo Regular/OT:script=hani;
[WARNING] Missing character: There is no 드 (U+B4DC) (U+B4DC) in font Menlo Regular/OT:script=hani;
[WARNING] Missing character: There is no 융 (U+C735) (U+C735) in font Menlo Regular/OT:script=hani;
[WARNING] Missing character: There is no 합 (U+D569) (U+D569) in font Menlo Regular/OT:script=hani;
[WARNING] Missing character: There is no 발 (U+BC1C) (U+BC1C) in font Menlo Regular/OT:script=hani;
[WARNING] Missing character: There is no 견 (U+ACAC) (U+ACAC) in font Menlo Regular/OT:script=hani;
[WARNING] Missing character: There is no 실 (U+C2E4) (U+C2E4) in font Menlo Italic/OT:script=hani;l
[WARNING] Missing character: There is no 측 (U+CE21) (U+CE21) in font Menlo Italic/OT:script=hani;l
[WARNING] Missing character: There is no 값 (U+AC12) (U+AC12) in font Menlo Italic/OT:script=hani;l
[WARNING] Missing character: There is no 검 (U+AC80) (U+AC80) in font Menlo Italic/OT:script=hani;l
[WARNING] Missing character: There is no 증 (U+C99D) (U+C99D) in font Menlo Italic/OT:script=hani;l
[WARNING] Missing character: There is no 실 (U+C2E4) (U+C2E4) in font Menlo Italic/OT:script=hani;l
[WARNING] Missing character: There is no 측 (U+CE21) (U+CE21) in font Menlo Italic/OT:script=hani;l
[WARNING] Missing character: There is no 발 (U+BC1C) (U+BC1C) in font Menlo Italic/OT:script=hani;l
[WARNING] Missing character: There is no 견 (U+ACAC) (U+ACAC) in font Menlo Italic/OT:script=hani;l
[WARNING] Missing character: There is no 수 (U+C218) (U+C218) in font Menlo Italic/OT:script=hani;l
[WARNING] Missing character: There is no 발 (U+BC1C) (U+BC1C) in font Menlo Regular/OT:script=hani;
[WARNING] Missing character: There is no 견 (U+ACAC) (U+ACAC) in font Menlo Regular/OT:script=hani;
[WARNING] Missing character: There is no 량 (U+B7C9) (U+B7C9) in font Menlo Regular/OT:script=hani;
[WARNING] Missing character: There is no 부 (U+BD80) (U+BD80) in font Menlo Regular/OT:script=hani;
[WARNING] Missing character: There is no 족 (U+C871) (U+C871) in font Menlo Regular/OT:script=hani;
[WARNING] Missing character: There is no 결 (U+ACB0) (U+ACB0) in font Menlo Italic/OT:script=hani;l
[WARNING] Missing character: There is no 과 (U+ACFC) (U+ACFC) in font Menlo Italic/OT:script=hani;l
[WARNING] Missing character: There is no 융 (U+C735) (U+C735) in font Menlo Italic/OT:script=hani;l
[WARNING] Missing character: There is no 합 (U+D569) (U+D569) in font Menlo Italic/OT:script=hani;l
[WARNING] Missing character: There is no 실 (U+C2E4) (U+C2E4) in font Menlo Italic/OT:script=hani;l
[WARNING] Missing character: There is no 측 (U+CE21) (U+CE21) in font Menlo Italic/OT:script=hani;l
[WARNING] Missing character: There is no 실 (U+C2E4) (U+C2E4) in font Menlo Regular/OT:script=hani;
[WARNING] Missing character: There is no 측 (U+CE21) (U+CE21) in font Menlo Regular/OT:script=hani;
[WARNING] Missing character: There is no 대 (U+B300) (U+B300) in font Menlo Regular/OT:script=hani;
[WARNING] Missing character: There is no 비 (U+BE44) (U+BE44) in font Menlo Regular/OT:script=hani;
[WARNING] Missing character: There is no 정 (U+C815) (U+C815) in font Menlo Regular/OT:script=hani;
[WARNING] Missing character: There is no 합 (U+D569) (U+D569) in font Menlo Regular/OT:script=hani;
[WARNING] Missing character: There is no 자 (U+C790) (U+C790) in font Menlo Regular/OT:script=hani;
[WARNING] Missing character: There is no 동 (U+B3D9) (U+B3D9) in font Menlo Regular/OT:script=hani;
[WARNING] Missing character: There is no 발 (U+BC1C) (U+BC1C) in font Menlo Regular/OT:script=hani;
[WARNING] Missing character: There is no 견 (U+ACAC) (U+ACAC) in font Menlo Regular/OT:script=hani;
[WARNING] Missing character: There is no 엔 (U+C5D4) (U+C5D4) in font Menlo Regular/OT:script=hani;
[WARNING] Missing character: There is no 진 (U+C9C4) (U+C9C4) in font Menlo Regular/OT:script=hani;
[WARNING] Missing character: There is no 산 (U+C0B0) (U+C0B0) in font Menlo Regular/OT:script=hani;
[WARNING] Missing character: There is no 출 (U+CD9C) (U+CD9C) in font Menlo Regular/OT:script=hani;
[WARNING] Missing character: There is no 물 (U+BB3C) (U+BB3C) in font Menlo Regular/OT:script=hani;
[WARNING] Missing character: There is no 높 (U+B192) (U+B192) in font Menlo Regular/OT:script=hani;
[WARNING] Missing character: There is no 을 (U+C744) (U+C744) in font Menlo Regular/OT:script=hani;
[WARNING] Missing character: There is no 수 (U+C218) (U+C218) in font Menlo Regular/OT:script=hani;
[WARNING] Missing character: There is no 록 (U+B85D) (U+B85D) in font Menlo Regular/OT:script=hani;
[WARNING] Missing character: There is no 좋 (U+C88B) (U+C88B) in font Menlo Regular/OT:script=hani;
[WARNING] Missing character: There is no 음 (U+C74C) (U+C74C) in font Menlo Regular/OT:script=hani;
[WARNING] Missing character: There is no 특 (U+D2B9) (U+D2B9) in font Menlo Regular/OT:script=hani;
[WARNING] Missing character: There is no 수 (U+C218) (U+C218) in font Menlo Regular/OT:script=hani;
[WARNING] Missing character: There is no 목 (U+BAA9) (U+BAA9) in font Menlo Regular/OT:script=hani;
[WARNING] Missing character: There is no 적 (U+C801) (U+C801) in font Menlo Regular/OT:script=hani;
[WARNING] Missing character: There is no 단 (U+B2E8) (U+B2E8) in font Menlo Regular/OT:script=hani;
[WARNING] Missing character: There is no 백 (U+BC31) (U+BC31) in font Menlo Regular/OT:script=hani;
[WARNING] Missing character: There is no 질 (U+C9C8) (U+C9C8) in font Menlo Regular/OT:script=hani;
[WARNING] Missing character: There is no 만 (U+B9CC) (U+B9CC) in font Menlo Regular/OT:script=hani;
[WARNING] Missing character: There is no 물 (U+BB3C) (U+BB3C) in font Menlo Regular/OT:script=hani;
[WARNING] Missing character: There is no 리 (U+B9AC) (U+B9AC) in font Menlo Regular/OT:script=hani;
[WARNING] Missing character: There is no 만 (U+B9CC) (U+B9CC) in font Menlo Regular/OT:script=hani;
[WARNING] Missing character: There is no 전 (U+C804) (U+C804) in font Menlo Regular/OT:script=hani;
[WARNING] Missing character: There is no 도 (U+B3C4) (U+B3C4) in font Menlo Regular/OT:script=hani;
[WARNING] Missing character: There is no 메 (U+BA54) (U+BA54) in font Menlo Regular/OT:script=hani;
[WARNING] Missing character: There is no 인 (U+C778) (U+C778) in font Menlo Regular/OT:script=hani;
[WARNING] Missing character: There is no 커 (U+CEE4) (U+CEE4) in font Menlo Regular/OT:script=hani;
[WARNING] Missing character: There is no 버 (U+BC84) (U+BC84) in font Menlo Regular/OT:script=hani;
[WARNING] Missing character: There is no 커 (U+CEE4) (U+CEE4) in font Menlo Regular/OT:script=hani;
[WARNING] Missing character: There is no 버 (U+BC84) (U+BC84) in font Menlo Regular/OT:script=hani;
[WARNING] Missing character: There is no 커 (U+CEE4) (U+CEE4) in font Menlo Regular/OT:script=hani;
[WARNING] Missing character: There is no 버 (U+BC84) (U+BC84) in font Menlo Regular/OT:script=hani;
[WARNING] Missing character: There is no 도 (U+B3C4) (U+B3C4) in font Menlo Regular/OT:script=hani;
[WARNING] Missing character: There is no 메 (U+BA54) (U+BA54) in font Menlo Regular/OT:script=hani;
[WARNING] Missing character: There is no 인 (U+C778) (U+C778) in font Menlo Regular/OT:script=hani;
[WARNING] Missing character: There is no 수 (U+C218) (U+C218) in font Menlo Regular/OT:script=hani;
[WARNING] Missing character: There is no 높 (U+B192) (U+B192) in font Menlo Regular/OT:script=hani;
[WARNING] Missing character: There is no 을 (U+C744) (U+C744) in font Menlo Regular/OT:script=hani;
[WARNING] Missing character: There is no 수 (U+C218) (U+C218) in font Menlo Regular/OT:script=hani;
[WARNING] Missing character: There is no 록 (U+B85D) (U+B85D) in font Menlo Regular/OT:script=hani;
[WARNING] Missing character: There is no 범 (U+BC94) (U+BC94) in font Menlo Regular/OT:script=hani;
[WARNING] Missing character: There is no 용 (U+C6A9) (U+C6A9) in font Menlo Regular/OT:script=hani;
[WARNING] Missing character: There is no 대 (U+B300) (U+B300) in font Menlo Regular/OT:script=hani;
[WARNING] Missing character: There is no 륙 (U+B959) (U+B959) in font Menlo Regular/OT:script=hani;
[WARNING] Missing character: There is no 도 (U+B3C4) (U+B3C4) in font Menlo Regular/OT:script=hani;
[WARNING] Missing character: There is no 메 (U+BA54) (U+BA54) in font Menlo Regular/OT:script=hani;
[WARNING] Missing character: There is no 인 (U+C778) (U+C778) in font Menlo Regular/OT:script=hani;
