[WARNING] Missing character: There is no 헤 (U+D5E4) (U+D5E4) in font Menlo Regular/OT:script=hani;
[WARNING] Missing character: There is no 더 (U+B354) (U+B354) in font Menlo Regular/OT:script=hani;
[WARNING] Missing character: There is no 길 (U+AE38) (U+AE38) in font Menlo Regular/OT:script=hani;
[WARNING] Missing character: There is no 이 (U+C774) (U+C774) in font Menlo Regular/OT:script=hani;
[WARNING] Missing character: There is no 크 (U+D06C) (U+D06C) in font Menlo Regular/OT:script=hani;
[WARNING] Missing character: There is no 기 (U+AE30) (U+AE30) in font Menlo Regular/OT:script=hani;
[WARNING] Missing character: There is no 흐 (U+D750) (U+D750) in font Menlo Regular/OT:script=hani;
[WARNING] Missing character: There is no 름 (U+B984) (U+B984) in font Menlo Regular/OT:script=hani;
[WARNING] Missing character: There is no 제 (U+C81C) (U+C81C) in font Menlo Regular/OT:script=hani;
[WARNING] Missing character: There is no 어 (U+C5B4) (U+C5B4) in font Menlo Regular/OT:script=hani;
[WARNING] Missing character: There is no 메 (U+BA54) (U+BA54) in font Menlo Regular/OT:script=hani;
[WARNING] Missing character: There is no 커 (U+CEE4) (U+CEE4) in font Menlo Regular/OT:script=hani;
[WARNING] Missing character: There is no 니 (U+B2C8) (U+B2C8) in font Menlo Regular/OT:script=hani;
[WARNING] Missing character: There is no 즘 (U+C998) (U+C998) in font Menlo Regular/OT:script=hani;
[WARNING] Missing character: There is no 클 (U+D074) (U+D074) in font Menlo Regular/OT:script=hani;
[WARNING] Missing character: There is no 래 (U+B798) (U+B798) in font Menlo Regular/OT:script=hani;
[WARNING] Missing character: There is no 스 (U+C2A4) (U+C2A4) in font Menlo Regular/OT:script=hani;
[WARNING] Missing character: There is no 수 (U+C218) (U+C218) in font Menlo Regular/OT:script=hani;
[WARNING] Missing character: There is no 암 (U+C554) (U+C554) in font Menlo Regular/OT:script=hani;
[WARNING] Missing character: There is no 호 (U+D638) (U+D638) in font Menlo Regular/OT:script=hani;
[WARNING] Missing character: There is no 화 (U+D654) (U+D654) in font Menlo Regular/OT:script=hani;
[WARNING] Missing character: There is no 알 (U+C54C) (U+C54C) in font Menlo Regular/OT:script=hani;
[WARNING] Missing character: There is no 고 (U+ACE0) (U+ACE0) in font Menlo Regular/OT:script=hani;
[WARNING] Missing character: There is no 리 (U+B9AC) (U+B9AC) in font Menlo Regular/OT:script=hani;
[WARNING] Missing character: There is no 즘 (U+C998) (U+C998) in font Menlo Regular/OT:script=hani;
[WARNING] Missing character: There is no 재 (U+C7AC) (U+C7AC) in font Menlo Regular/OT:script=hani;
[WARNING] Missing character: There is no 전 (U+C804) (U+C804) in font Menlo Regular/OT:script=hani;
[WARNING] Missing character: There is no 송 (U+C1A1) (U+C1A1) in font Menlo Regular/OT:script=hani;
[WARNING] Missing character: There is no 전 (U+C804) (U+C804) in font Menlo Regular/OT:script=hani;
[WARNING] Missing character: There is no 략 (U+B7B5) (U+B7B5) in font Menlo Regular/OT:script=hani;
[WARNING] Missing character: There is no 세 (U+C138) (U+C138) in font Menlo Regular/OT:script=hani;
[WARNING] Missing character: There is no 션 (U+C158) (U+C158) in font Menlo Regular/OT:script=hani;
[WARNING] Missing character: There is no 관 (U+AD00) (U+AD00) in font Menlo Regular/OT:script=hani;
[WARNING] Missing character: There is no 리 (U+B9AC) (U+B9AC) in font Menlo Regular/OT:script=hani;
[WARNING] Missing character: There is no 방 (U+BC29) (U+BC29) in font Menlo Regular/OT:script=hani;
[WARNING] Missing character: There is no 식 (U+C2DD) (U+C2DD) in font Menlo Regular/OT:script=hani;
[WARNING] Missing character: There is no 시 (U+C2DC) (U+C2DC) in font Menlo Regular/OT:script=hani;
[WARNING] Missing character: There is no 그 (U+ADF8) (U+ADF8) in font Menlo Regular/OT:script=hani;
[WARNING] Missing character: There is no 널 (U+B110) (U+B110) in font Menlo Regular/OT:script=hani;
[WARNING] Missing character: There is no 링 (U+B9C1) (U+B9C1) in font Menlo Regular/OT:script=hani;
[WARNING] Missing character: There is no 윈 (U+C708) (U+C708) in font Menlo Regular/OT:script=hani;
[WARNING] Missing character: There is no 도 (U+B3C4) (U+B3C4) in font Menlo Regular/OT:script=hani;
[WARNING] Missing character: There is no 우 (U+C6B0) (U+C6B0) in font Menlo Regular/OT:script=hani;
[WARNING] Missing character: There is no 크 (U+D06C) (U+D06C) in font Menlo Regular/OT:script=hani;
[WARNING] Missing character: There is no 기 (U+AE30) (U+AE30) in font Menlo Regular/OT:script=hani;
[WARNING] Missing character: There is no 단 (U+B2E8) (U+B2E8) in font Menlo Regular/OT:script=hani;
[WARNING] Missing character: There is no 위 (U+C704) (U+C704) in font Menlo Regular/OT:script=hani;
[WARNING] Missing character: There is no 공 (U+ACF5) (U+ACF5) in font Menlo Regular/OT:script=hani;
[WARNING] Missing character: There is no 간 (U+AC04) (U+AC04) in font Menlo Regular/OT:script=hani;
[WARNING] Missing character: There is no 주 (U+C8FC) (U+C8FC) in font Menlo Regular/OT:script=hani;
[WARNING] Missing character: There is no 기 (U+AE30) (U+AE30) in font Menlo Regular/OT:script=hani;
[WARNING] Missing character: There is no 프 (U+D504) (U+D504) in font Menlo Italic/OT:script=hani;l
[WARNING] Missing character: There is no 로 (U+B85C) (U+B85C) in font Menlo Italic/OT:script=hani;l
[WARNING] Missing character: There is no 토 (U+D1A0) (U+D1A0) in font Menlo Italic/OT:script=hani;l
[WARNING] Missing character: There is no 콜 (U+CF5C) (U+CF5C) in font Menlo Italic/OT:script=hani;l
[WARNING] Missing character: There is no 인 (U+C778) (U+C778) in font Menlo Italic/OT:script=hani;l
[WARNING] Missing character: There is no 자 (U+C790) (U+C790) in font Menlo Italic/OT:script=hani;l
[WARNING] Missing character: There is no 커 (U+CEE4) (U+CEE4) in font Menlo Italic/OT:script=hani;l
[WARNING] Missing character: There is no 버 (U+BC84) (U+BC84) in font Menlo Italic/OT:script=hani;l
[WARNING] Missing character: There is no 리 (U+B9AC) (U+B9AC) in font Menlo Italic/OT:script=hani;l
[WARNING] Missing character: There is no 지 (U+C9C0) (U+C9C0) in font Menlo Italic/OT:script=hani;l
[WARNING] Missing character: There is no 행 (U+D589) (U+D589) in font Menlo Italic/OT:script=hani;l
[WARNING] Missing character: There is no 렬 (U+B82C) (U+B82C) in font Menlo Italic/OT:script=hani;l
[WARNING] Missing character: There is no 커 (U+CEE4) (U+CEE4) in font Menlo Italic/OT:script=hani;l
[WARNING] Missing character: There is no 버 (U+BC84) (U+BC84) in font Menlo Italic/OT:script=hani;l
[WARNING] Missing character: There is no 리 (U+B9AC) (U+B9AC) in font Menlo Italic/OT:script=hani;l
[WARNING] Missing character: There is no 지 (U+C9C0) (U+C9C0) in font Menlo Italic/OT:script=hani;l
[WARNING] Missing character: There is no 행 (U+D589) (U+D589) in font Menlo Italic/OT:script=hani;l
[WARNING] Missing character: There is no 렬 (U+B82C) (U+B82C) in font Menlo Italic/OT:script=hani;l
[WARNING] Missing character: There is no 지 (U+C9C0) (U+C9C0) in font Menlo Italic/OT:script=hani;l
[WARNING] Missing character: There is no 원 (U+C6D0) (U+C6D0) in font Menlo Italic/OT:script=hani;l
[WARNING] Missing character: There is no 미 (U+BBF8) (U+BBF8) in font Menlo Italic/OT:script=hani;l
[WARNING] Missing character: There is no 지 (U+C9C0) (U+C9C0) in font Menlo Italic/OT:script=hani;l
[WARNING] Missing character: There is no 원 (U+C6D0) (U+C6D0) in font Menlo Italic/OT:script=hani;l
[WARNING] Missing character: There is no 총 (U+CD1D) (U+CD1D) in font Menlo Regular/OT:script=hani;
[WARNING] Missing character: There is no 셀 (U+C140) (U+C140) in font Menlo Regular/OT:script=hani;
[WARNING] Missing character: There is no 커 (U+CEE4) (U+CEE4) in font Menlo Regular/OT:script=hani;
[WARNING] Missing character: There is no 버 (U+BC84) (U+BC84) in font Menlo Regular/OT:script=hani;
[WARNING] Missing character: There is no 된 (U+B41C) (U+B41C) in font Menlo Regular/OT:script=hani;
[WARNING] Missing character: There is no 셀 (U+C140) (U+C140) in font Menlo Regular/OT:script=hani;
[WARNING] Missing character: There is no 커 (U+CEE4) (U+CEE4) in font Menlo Regular/OT:script=hani;
[WARNING] Missing character: There is no 버 (U+BC84) (U+BC84) in font Menlo Regular/OT:script=hani;
[WARNING] Missing character: There is no 리 (U+B9AC) (U+B9AC) in font Menlo Regular/OT:script=hani;
[WARNING] Missing character: There is no 지 (U+C9C0) (U+C9C0) in font Menlo Regular/OT:script=hani;
[WARNING] Missing character: There is no 인 (U+C778) (U+C778) in font Menlo Italic/OT:script=hani;l
[WARNING] Missing character: There is no 자 (U+C790) (U+C790) in font Menlo Italic/OT:script=hani;l
[WARNING] Missing character: There is no 별 (U+BCC4) (U+BCC4) in font Menlo Italic/OT:script=hani;l
[WARNING] Missing character: There is no 커 (U+CEE4) (U+CEE4) in font Menlo Italic/OT:script=hani;l
[WARNING] Missing character: There is no 버 (U+BC84) (U+BC84) in font Menlo Italic/OT:script=hani;l
[WARNING] Missing character: There is no 리 (U+B9AC) (U+B9AC) in font Menlo Italic/OT:script=hani;l
[WARNING] Missing character: There is no 지 (U+C9C0) (U+C9C0) in font Menlo Italic/OT:script=hani;l
[WARNING] Missing character: There is no 최 (U+CD5C) (U+CD5C) in font Menlo Italic/OT:script=hani;l
[WARNING] Missing character: There is no 소 (U+C18C) (U+C18C) in font Menlo Italic/OT:script=hani;l
[WARNING] Missing character: There is no 이 (U+C774) (U+C774) in font Menlo Italic/OT:script=hani;l
[WARNING] Missing character: There is no 어 (U+C5B4) (U+C5B4) in font Menlo Italic/OT:script=hani;l
[WARNING] Missing character: There is no 야 (U+C57C) (U+C57C) in font Menlo Italic/OT:script=hani;l
[WARNING] Missing character: There is no 함 (U+D568) (U+D568) in font Menlo Italic/OT:script=hani;l
[WARNING] Missing character: There is no 커 (U+CEE4) (U+CEE4) in font Menlo Regular/OT:script=hani;
[WARNING] Missing character: There is no 버 (U+BC84) (U+BC84) in font Menlo Regular/OT:script=hani;
[WARNING] Missing character: There is no 결 (U+ACB0) (U+ACB0) in font Menlo Italic/OT:script=hani;l
[WARNING] Missing character: There is no 과 (U+ACFC) (U+ACFC) in font Menlo Italic/OT:script=hani;l
[WARNING] Missing character: There is no 총 (U+CD1D) (U+CD1D) in font Menlo Italic/OT:script=hani;l
[WARNING] Missing character: There is no 커 (U+CEE4) (U+CEE4) in font Menlo Italic/OT:script=hani;l
[WARNING] Missing character: There is no 버 (U+BC84) (U+BC84) in font Menlo Italic/OT:script=hani;l
[WARNING] Missing character: There is no 커 (U+CEE4) (U+CEE4) in font Menlo Italic/OT:script=hani;l
[WARNING] Missing character: There is no 버 (U+BC84) (U+BC84) in font Menlo Italic/OT:script=hani;l
[WARNING] Missing character: There is no 리 (U+B9AC) (U+B9AC) in font Menlo Italic/OT:script=hani;l
[WARNING] Missing character: There is no 지 (U+C9C0) (U+C9C0) in font Menlo Italic/OT:script=hani;l
[WARNING] Missing character: There is no 전 (U+C804) (U+C804) in font Menlo Italic/OT:script=hani;l
[WARNING] Missing character: There is no 인 (U+C778) (U+C778) in font Menlo Italic/OT:script=hani;l
[WARNING] Missing character: There is no 자 (U+C790) (U+C790) in font Menlo Italic/OT:script=hani;l
[WARNING] Missing character: There is no 이 (U+C774) (U+C774) in font Menlo Italic/OT:script=hani;l
[WARNING] Missing character: There is no 상 (U+C0C1) (U+C0C1) in font Menlo Italic/OT:script=hani;l
[WARNING] Missing character: There is no 커 (U+CEE4) (U+CEE4) in font Menlo Italic/OT:script=hani;l
[WARNING] Missing character: There is no 버 (U+BC84) (U+BC84) in font Menlo Italic/OT:script=hani;l
[WARNING] Missing character: There is no 프 (U+D504) (U+D504) in font Menlo Regular/OT:script=hani;
[WARNING] Missing character: There is no 로 (U+B85C) (U+B85C) in font Menlo Regular/OT:script=hani;
[WARNING] Missing character: There is no 토 (U+D1A0) (U+D1A0) in font Menlo Regular/OT:script=hani;
[WARNING] Missing character: There is no 콜 (U+CF5C) (U+CF5C) in font Menlo Regular/OT:script=hani;
[WARNING] Missing character: There is no 설 (U+C124) (U+C124) in font Menlo Regular/OT:script=hani;
[WARNING] Missing character: There is no 계 (U+ACC4) (U+ACC4) in font Menlo Regular/OT:script=hani;
[WARNING] Missing character: There is no 인 (U+C778) (U+C778) in font Menlo Regular/OT:script=hani;
[WARNING] Missing character: There is no 자 (U+C790) (U+C790) in font Menlo Regular/OT:script=hani;
[WARNING] Missing character: There is no 통 (U+D1B5) (U+D1B5) in font Menlo Regular/OT:script=hani;
[WARNING] Missing character: There is no 합 (U+D569) (U+D569) in font Menlo Regular/OT:script=hani;
[WARNING] Missing character: There is no 분 (U+BD84) (U+BD84) in font Menlo Regular/OT:script=hani;
[WARNING] Missing character: There is no 석 (U+C11D) (U+C11D) in font Menlo Regular/OT:script=hani;
[WARNING] Missing character: There is no 인 (U+C778) (U+C778) in font Menlo Regular/OT:script=hani;
[WARNING] Missing character: There is no 자 (U+C790) (U+C790) in font Menlo Regular/OT:script=hani;
[WARNING] Missing character: There is no 수 (U+C218) (U+C218) in font Menlo Regular/OT:script=hani;
[WARNING] Missing character: There is no 추 (U+CD94) (U+CD94) in font Menlo Regular/OT:script=hani;
[WARNING] Missing character: There is no 적 (U+C801) (U+C801) in font Menlo Regular/OT:script=hani;
[WARNING] Missing character: There is no 낮 (U+B0AE) (U+B0AE) in font Menlo Regular/OT:script=hani;
[WARNING] Missing character: There is no 을 (U+C744) (U+C744) in font Menlo Regular/OT:script=hani;
[WARNING] Missing character: There is no 수 (U+C218) (U+C218) in font Menlo Regular/OT:script=hani;
[WARNING] Missing character: There is no 록 (U+B85D) (U+B85D) in font Menlo Regular/OT:script=hani;
[WARNING] Missing character: There is no 단 (U+B2E8) (U+B2E8) in font Menlo Regular/OT:script=hani;
[WARNING] Missing character: There is no 순 (U+C21C) (U+C21C) in font Menlo Regular/OT:script=hani;
[WARNING] Missing character: There is no 분 (U+BD84) (U+BD84) in font Menlo Regular/OT:script=hani;
[WARNING] Missing character: There is no 석 (U+C11D) (U+C11D) in font Menlo Regular/OT:script=hani;
[WARNING] Missing character: There is no 수 (U+C218) (U+C218) in font Menlo Regular/OT:script=hani;
[WARNING] Missing character: There is no 동 (U+B3D9) (U+B3D9) in font Menlo Regular/OT:script=hani;
[WARNING] Missing character: There is no 인 (U+C778) (U+C778) in font Menlo Regular/OT:script=hani;
[WARNING] Missing character: There is no 자 (U+C790) (U+C790) in font Menlo Regular/OT:script=hani;
[WARNING] Missing character: There is no 비 (U+BE44) (U+BE44) in font Menlo Regular/OT:script=hani;
[WARNING] Missing character: There is no 일 (U+C77C) (U+C77C) in font Menlo Regular/OT:script=hani;
[WARNING] Missing character: There is no 관 (U+AD00) (U+AD00) in font Menlo Regular/OT:script=hani;
[WARNING] Missing character: There is no 업 (U+C5C5) (U+C5C5) in font Menlo Regular/OT:script=hani;
[WARNING] Missing character: There is no 계 (U+ACC4) (U+ACC4) in font Menlo Regular/OT:script=hani;
[WARNING] Missing character: There is no 업 (U+C5C5) (U+C5C5) in font Menlo Regular/OT:script=hani;
[WARNING] Missing character: There is no 계 (U+ACC4) (U+ACC4) in font Menlo Regular/OT:script=hani;
[WARNING] Missing character: There is no 업 (U+C5C5) (U+C5C5) in font Menlo Regular/OT:script=hani;
[WARNING] Missing character: There is no 계 (U+ACC4) (U+ACC4) in font Menlo Regular/OT:script=hani;
[WARNING] Missing character: There is no 인 (U+C778) (U+C778) in font Menlo Regular/OT:script=hani;
[WARNING] Missing character: There is no 자 (U+C790) (U+C790) in font Menlo Regular/OT:script=hani;
[WARNING] Missing character: There is no 중 (U+C911) (U+C911) in font Menlo Regular/OT:script=hani;
[WARNING] Missing character: There is no 복 (U+BCF5) (U+BCF5) in font Menlo Regular/OT:script=hani;
[WARNING] Missing character: There is no 인 (U+C778) (U+C778) in font Menlo Regular/OT:script=hani;
[WARNING] Missing character: There is no 자 (U+C790) (U+C790) in font Menlo Regular/OT:script=hani;
[WARNING] Missing character: There is no 프 (U+D504) (U+D504) in font Menlo Regular/OT:script=hani;
[WARNING] Missing character: There is no 로 (U+B85C) (U+B85C) in font Menlo Regular/OT:script=hani;
[WARNING] Missing character: There is no 프 (U+D504) (U+D504) in font Menlo Regular/OT:script=hani;
[WARNING] Missing character: There is no 로 (U+B85C) (U+B85C) in font Menlo Regular/OT:script=hani;
[WARNING] Missing character: There is no 프 (U+D504) (U+D504) in font Menlo Regular/OT:script=hani;
[WARNING] Missing character: There is no 로 (U+B85C) (U+B85C) in font Menlo Regular/OT:script=hani;
[WARNING] Missing character: There is no 토 (U+D1A0) (U+D1A0) in font Menlo Regular/OT:script=hani;
[WARNING] Missing character: There is no 콜 (U+CF5C) (U+CF5C) in font Menlo Regular/OT:script=hani;
[WARNING] Missing character: There is no 커 (U+CEE4) (U+CEE4) in font Menlo Regular/OT:script=hani;
[WARNING] Missing character: There is no 버 (U+BC84) (U+BC84) in font Menlo Regular/OT:script=hani;
[WARNING] Missing character: There is no 리 (U+B9AC) (U+B9AC) in font Menlo Regular/OT:script=hani;
[WARNING] Missing character: There is no 지 (U+C9C0) (U+C9C0) in font Menlo Regular/OT:script=hani;
[WARNING] Missing character: There is no 셀 (U+C140) (U+C140) in font Menlo Regular/OT:script=hani;
[WARNING] Missing character: There is no 중 (U+C911) (U+C911) in font Menlo Regular/OT:script=hani;
[WARNING] Missing character: There is no 높 (U+B192) (U+B192) in font Menlo Regular/OT:script=hani;
[WARNING] Missing character: There is no 을 (U+C744) (U+C744) in font Menlo Regular/OT:script=hani;
[WARNING] Missing character: There is no 수 (U+C218) (U+C218) in font Menlo Regular/OT:script=hani;
[WARNING] Missing character: There is no 록 (U+B85D) (U+B85D) in font Menlo Regular/OT:script=hani;
[WARNING] Missing character: There is no 일 (U+C77C) (U+C77C) in font Menlo Regular/OT:script=hani;
[WARNING] Missing character: There is no 관 (U+AD00) (U+AD00) in font Menlo Regular/OT:script=hani;
[WARNING] Missing character: There is no 분 (U+BD84) (U+BD84) in font Menlo Regular/OT:script=hani;
[WARNING] Missing character: There is no 석 (U+C11D) (U+C11D) in font Menlo Regular/OT:script=hani;
[WARNING] Missing character: There is no 일 (U+C77C) (U+C77C) in font Menlo Regular/OT:script=hani;
[WARNING] Missing character: There is no 관 (U+AD00) (U+AD00) in font Menlo Regular/OT:script=hani;
[WARNING] Missing character: There is no 성 (U+C131) (U+C131) in font Menlo Regular/OT:script=hani;
[WARNING] Missing character: There is no 누 (U+B204) (U+B204) in font Menlo Regular/OT:script=hani;
[WARNING] Missing character: There is no 락 (U+B77D) (U+B77D) in font Menlo Regular/OT:script=hani;
[WARNING] Missing character: There is no 多 (U+591A) (U+591A) in font Menlo Regular/OT:script=hani;
