[WARNING] Missing character: There is no 채 (U+CC44) (U+CC44) in font Menlo Regular/OT:script=hani;
[WARNING] Missing character: There is no 널 (U+B110) (U+B110) in font Menlo Regular/OT:script=hani;
[WARNING] Missing character: There is no 필 (U+D544) (U+D544) in font Menlo Regular/OT:script=hani;
[WARNING] Missing character: There is no 터 (U+D130) (U+D130) in font Menlo Regular/OT:script=hani;
[WARNING] Missing character: There is no 버 (U+BC84) (U+BC84) in font Menlo Regular/OT:script=hani;
[WARNING] Missing character: There is no 퍼 (U+D37C) (U+D37C) in font Menlo Regular/OT:script=hani;
[WARNING] Missing character: There is no 피 (U+D53C) (U+D53C) in font Menlo Regular/OT:script=hani;
[WARNING] Missing character: There is no 크 (U+D06C) (U+D06C) in font Menlo Regular/OT:script=hani;
[WARNING] Missing character: There is no 처 (U+CC98) (U+CC98) in font Menlo Regular/OT:script=hani;
[WARNING] Missing character: There is no 리 (U+B9AC) (U+B9AC) in font Menlo Regular/OT:script=hani;
[WARNING] Missing character: There is no 량 (U+B7C9) (U+B7C9) in font Menlo Regular/OT:script=hani;
[WARNING] Missing character: There is no 필 (U+D544) (U+D544) in font Menlo Regular/OT:script=hani;
[WARNING] Missing character: There is no 터 (U+D130) (U+D130) in font Menlo Regular/OT:script=hani;
[WARNING] Missing character: There is no 계 (U+ACC4) (U+ACC4) in font Menlo Regular/OT:script=hani;
[WARNING] Missing character: There is no 수 (U+C218) (U+C218) in font Menlo Regular/OT:script=hani;
[WARNING] Missing character: There is no 프 (U+D504) (U+D504) in font Menlo Regular/OT:script=hani;
[WARNING] Missing character: There is no 레 (U+B808) (U+B808) in font Menlo Regular/OT:script=hani;
[WARNING] Missing character: There is no 임 (U+C784) (U+C784) in font Menlo Regular/OT:script=hani;
[WARNING] Missing character: There is no 피 (U+D53C) (U+D53C) in font Menlo Regular/OT:script=hani;
[WARNING] Missing character: There is no 크 (U+D06C) (U+D06C) in font Menlo Regular/OT:script=hani;
[WARNING] Missing character: There is no 처 (U+CC98) (U+CC98) in font Menlo Regular/OT:script=hani;
[WARNING] Missing character: There is no 리 (U+B9AC) (U+B9AC) in font Menlo Regular/OT:script=hani;
[WARNING] Missing character: There is no 량 (U+B7C9) (U+B7C9) in font Menlo Regular/OT:script=hani;
[WARNING] Missing character: There is no 프 (U+D504) (U+D504) in font Menlo Regular/OT:script=hani;
[WARNING] Missing character: There is no 레 (U+B808) (U+B808) in font Menlo Regular/OT:script=hani;
[WARNING] Missing character: There is no 임 (U+C784) (U+C784) in font Menlo Regular/OT:script=hani;
[WARNING] Missing character: There is no 계 (U+ACC4) (U+ACC4) in font Menlo Regular/OT:script=hani;
[WARNING] Missing character: There is no 수 (U+C218) (U+C218) in font Menlo Regular/OT:script=hani;
[WARNING] Missing character: There is no 토 (U+D1A0) (U+D1A0) in font Menlo Regular/OT:script=hani;
[WARNING] Missing character: There is no 큰 (U+D070) (U+D070) in font Menlo Regular/OT:script=hani;
[WARNING] Missing character: There is no 예 (U+C608) (U+C608) in font Menlo Regular/OT:script=hani;
[WARNING] Missing character: There is no 측 (U+CE21) (U+CE21) in font Menlo Regular/OT:script=hani;
[WARNING] Missing character: There is no 피 (U+D53C) (U+D53C) in font Menlo Regular/OT:script=hani;
[WARNING] Missing character: There is no 크 (U+D06C) (U+D06C) in font Menlo Regular/OT:script=hani;
[WARNING] Missing character: There is no 처 (U+CC98) (U+CC98) in font Menlo Regular/OT:script=hani;
[WARNING] Missing character: There is no 리 (U+B9AC) (U+B9AC) in font Menlo Regular/OT:script=hani;
[WARNING] Missing character: There is no 량 (U+B7C9) (U+B7C9) in font Menlo Regular/OT:script=hani;
[WARNING] Missing character: There is no 배 (U+BC30) (U+BC30) in font Menlo Regular/OT:script=hani;
[WARNING] Missing character: There is no 치 (U+CE58) (U+CE58) in font Menlo Regular/OT:script=hani;
[WARNING] Missing character: There is no 채 (U+CC44) (U+CC44) in font Menlo Regular/OT:script=hani;
[WARNING] Missing character: There is no 널 (U+B110) (U+B110) in font Menlo Regular/OT:script=hani;
[WARNING] Missing character: There is no 지 (U+C9C0) (U+C9C0) in font Menlo Regular/OT:script=hani;
[WARNING] Missing character: There is no 연 (U+C5F0) (U+C5F0) in font Menlo Regular/OT:script=hani;
[WARNING] Missing character: There is no 성 (U+C131) (U+C131) in font Menlo Italic/OT:script=hani;l
[WARNING] Missing character: There is no 능 (U+B2A5) (U+B2A5) in font Menlo Italic/OT:script=hani;l
[WARNING] Missing character: There is no 시 (U+C2DC) (U+C2DC) in font Menlo Italic/OT:script=hani;l
[WARNING] Missing character: There is no 뮬 (U+BBAC) (U+BBAC) in font Menlo Italic/OT:script=hani;l
[WARNING] Missing character: There is no 레 (U+B808) (U+B808) in font Menlo Italic/OT:script=hani;l
[WARNING] Missing character: There is no 이 (U+C774) (U+C774) in font Menlo Italic/OT:script=hani;l
[WARNING] Missing character: There is no 션 (U+C158) (U+C158) in font Menlo Italic/OT:script=hani;l
[WARNING] Missing character: There is no 분 (U+BD84) (U+BD84) in font Menlo Italic/OT:script=hani;l
[WARNING] Missing character: There is no 포 (U+D3EC) (U+D3EC) in font Menlo Italic/OT:script=hani;l
[WARNING] Missing character: There is no 합 (U+D569) (U+D569) in font Menlo Regular/OT:script=hani;
[WARNING] Missing character: There is no 계 (U+ACC4) (U+ACC4) in font Menlo Regular/OT:script=hani;
[WARNING] Missing character: There is no 피 (U+D53C) (U+D53C) in font Menlo Italic/OT:script=hani;l
[WARNING] Missing character: There is no 크 (U+D06C) (U+D06C) in font Menlo Italic/OT:script=hani;l
[WARNING] Missing character: There is no 전 (U+C804) (U+C804) in font Menlo Italic/OT:script=hani;l
[WARNING] Missing character: There is no 력 (U+B825) (U+B825) in font Menlo Italic/OT:script=hani;l
[WARNING] Missing character: There is no 일 (U+C77C) (U+C77C) in font Menlo Italic/OT:script=hani;l
[WARNING] Missing character: There is no 반 (U+BC18) (U+BC18) in font Menlo Italic/OT:script=hani;l
[WARNING] Missing character: There is no 적 (U+C801) (U+C801) in font Menlo Italic/OT:script=hani;l
[WARNING] Missing character: There is no 기 (U+AE30) (U+AE30) in font Menlo Italic/OT:script=hani;l
[WARNING] Missing character: There is no 준 (U+C900) (U+C900) in font Menlo Italic/OT:script=hani;l
[WARNING] Missing character: There is no 전 (U+C804) (U+C804) in font Menlo Italic/OT:script=hani;l
[WARNING] Missing character: There is no 력 (U+B825) (U+B825) in font Menlo Italic/OT:script=hani;l
[WARNING] Missing character: There is no 효 (U+D6A8) (U+D6A8) in font Menlo Italic/OT:script=hani;l
[WARNING] Missing character: There is no 율 (U+C728) (U+C728) in font Menlo Italic/OT:script=hani;l
[WARNING] Missing character: There is no 기 (U+AE30) (U+AE30) in font Menlo Italic/OT:script=hani;l
[WARNING] Missing character: There is no 존 (U+C874) (U+C874) in font Menlo Italic/OT:script=hani;l
[WARNING] Missing character: There is no 범 (U+BC94) (U+BC94) in font Menlo Italic/OT:script=hani;l
[WARNING] Missing character: There is no 용 (U+C6A9) (U+C6A9) in font Menlo Italic/OT:script=hani;l
[WARNING] Missing character: There is no 대 (U+B300) (U+B300) in font Menlo Italic/OT:script=hani;l
[WARNING] Missing character: There is no 략 (U+B7B5) (U+B7B5) in font Menlo Italic/OT:script=hani;l
[WARNING] Missing character: There is no 수 (U+C218) (U+C218) in font Menlo Italic/OT:script=hani;l
[WARNING] Missing character: There is no 치 (U+CE58) (U+CE58) in font Menlo Italic/OT:script=hani;l
[WARNING] Missing character: There is no 기 (U+AE30) (U+AE30) in font Menlo Regular/OT:script=hani;
[WARNING] Missing character: There is no 존 (U+C874) (U+C874) in font Menlo Regular/OT:script=hani;
[WARNING] Missing character: There is no 범 (U+BC94) (U+BC94) in font Menlo Regular/OT:script=hani;
[WARNING] Missing character: There is no 용 (U+C6A9) (U+C6A9) in font Menlo Regular/OT:script=hani;
[WARNING] Missing character: There is no 효 (U+D6A8) (U+D6A8) in font Menlo Regular/OT:script=hani;
[WARNING] Missing character: There is no 율 (U+C728) (U+C728) in font Menlo Regular/OT:script=hani;
[WARNING] Missing character: There is no 개 (U+AC1C) (U+AC1C) in font Menlo Regular/OT:script=hani;
[WARNING] Missing character: There is no 선 (U+C120) (U+C120) in font Menlo Regular/OT:script=hani;
[WARNING] Missing character: There is no 배 (U+BC30) (U+BC30) in font Menlo Regular/OT:script=hani;
[WARNING] Missing character: There is no 지 (U+C9C0) (U+C9C0) in font Menlo Italic/OT:script=hani;l
[WARNING] Missing character: There is no 연 (U+C5F0) (U+C5F0) in font Menlo Italic/OT:script=hani;l
[WARNING] Missing character: There is no 시 (U+C2DC) (U+C2DC) in font Menlo Italic/OT:script=hani;l
[WARNING] Missing character: There is no 간 (U+AC04) (U+AC04) in font Menlo Italic/OT:script=hani;l
[WARNING] Missing character: There is no 지 (U+C9C0) (U+C9C0) in font Menlo Regular/OT:script=hani;
[WARNING] Missing character: There is no 연 (U+C5F0) (U+C5F0) in font Menlo Regular/OT:script=hani;
[WARNING] Missing character: There is no 개 (U+AC1C) (U+AC1C) in font Menlo Regular/OT:script=hani;
[WARNING] Missing character: There is no 선 (U+C120) (U+C120) in font Menlo Regular/OT:script=hani;
[WARNING] Missing character: There is no 배 (U+BC30) (U+BC30) in font Menlo Regular/OT:script=hani;
[WARNING] Missing character: There is no 결 (U+ACB0) (U+ACB0) in font Menlo Italic/OT:script=hani;l
[WARNING] Missing character: There is no 과 (U+ACFC) (U+ACFC) in font Menlo Italic/OT:script=hani;l
[WARNING] Missing character: There is no 전 (U+C804) (U+C804) in font Menlo Italic/OT:script=hani;l
[WARNING] Missing character: There is no 력 (U+B825) (U+B825) in font Menlo Italic/OT:script=hani;l
[WARNING] Missing character: There is no 효 (U+D6A8) (U+D6A8) in font Menlo Italic/OT:script=hani;l
[WARNING] Missing character: There is no 율 (U+C728) (U+C728) in font Menlo Italic/OT:script=hani;l
[WARNING] Missing character: There is no 배 (U+BC30) (U+BC30) in font Menlo Italic/OT:script=hani;l
[WARNING] Missing character: There is no 지 (U+C9C0) (U+C9C0) in font Menlo Italic/OT:script=hani;l
[WARNING] Missing character: There is no 연 (U+C5F0) (U+C5F0) in font Menlo Italic/OT:script=hani;l
[WARNING] Missing character: There is no 배 (U+BC30) (U+BC30) in font Menlo Italic/OT:script=hani;l
[WARNING] Missing character: There is no 음 (U+C74C) (U+C74C) in font Menlo Regular/OT:script=hani;
[WARNING] Missing character: There is no 성 (U+C131) (U+C131) in font Menlo Regular/OT:script=hani;
[WARNING] Missing character: There is no 전 (U+C804) (U+C804) in font Menlo Regular/OT:script=hani;
[WARNING] Missing character: There is no 력 (U+B825) (U+B825) in font Menlo Regular/OT:script=hani;
[WARNING] Missing character: There is no 효 (U+D6A8) (U+D6A8) in font Menlo Regular/OT:script=hani;
[WARNING] Missing character: There is no 율 (U+C728) (U+C728) in font Menlo Regular/OT:script=hani;
[WARNING] Missing character: There is no 높 (U+B192) (U+B192) in font Menlo Regular/OT:script=hani;
[WARNING] Missing character: There is no 을 (U+C744) (U+C744) in font Menlo Regular/OT:script=hani;
[WARNING] Missing character: There is no 수 (U+C218) (U+C218) in font Menlo Regular/OT:script=hani;
[WARNING] Missing character: There is no 록 (U+B85D) (U+B85D) in font Menlo Regular/OT:script=hani;
[WARNING] Missing character: There is no 좋 (U+C88B) (U+C88B) in font Menlo Regular/OT:script=hani;
[WARNING] Missing character: There is no 음 (U+C74C) (U+C74C) in font Menlo Regular/OT:script=hani;
[WARNING] Missing character: There is no 추 (U+CD94) (U+CD94) in font Menlo Regular/OT:script=hani;
[WARNING] Missing character: There is no 정 (U+C815) (U+C815) in font Menlo Regular/OT:script=hani;
[WARNING] Missing character: There is no 범 (U+BC94) (U+BC94) in font Menlo Regular/OT:script=hani;
[WARNING] Missing character: There is no 용 (U+C6A9) (U+C6A9) in font Menlo Regular/OT:script=hani;
[WARNING] Missing character: There is no 엔 (U+C5D4) (U+C5D4) in font Menlo Regular/OT:script=hani;
[WARNING] Missing character: There is no 드 (U+B4DC) (U+B4DC) in font Menlo Regular/OT:script=hani;
[WARNING] Missing character: There is no 엔 (U+C5D4) (U+C5D4) in font Menlo Regular/OT:script=hani;
[WARNING] Missing character: There is no 드 (U+B4DC) (U+B4DC) in font Menlo Regular/OT:script=hani;
[WARNING] Missing character: There is no 엔 (U+C5D4) (U+C5D4) in font Menlo Regular/OT:script=hani;
[WARNING] Missing character: There is no 드 (U+B4DC) (U+B4DC) in font Menlo Regular/OT:script=hani;
[WARNING] Missing character: There is no 투 (U+D22C) (U+D22C) in font Menlo Regular/OT:script=hani;
[WARNING] Missing character: There is no 엔 (U+C5D4) (U+C5D4) in font Menlo Regular/OT:script=hani;
[WARNING] Missing character: There is no 드 (U+B4DC) (U+B4DC) in font Menlo Regular/OT:script=hani;
[WARNING] Missing character: There is no 지 (U+C9C0) (U+C9C0) in font Menlo Regular/OT:script=hani;
[WARNING] Missing character: There is no 연 (U+C5F0) (U+C5F0) in font Menlo Regular/OT:script=hani;
[WARNING] Missing character: There is no 낮 (U+B0AE) (U+B0AE) in font Menlo Regular/OT:script=hani;
[WARNING] Missing character: There is no 을 (U+C744) (U+C744) in font Menlo Regular/OT:script=hani;
[WARNING] Missing character: There is no 수 (U+C218) (U+C218) in font Menlo Regular/OT:script=hani;
[WARNING] Missing character: There is no 록 (U+B85D) (U+B85D) in font Menlo Regular/OT:script=hani;
[WARNING] Missing character: There is no 좋 (U+C88B) (U+C88B) in font Menlo Regular/OT:script=hani;
[WARNING] Missing character: There is no 음 (U+C74C) (U+C74C) in font Menlo Regular/OT:script=hani;
