[WARNING] Missing character: There is no ₀ (U+2080) (U+2080) in font Apple SD Gothic Neo Regular/O
[WARNING] Missing character: There is no 최 (U+CD5C) (U+CD5C) in font Menlo Regular/OT:script=hani;
[WARNING] Missing character: There is no 소 (U+C18C) (U+C18C) in font Menlo Regular/OT:script=hani;
[WARNING] Missing character: There is no 자 (U+C790) (U+C790) in font Menlo Regular/OT:script=hani;
[WARNING] Missing character: There is no 명 (U+BA85) (U+BA85) in font Menlo Regular/OT:script=hani;
[WARNING] Missing character: There is no ⟺ (U+27FA) (U+27FA) in font Apple SD Gothic Neo ExtraBold
[WARNING] Missing character: There is no 양 (U+C591) (U+C591) in font Menlo Regular/OT:script=hani;
[WARNING] Missing character: There is no 변 (U+BCC0) (U+BCC0) in font Menlo Regular/OT:script=hani;
[WARNING] Missing character: There is no 일 (U+C77C) (U+C77C) in font Menlo Regular/OT:script=hani;
[WARNING] Missing character: There is no 치 (U+CE58) (U+CE58) in font Menlo Regular/OT:script=hani;
[WARNING] Missing character: There is no ₀ (U+2080) (U+2080) in font Apple SD Gothic Neo Regular/O
[WARNING] Missing character: There is no ₀ (U+2080) (U+2080) in font Apple SD Gothic Neo ExtraBold
[WARNING] Missing character: There is no 독 (U+B3C5) (U+B3C5) in font Menlo Regular/OT:script=hani;
[WARNING] Missing character: There is no 립 (U+B9BD) (U+B9BD) in font Menlo Regular/OT:script=hani;
[WARNING] Missing character: There is no 증 (U+C99D) (U+C99D) in font Menlo Regular/OT:script=hani;
[WARNING] Missing character: There is no 명 (U+BA85) (U+BA85) in font Menlo Regular/OT:script=hani;
[WARNING] Missing character: There is no 기 (U+AE30) (U+AE30) in font Menlo Regular/OT:script=hani;
[WARNING] Missing character: There is no 저 (U+C800) (U+C800) in font Menlo Regular/OT:script=hani;
[WARNING] Missing character: There is no 확 (U+D655) (U+D655) in font Menlo Regular/OT:script=hani;
[WARNING] Missing character: There is no 장 (U+C7A5) (U+C7A5) in font Menlo Regular/OT:script=hani;
[WARNING] Missing character: There is no 무 (U+BB34) (U+BB34) in font Menlo Regular/OT:script=hani;
[WARNING] Missing character: There is no 한 (U+D55C) (U+D55C) in font Menlo Regular/OT:script=hani;
[WARNING] Missing character: There is no 곱 (U+ACF1) (U+ACF1) in font Menlo Regular/OT:script=hani;
[WARNING] Missing character: There is no 보 (U+BCF4) (U+BCF4) in font Menlo Regular/OT:script=hani;
[WARNING] Missing character: There is no 조 (U+C870) (U+C870) in font Menlo Regular/OT:script=hani;
[WARNING] Missing character: There is no 승 (U+C2B9) (U+C2B9) in font Menlo Regular/OT:script=hani;
[WARNING] Missing character: There is no 지 (U+C9C0) (U+C9C0) in font Menlo Regular/OT:script=hani;
[WARNING] Missing character: There is no 수 (U+C218) (U+C218) in font Menlo Regular/OT:script=hani;
[WARNING] Missing character: There is no 모 (U+BAA8) (U+BAA8) in font Menlo Regular/OT:script=hani;
[WARNING] Missing character: There is no 듈 (U+B4C8) (U+B4C8) in font Menlo Regular/OT:script=hani;
[WARNING] Missing character: There is no 러 (U+B7EC) (U+B7EC) in font Menlo Regular/OT:script=hani;
[WARNING] Missing character: There is no 성 (U+C131) (U+C131) in font Menlo Regular/OT:script=hani;
[WARNING] Missing character: There is no 강 (U+AC15) (U+AC15) in font Menlo Regular/OT:script=hani;
[WARNING] Missing character: There is no 제 (U+C81C) (U+C81C) in font Menlo Regular/OT:script=hani;
[WARNING] Missing character: There is no 정 (U+C815) (U+C815) in font Menlo Regular/OT:script=hani;
[WARNING] Missing character: There is no 의 (U+C758) (U+C758) in font Menlo Regular/OT:script=hani;
[WARNING] Missing character: There is no 전 (U+C804) (U+C804) in font Menlo Regular/OT:script=hani;
[WARNING] Missing character: There is no 개 (U+AC1C) (U+AC1C) in font Menlo Regular/OT:script=hani;
[WARNING] Missing character: There is no 관 (U+AD00) (U+AD00) in font Menlo Regular/OT:script=hani;
[WARNING] Missing character: There is no 찰 (U+CC30) (U+CC30) in font Menlo Regular/OT:script=hani;
[WARNING] Missing character: There is no 정 (U+C815) (U+C815) in font Menlo Regular/OT:script=hani;
[WARNING] Missing character: There is no 리 (U+B9AC) (U+B9AC) in font Menlo Regular/OT:script=hani;
[WARNING] Missing character: There is no 최 (U+CD5C) (U+CD5C) in font Menlo Regular/OT:script=hani;
[WARNING] Missing character: There is no 소 (U+C18C) (U+C18C) in font Menlo Regular/OT:script=hani;
[WARNING] Missing character: There is no 자 (U+C790) (U+C790) in font Menlo Regular/OT:script=hani;
[WARNING] Missing character: There is no 명 (U+BA85) (U+BA85) in font Menlo Regular/OT:script=hani;
[WARNING] Missing character: There is no 체 (U+CCB4) (U+CCB4) in font Menlo Regular/OT:script=hani;
[WARNING] Missing character: There is no 인 (U+C778) (U+C778) in font Menlo Regular/OT:script=hani;
[WARNING] Missing character: There is no 총 (U+CD1D) (U+CD1D) in font Menlo Regular/OT:script=hani;
[WARNING] Missing character: There is no 길 (U+AE38) (U+AE38) in font Menlo Regular/OT:script=hani;
[WARNING] Missing character: There is no 이 (U+C774) (U+C774) in font Menlo Regular/OT:script=hani;
[WARNING] Missing character: There is no 링 (U+B9C1) (U+B9C1) in font Menlo Regular/OT:script=hani;
[WARNING] Missing character: There is no 크 (U+D06C) (U+D06C) in font Menlo Regular/OT:script=hani;
[WARNING] Missing character: There is no 출 (U+CD9C) (U+CD9C) in font Menlo Regular/OT:script=hani;
[WARNING] Missing character: There is no 발 (U+BC1C) (U+BC1C) in font Menlo Regular/OT:script=hani;
[WARNING] Missing character: There is no 점 (U+C810) (U+C810) in font Menlo Regular/OT:script=hani;
[WARNING] Missing character: There is no 좌 (U+C88C) (U+C88C) in font Menlo Regular/OT:script=hani;
[WARNING] Missing character: There is no 표 (U+D45C) (U+D45C) in font Menlo Regular/OT:script=hani;
[WARNING] Missing character: There is no 계 (U+ACC4) (U+ACC4) in font Menlo Regular/OT:script=hani;
[WARNING] Missing character: There is no 좌 (U+C88C) (U+C88C) in font Menlo Regular/OT:script=hani;
[WARNING] Missing character: There is no 표 (U+D45C) (U+D45C) in font Menlo Regular/OT:script=hani;
[WARNING] Missing character: There is no 성 (U+C131) (U+C131) in font Menlo Regular/OT:script=hani;
[WARNING] Missing character: There is no 립 (U+B9BD) (U+B9BD) in font Menlo Regular/OT:script=hani;
[WARNING] Missing character: There is no ₀ (U+2080) (U+2080) in font Apple SD Gothic Neo ExtraBold
[WARNING] Missing character: There is no 해 (U+D574) (U+D574) in font Menlo Regular/OT:script=hani;
[WARNING] Missing character: There is no 석 (U+C11D) (U+C11D) in font Menlo Regular/OT:script=hani;
[WARNING] Missing character: There is no 적 (U+C801) (U+C801) in font Menlo Regular/OT:script=hani;
[WARNING] Missing character: There is no 연 (U+C5F0) (U+C5F0) in font Menlo Regular/OT:script=hani;
[WARNING] Missing character: There is no 속 (U+C18D) (U+C18D) in font Menlo Regular/OT:script=hani;
[WARNING] Missing character: There is no 연 (U+C5F0) (U+C5F0) in font Menlo Regular/OT:script=hani;
[WARNING] Missing character: There is no 결 (U+ACB0) (U+ACB0) in font Menlo Regular/OT:script=hani;
[WARNING] Missing character: There is no 분 (U+BD84) (U+BD84) in font Menlo Regular/OT:script=hani;
[WARNING] Missing character: There is no 모 (U+BAA8) (U+BAA8) in font Menlo Regular/OT:script=hani;
[WARNING] Missing character: There is no 정 (U+C815) (U+C815) in font Menlo Regular/OT:script=hani;
[WARNING] Missing character: There is no 리 (U+B9AC) (U+B9AC) in font Menlo Regular/OT:script=hani;
[WARNING] Missing character: There is no 의 (U+C758) (U+C758) in font Menlo Regular/OT:script=hani;
[WARNING] Missing character: There is no 공 (U+ACF5) (U+ACF5) in font Menlo Regular/OT:script=hani;
[WARNING] Missing character: There is no 통 (U+D1B5) (U+D1B5) in font Menlo Regular/OT:script=hani;
[WARNING] Missing character: There is no 값 (U+AC12) (U+AC12) in font Menlo Regular/OT:script=hani;
[WARNING] Missing character: There is no 의 (U+C758) (U+C758) in font Menlo Regular/OT:script=hani;
[WARNING] Missing character: There is no 소 (U+C18C) (U+C18C) in font Menlo Regular/OT:script=hani;
[WARNING] Missing character: There is no 인 (U+C778) (U+C778) in font Menlo Regular/OT:script=hani;
[WARNING] Missing character: There is no 수 (U+C218) (U+C218) in font Menlo Regular/OT:script=hani;
[WARNING] Missing character: There is no 곱 (U+ACF1) (U+ACF1) in font Menlo Regular/OT:script=hani;
[WARNING] Missing character: There is no 는 (U+B294) (U+B294) in font Menlo Regular/OT:script=hani;
[WARNING] Missing character: There is no 의 (U+C758) (U+C758) in font Menlo Regular/OT:script=hani;
[WARNING] Missing character: There is no 주 (U+C8FC) (U+C8FC) in font Menlo Regular/OT:script=hani;
[WARNING] Missing character: There is no 정 (U+C815) (U+C815) in font Menlo Regular/OT:script=hani;
[WARNING] Missing character: There is no 리 (U+B9AC) (U+B9AC) in font Menlo Regular/OT:script=hani;
[WARNING] Missing character: There is no 공 (U+ACF5) (U+ACF5) in font Menlo Regular/OT:script=hani;
[WARNING] Missing character: There is no 통 (U+D1B5) (U+D1B5) in font Menlo Regular/OT:script=hani;
[WARNING] Missing character: There is no 값 (U+AC12) (U+AC12) in font Menlo Regular/OT:script=hani;
[WARNING] Missing character: There is no 의 (U+C758) (U+C758) in font Menlo Regular/OT:script=hani;
[WARNING] Missing character: There is no 음 (U+C74C) (U+C74C) in font Menlo Regular/OT:script=hani;
[WARNING] Missing character: There is no 의 (U+C758) (U+C758) in font Menlo Regular/OT:script=hani;
[WARNING] Missing character: There is no 역 (U+C5ED) (U+C5ED) in font Menlo Regular/OT:script=hani;
[WARNING] Missing character: There is no 수 (U+C218) (U+C218) in font Menlo Regular/OT:script=hani;
[WARNING] Missing character: There is no 좌 (U+C88C) (U+C88C) in font Menlo Regular/OT:script=hani;
[WARNING] Missing character: There is no 표 (U+D45C) (U+D45C) in font Menlo Regular/OT:script=hani;
[WARNING] Missing character: There is no 성 (U+C131) (U+C131) in font Menlo Regular/OT:script=hani;
[WARNING] Missing character: There is no 립 (U+B9BD) (U+B9BD) in font Menlo Regular/OT:script=hani;
[WARNING] Missing character: There is no 완 (U+C644) (U+C644) in font Menlo Regular/OT:script=hani;
[WARNING] Missing character: There is no 전 (U+C804) (U+C804) in font Menlo Regular/OT:script=hani;
[WARNING] Missing character: There is no é (U+00E9) (U+00E9) in font Apple SD Gothic Neo Regular/O
[WARNING] Missing character: There is no é (U+00E9) (U+00E9) in font Apple SD Gothic Neo Regular/O
[WARNING] Missing character: There is no 변 (U+BCC0) (U+BCC0) in font Menlo Regular/OT:script=hani;
[WARNING] Missing character: There is no 환 (U+D658) (U+D658) in font Menlo Regular/OT:script=hani;
[WARNING] Missing character: There is no 법 (U+BC95) (U+BC95) in font Menlo Regular/OT:script=hani;
[WARNING] Missing character: There is no 칙 (U+CE59) (U+CE59) in font Menlo Regular/OT:script=hani;
[WARNING] Missing character: There is no 의 (U+C758) (U+C758) in font Menlo Regular/OT:script=hani;
[WARNING] Missing character: There is no 지 (U+C9C0) (U+C9C0) in font Menlo Regular/OT:script=hani;
[WARNING] Missing character: There is no 수 (U+C218) (U+C218) in font Menlo Regular/OT:script=hani;
[WARNING] Missing character: There is no 기 (U+AE30) (U+AE30) in font Menlo Regular/OT:script=hani;
[WARNING] Missing character: There is no 저 (U+C800) (U+C800) in font Menlo Regular/OT:script=hani;
[WARNING] Missing character: There is no 의 (U+C758) (U+C758) in font Menlo Regular/OT:script=hani;
[WARNING] Missing character: There is no 변 (U+BCC0) (U+BCC0) in font Menlo Regular/OT:script=hani;
[WARNING] Missing character: There is no 환 (U+D658) (U+D658) in font Menlo Regular/OT:script=hani;
[WARNING] Missing character: There is no 위 (U+C704) (U+C704) in font Menlo Regular/OT:script=hani;
[WARNING] Missing character: There is no 상 (U+C0C1) (U+C0C1) in font Menlo Regular/OT:script=hani;
[WARNING] Missing character: There is no 근 (U+ADFC) (U+ADFC) in font Menlo Regular/OT:script=hani;
[WARNING] Missing character: There is no 의 (U+C758) (U+C758) in font Menlo Regular/OT:script=hani;
[WARNING] Missing character: There is no 차 (U+CC28) (U+CC28) in font Menlo Regular/OT:script=hani;
[WARNING] Missing character: There is no 근 (U+ADFC) (U+ADFC) in font Menlo Regular/OT:script=hani;
[WARNING] Missing character: There is no 좌 (U+C88C) (U+C88C) in font Menlo Regular/OT:script=hani;
[WARNING] Missing character: There is no 표 (U+D45C) (U+D45C) in font Menlo Regular/OT:script=hani;
[WARNING] Missing character: There is no 성 (U+C131) (U+C131) in font Menlo Regular/OT:script=hani;
[WARNING] Missing character: There is no 립 (U+B9BD) (U+B9BD) in font Menlo Regular/OT:script=hani;
[WARNING] Missing character: There is no 완 (U+C644) (U+C644) in font Menlo Regular/OT:script=hani;
[WARNING] Missing character: There is no 전 (U+C804) (U+C804) in font Menlo Regular/OT:script=hani;
[WARNING] Missing character: There is no 지 (U+C9C0) (U+C9C0) in font Menlo Regular/OT:script=hani;
[WARNING] Missing character: There is no 수 (U+C218) (U+C218) in font Menlo Regular/OT:script=hani;
[WARNING] Missing character: There is no 와 (U+C640) (U+C640) in font Menlo Regular/OT:script=hani;
[WARNING] Missing character: There is no 위 (U+C704) (U+C704) in font Menlo Regular/OT:script=hani;
[WARNING] Missing character: There is no 상 (U+C0C1) (U+C0C1) in font Menlo Regular/OT:script=hani;
[WARNING] Missing character: There is no 모 (U+BAA8) (U+BAA8) in font Menlo Regular/OT:script=hani;
[WARNING] Missing character: There is no 두 (U+B450) (U+B450) in font Menlo Regular/OT:script=hani;
[WARNING] Missing character: There is no 유 (U+C720) (U+C720) in font Menlo Regular/OT:script=hani;
[WARNING] Missing character: There is no 일 (U+C77C) (U+C77C) in font Menlo Regular/OT:script=hani;
[WARNING] Missing character: There is no 성 (U+C131) (U+C131) in font Menlo Regular/OT:script=hani;
[WARNING] Missing character: There is no 좌 (U+C88C) (U+C88C) in font Menlo Regular/OT:script=hani;
[WARNING] Missing character: There is no 표 (U+D45C) (U+D45C) in font Menlo Regular/OT:script=hani;
[WARNING] Missing character: There is no ₀ (U+2080) (U+2080) in font Apple SD Gothic Neo Regular/O
[WARNING] Missing character: There is no 전 (U+C804) (U+C804) in font Menlo Regular/OT:script=hani;
[WARNING] Missing character: There is no 개 (U+AC1C) (U+AC1C) in font Menlo Regular/OT:script=hani;
[WARNING] Missing character: There is no 는 (U+B294) (U+B294) in font Menlo Regular/OT:script=hani;
[WARNING] Missing character: There is no 의 (U+C758) (U+C758) in font Menlo Regular/OT:script=hani;
[WARNING] Missing character: There is no 첨 (U+CCA8) (U+CCA8) in font Menlo Regular/OT:script=hani;
[WARNING] Missing character: There is no 탑 (U+D0D1) (U+D0D1) in font Menlo Regular/OT:script=hani;
[WARNING] Missing character: There is no 형 (U+D615) (U+D615) in font Menlo Regular/OT:script=hani;
[WARNING] Missing character: There is no 식 (U+C2DD) (U+C2DD) in font Menlo Regular/OT:script=hani;
[WARNING] Missing character: There is no 전 (U+C804) (U+C804) in font Menlo Regular/OT:script=hani;
[WARNING] Missing character: There is no 체 (U+CCB4) (U+CCB4) in font Menlo Regular/OT:script=hani;
[WARNING] Missing character: There is no 공 (U+ACF5) (U+ACF5) in font Menlo Regular/OT:script=hani;
[WARNING] Missing character: There is no 간 (U+AC04) (U+AC04) in font Menlo Regular/OT:script=hani;
[WARNING] Missing character: There is no 의 (U+C758) (U+C758) in font Menlo Regular/OT:script=hani;
[WARNING] Missing character: There is no 차 (U+CC28) (U+CC28) in font Menlo Regular/OT:script=hani;
[WARNING] Missing character: There is no 원 (U+C6D0) (U+C6D0) in font Menlo Regular/OT:script=hani;
[WARNING] Missing character: There is no 기 (U+AE30) (U+AE30) in font Menlo Regular/OT:script=hani;
[WARNING] Missing character: There is no 저 (U+C800) (U+C800) in font Menlo Regular/OT:script=hani;
[WARNING] Missing character: There is no 지 (U+C9C0) (U+C9C0) in font Menlo Regular/OT:script=hani;
[WARNING] Missing character: There is no 수 (U+C218) (U+C218) in font Menlo Regular/OT:script=hani;
[WARNING] Missing character: There is no 주 (U+C8FC) (U+C8FC) in font Menlo Regular/OT:script=hani;
[WARNING] Missing character: There is no 정 (U+C815) (U+C815) in font Menlo Regular/OT:script=hani;
[WARNING] Missing character: There is no 리 (U+B9AC) (U+B9AC) in font Menlo Regular/OT:script=hani;
[WARNING] Missing character: There is no 공 (U+ACF5) (U+ACF5) in font Menlo Regular/OT:script=hani;
[WARNING] Missing character: There is no 통 (U+D1B5) (U+D1B5) in font Menlo Regular/OT:script=hani;
[WARNING] Missing character: There is no 값 (U+AC12) (U+AC12) in font Menlo Regular/OT:script=hani;
[WARNING] Missing character: There is no 계 (U+ACC4) (U+ACC4) in font Menlo Regular/OT:script=hani;
[WARNING] Missing character: There is no 수 (U+C218) (U+C218) in font Menlo Regular/OT:script=hani;
[WARNING] Missing character: There is no 부 (U+BD80) (U+BD80) in font Menlo Regular/OT:script=hani;
[WARNING] Missing character: There is no 호 (U+D638) (U+D638) in font Menlo Regular/OT:script=hani;
[WARNING] Missing character: There is no 는 (U+B294) (U+B294) in font Menlo Regular/OT:script=hani;
[WARNING] Missing character: There is no 에 (U+C5D0) (U+C5D0) in font Menlo Regular/OT:script=hani;
[WARNING] Missing character: There is no 등 (U+B4F1) (U+B4F1) in font Menlo Regular/OT:script=hani;
[WARNING] Missing character: There is no 장 (U+C7A5) (U+C7A5) in font Menlo Regular/OT:script=hani;
[WARNING] Missing character: There is no 연 (U+C5F0) (U+C5F0) in font Menlo Regular/OT:script=hani;
[WARNING] Missing character: There is no 결 (U+ACB0) (U+ACB0) in font Menlo Regular/OT:script=hani;
[WARNING] Missing character: There is no 좌 (U+C88C) (U+C88C) in font Menlo Regular/OT:script=hani;
[WARNING] Missing character: There is no 표 (U+D45C) (U+D45C) in font Menlo Regular/OT:script=hani;
[WARNING] Missing character: There is no 성 (U+C131) (U+C131) in font Menlo Regular/OT:script=hani;
[WARNING] Missing character: There is no 립 (U+B9BD) (U+B9BD) in font Menlo Regular/OT:script=hani;
[WARNING] Missing character: There is no 완 (U+C644) (U+C644) in font Menlo Regular/OT:script=hani;
[WARNING] Missing character: There is no 전 (U+C804) (U+C804) in font Menlo Regular/OT:script=hani;
[WARNING] Missing character: There is no 파 (U+D30C) (U+D30C) in font Menlo Regular/OT:script=hani;
[WARNING] Missing character: There is no 라 (U+B77C) (U+B77C) in font Menlo Regular/OT:script=hani;
[WARNING] Missing character: There is no 미 (U+BBF8) (U+BBF8) in font Menlo Regular/OT:script=hani;
[WARNING] Missing character: There is no 터 (U+D130) (U+D130) in font Menlo Regular/OT:script=hani;
[WARNING] Missing character: There is no 실 (U+C2E4) (U+C2E4) in font Menlo Regular/OT:script=hani;
[WARNING] Missing character: There is no 제 (U+C81C) (U+C81C) in font Menlo Regular/OT:script=hani;
[WARNING] Missing character: There is no 계 (U+ACC4) (U+ACC4) in font Menlo Regular/OT:script=hani;
[WARNING] Missing character: There is no 수 (U+C218) (U+C218) in font Menlo Regular/OT:script=hani;
[WARNING] Missing character: There is no 조 (U+C870) (U+C870) in font Menlo Regular/OT:script=hani;
[WARNING] Missing character: There is no 정 (U+C815) (U+C815) in font Menlo Regular/OT:script=hani;
[WARNING] Missing character: There is no 전 (U+C804) (U+C804) in font Menlo Regular/OT:script=hani;
[WARNING] Missing character: There is no 개 (U+AC1C) (U+AC1C) in font Menlo Regular/OT:script=hani;
[WARNING] Missing character: There is no 는 (U+B294) (U+B294) in font Menlo Regular/OT:script=hani;
[WARNING] Missing character: There is no 모 (U+BAA8) (U+BAA8) in font Menlo Regular/OT:script=hani;
[WARNING] Missing character: There is no 듈 (U+B4C8) (U+B4C8) in font Menlo Regular/OT:script=hani;
[WARNING] Missing character: There is no 러 (U+B7EC) (U+B7EC) in font Menlo Regular/OT:script=hani;
[WARNING] Missing character: There is no 함 (U+D568) (U+D568) in font Menlo Regular/OT:script=hani;
[WARNING] Missing character: There is no 수 (U+C218) (U+C218) in font Menlo Regular/OT:script=hani;
[WARNING] Missing character: There is no 의 (U+C758) (U+C758) in font Menlo Regular/OT:script=hani;
[WARNING] Missing character: There is no 생 (U+C0DD) (U+C0DD) in font Menlo Regular/OT:script=hani;
[WARNING] Missing character: There is no 성 (U+C131) (U+C131) in font Menlo Regular/OT:script=hani;
[WARNING] Missing character: There is no 자 (U+C790) (U+C790) in font Menlo Regular/OT:script=hani;
[WARNING] Missing character: There is no 상 (U+C0C1) (U+C0C1) in font Menlo Regular/OT:script=hani;
[WARNING] Missing character: There is no 수 (U+C218) (U+C218) in font Menlo Regular/OT:script=hani;
[WARNING] Missing character: There is no 항 (U+D56D) (U+D56D) in font Menlo Regular/OT:script=hani;
[WARNING] Missing character: There is no 부 (U+BD80) (U+BD80) in font Menlo Regular/OT:script=hani;
[WARNING] Missing character: There is no 분 (U+BD84) (U+BD84) in font Menlo Regular/OT:script=hani;
[WARNING] Missing character: There is no 표 (U+D45C) (U+D45C) in font Menlo Regular/OT:script=hani;
[WARNING] Missing character: There is no 현 (U+D604) (U+D604) in font Menlo Regular/OT:script=hani;
[WARNING] Missing character: There is no 후 (U+D6C4) (U+D6C4) in font Menlo Regular/OT:script=hani;
[WARNING] Missing character: There is no 보 (U+BCF4) (U+BCF4) in font Menlo Regular/OT:script=hani;
[WARNING] Missing character: There is no 깔 (U+AE54) (U+AE54) in font Menlo Regular/OT:script=hani;
[WARNING] Missing character: There is no 끔 (U+B054) (U+B054) in font Menlo Regular/OT:script=hani;
[WARNING] Missing character: There is no 한 (U+D55C) (U+D55C) in font Menlo Regular/OT:script=hani;
[WARNING] Missing character: There is no 좌 (U+C88C) (U+C88C) in font Menlo Regular/OT:script=hani;
[WARNING] Missing character: There is no 표 (U+D45C) (U+D45C) in font Menlo Regular/OT:script=hani;
[WARNING] Missing character: There is no 미 (U+BBF8) (U+BBF8) in font Menlo Regular/OT:script=hani;
[WARNING] Missing character: There is no 확 (U+D655) (U+D655) in font Menlo Regular/OT:script=hani;
[WARNING] Missing character: There is no 립 (U+B9BD) (U+B9BD) in font Menlo Regular/OT:script=hani;
[WARNING] Missing character: There is no 시 (U+C2DC) (U+C2DC) in font Menlo Regular/OT:script=hani;
[WARNING] Missing character: There is no 험 (U+D5D8) (U+D5D8) in font Menlo Regular/OT:script=hani;
[WARNING] Missing character: There is no 중 (U+C911) (U+C911) in font Menlo Regular/OT:script=hani;
[WARNING] Missing character: There is no 계 (U+ACC4) (U+ACC4) in font Menlo Regular/OT:script=hani;
[WARNING] Missing character: There is no 수 (U+C218) (U+C218) in font Menlo Regular/OT:script=hani;
[WARNING] Missing character: There is no 의 (U+C758) (U+C758) in font Menlo Regular/OT:script=hani;
[WARNING] Missing character: There is no 관 (U+AD00) (U+AD00) in font Menlo Regular/OT:script=hani;
[WARNING] Missing character: There is no 찰 (U+CC30) (U+CC30) in font Menlo Regular/OT:script=hani;
[WARNING] Missing character: There is no 계 (U+ACC4) (U+ACC4) in font Menlo Regular/OT:script=hani;
[WARNING] Missing character: There is no 수 (U+C218) (U+C218) in font Menlo Regular/OT:script=hani;
[WARNING] Missing character: There is no 좌 (U+C88C) (U+C88C) in font Menlo Regular/OT:script=hani;
[WARNING] Missing character: There is no 표 (U+D45C) (U+D45C) in font Menlo Regular/OT:script=hani;
[WARNING] Missing character: There is no 미 (U+BBF8) (U+BBF8) in font Menlo Regular/OT:script=hani;
[WARNING] Missing character: There is no 확 (U+D655) (U+D655) in font Menlo Regular/OT:script=hani;
[WARNING] Missing character: There is no 립 (U+B9BD) (U+B9BD) in font Menlo Regular/OT:script=hani;
[WARNING] Missing character: There is no 의 (U+C758) (U+C758) in font Menlo Regular/OT:script=hani;
[WARNING] Missing character: There is no 규 (U+ADDC) (U+ADDC) in font Menlo Regular/OT:script=hani;
[WARNING] Missing character: There is no 격 (U+ACA9) (U+ACA9) in font Menlo Regular/OT:script=hani;
[WARNING] Missing character: There is no 화 (U+D654) (U+D654) in font Menlo Regular/OT:script=hani;
[WARNING] Missing character: There is no 상 (U+C0C1) (U+C0C1) in font Menlo Regular/OT:script=hani;
[WARNING] Missing character: There is no 수 (U+C218) (U+C218) in font Menlo Regular/OT:script=hani;
[WARNING] Missing character: There is no 에 (U+C5D0) (U+C5D0) in font Menlo Regular/OT:script=hani;
[WARNING] Missing character: There is no 서 (U+C11C) (U+C11C) in font Menlo Regular/OT:script=hani;
[WARNING] Missing character: There is no 상 (U+C0C1) (U+C0C1) in font Menlo Regular/OT:script=hani;
[WARNING] Missing character: There is no 속 (U+C18D) (U+C18D) in font Menlo Regular/OT:script=hani;
[WARNING] Missing character: There is no 좌 (U+C88C) (U+C88C) in font Menlo Regular/OT:script=hani;
[WARNING] Missing character: There is no 표 (U+D45C) (U+D45C) in font Menlo Regular/OT:script=hani;
[WARNING] Missing character: There is no 성 (U+C131) (U+C131) in font Menlo Regular/OT:script=hani;
[WARNING] Missing character: There is no 립 (U+B9BD) (U+B9BD) in font Menlo Regular/OT:script=hani;
[WARNING] Missing character: There is no 부 (U+BD80) (U+BD80) in font Menlo Regular/OT:script=hani;
[WARNING] Missing character: There is no 분 (U+BD84) (U+BD84) in font Menlo Regular/OT:script=hani;
[WARNING] Missing character: There is no 적 (U+C801) (U+C801) in font Menlo Regular/OT:script=hani;
[WARNING] Missing character: There is no 링 (U+B9C1) (U+B9C1) in font Menlo Regular/OT:script=hani;
[WARNING] Missing character: There is no 크 (U+D06C) (U+D06C) in font Menlo Regular/OT:script=hani;
[WARNING] Missing character: There is no 는 (U+B294) (U+B294) in font Menlo Regular/OT:script=hani;
[WARNING] Missing character: There is no 완 (U+C644) (U+C644) in font Menlo Regular/OT:script=hani;
[WARNING] Missing character: There is no 전 (U+C804) (U+C804) in font Menlo Regular/OT:script=hani;
[WARNING] Missing character: There is no 고 (U+ACE0) (U+ACE0) in font Menlo Regular/OT:script=hani;
[WARNING] Missing character: There is no 차 (U+CC28) (U+CC28) in font Menlo Regular/OT:script=hani;
[WARNING] Missing character: There is no 계 (U+ACC4) (U+ACC4) in font Menlo Regular/OT:script=hani;
[WARNING] Missing character: There is no 수 (U+C218) (U+C218) in font Menlo Regular/OT:script=hani;
[WARNING] Missing character: There is no 는 (U+B294) (U+B294) in font Menlo Regular/OT:script=hani;
[WARNING] Missing character: There is no 미 (U+BBF8) (U+BBF8) in font Menlo Regular/OT:script=hani;
[WARNING] Missing character: There is no 확 (U+D655) (U+D655) in font Menlo Regular/OT:script=hani;
[WARNING] Missing character: There is no 립 (U+B9BD) (U+B9BD) in font Menlo Regular/OT:script=hani;
[WARNING] Missing character: There is no 의 (U+C758) (U+C758) in font Menlo Regular/OT:script=hani;
[WARNING] Missing character: There is no 계 (U+ACC4) (U+ACC4) in font Menlo Regular/OT:script=hani;
[WARNING] Missing character: There is no 수 (U+C218) (U+C218) in font Menlo Regular/OT:script=hani;
[WARNING] Missing character: There is no 관 (U+AD00) (U+AD00) in font Menlo Regular/OT:script=hani;
[WARNING] Missing character: There is no 찰 (U+CC30) (U+CC30) in font Menlo Regular/OT:script=hani;
[WARNING] Missing character: There is no 의 (U+C758) (U+C758) in font Menlo Regular/OT:script=hani;
[WARNING] Missing character: There is no 두 (U+B450) (U+B450) in font Menlo Regular/OT:script=hani;
[WARNING] Missing character: There is no 번 (U+BC88) (U+BC88) in font Menlo Regular/OT:script=hani;
[WARNING] Missing character: There is no 째 (U+C9F8) (U+C9F8) in font Menlo Regular/OT:script=hani;
[WARNING] Missing character: There is no 작 (U+C791) (U+C791) in font Menlo Regular/OT:script=hani;
[WARNING] Missing character: There is no 은 (U+C740) (U+C740) in font Menlo Regular/OT:script=hani;
[WARNING] Missing character: There is no 첫 (U+CCAB) (U+CCAB) in font Menlo Regular/OT:script=hani;
[WARNING] Missing character: There is no 번 (U+BC88) (U+BC88) in font Menlo Regular/OT:script=hani;
[WARNING] Missing character: There is no 째 (U+C9F8) (U+C9F8) in font Menlo Regular/OT:script=hani;
[WARNING] Missing character: There is no 자 (U+C790) (U+C790) in font Menlo Regular/OT:script=hani;
[WARNING] Missing character: There is no 명 (U+BA85) (U+BA85) in font Menlo Regular/OT:script=hani;
[WARNING] Missing character: There is no 더 (U+B354) (U+B354) in font Menlo Regular/OT:script=hani;
[WARNING] Missing character: There is no 정 (U+C815) (U+C815) in font Menlo Regular/OT:script=hani;
[WARNING] Missing character: There is no 확 (U+D655) (U+D655) in font Menlo Regular/OT:script=hani;
[WARNING] Missing character: There is no 히 (U+D788) (U+D788) in font Menlo Regular/OT:script=hani;
[WARNING] Missing character: There is no 추 (U+CD94) (U+CD94) in font Menlo Regular/OT:script=hani;
[WARNING] Missing character: There is no 측 (U+CE21) (U+CE21) in font Menlo Regular/OT:script=hani;
[WARNING] Missing character: There is no 증 (U+C99D) (U+C99D) in font Menlo Regular/OT:script=hani;
[WARNING] Missing character: There is no 명 (U+BA85) (U+BA85) in font Menlo Regular/OT:script=hani;
[WARNING] Missing character: There is no 개 (U+AC1C) (U+AC1C) in font Menlo Regular/OT:script=hani;
[WARNING] Missing character: There is no 군 (U+AD70) (U+AD70) in font Menlo Regular/OT:script=hani;
[WARNING] Missing character: There is no 중 (U+C911) (U+C911) in font Menlo Regular/OT:script=hani;
[WARNING] Missing character: There is no 가 (U+AC00) (U+AC00) in font Menlo Regular/OT:script=hani;
[WARNING] Missing character: There is no 장 (U+C7A5) (U+C7A5) in font Menlo Regular/OT:script=hani;
[WARNING] Missing character: There is no 큰 (U+D070) (U+D070) in font Menlo Regular/OT:script=hani;
[WARNING] Missing character: There is no 것 (U+AC83) (U+AC83) in font Menlo Regular/OT:script=hani;
[WARNING] Missing character: There is no 의 (U+C758) (U+C758) in font Menlo Regular/OT:script=hani;
[WARNING] Missing character: There is no 은 (U+C740) (U+C740) in font Menlo Regular/OT:script=hani;
[WARNING] Missing character: There is no 어 (U+C5B4) (U+C5B4) in font Menlo Regular/OT:script=hani;
[WARNING] Missing character: There is no 디 (U+B514) (U+B514) in font Menlo Regular/OT:script=hani;
[WARNING] Missing character: There is no 서 (U+C11C) (U+C11C) in font Menlo Regular/OT:script=hani;
[WARNING] Missing character: There is no 오 (U+C624) (U+C624) in font Menlo Regular/OT:script=hani;
[WARNING] Missing character: There is no 는 (U+B294) (U+B294) in font Menlo Regular/OT:script=hani;
[WARNING] Missing character: There is no 가 (U+AC00) (U+AC00) in font Menlo Regular/OT:script=hani;
[WARNING] Missing character: There is no 형 (U+D615) (U+D615) in font Menlo Regular/OT:script=hani;
[WARNING] Missing character: There is no 태 (U+D0DC) (U+D0DC) in font Menlo Regular/OT:script=hani;
[WARNING] Missing character: There is no 의 (U+C758) (U+C758) in font Menlo Regular/OT:script=hani;
[WARNING] Missing character: There is no 좌 (U+C88C) (U+C88C) in font Menlo Regular/OT:script=hani;
[WARNING] Missing character: There is no 표 (U+D45C) (U+D45C) in font Menlo Regular/OT:script=hani;
[WARNING] Missing character: There is no 후 (U+D6C4) (U+D6C4) in font Menlo Regular/OT:script=hani;
[WARNING] Missing character: There is no 보 (U+BCF4) (U+BCF4) in font Menlo Regular/OT:script=hani;
[WARNING] Missing character: There is no 두 (U+B450) (U+B450) in font Menlo Regular/OT:script=hani;
[WARNING] Missing character: There is no 좌 (U+C88C) (U+C88C) in font Menlo Regular/OT:script=hani;
[WARNING] Missing character: There is no 표 (U+D45C) (U+D45C) in font Menlo Regular/OT:script=hani;
[WARNING] Missing character: There is no 의 (U+C758) (U+C758) in font Menlo Regular/OT:script=hani;
[WARNING] Missing character: There is no 곱 (U+ACF1) (U+ACF1) in font Menlo Regular/OT:script=hani;
[WARNING] Missing character: There is no 깔 (U+AE54) (U+AE54) in font Menlo Regular/OT:script=hani;
[WARNING] Missing character: There is no 끔 (U+B054) (U+B054) in font Menlo Regular/OT:script=hani;
[WARNING] Missing character: There is no 한 (U+D55C) (U+D55C) in font Menlo Regular/OT:script=hani;
[WARNING] Missing character: There is no 표 (U+D45C) (U+D45C) in font Menlo Regular/OT:script=hani;
[WARNING] Missing character: There is no 현 (U+D604) (U+D604) in font Menlo Regular/OT:script=hani;
[WARNING] Missing character: There is no 미 (U+BBF8) (U+BBF8) in font Menlo Regular/OT:script=hani;
[WARNING] Missing character: There is no 확 (U+D655) (U+D655) in font Menlo Regular/OT:script=hani;
[WARNING] Missing character: There is no 립 (U+B9BD) (U+B9BD) in font Menlo Regular/OT:script=hani;
[WARNING] Missing character: There is no 의 (U+C758) (U+C758) in font Menlo Regular/OT:script=hani;
[WARNING] Missing character: There is no 은 (U+C740) (U+C740) in font Menlo Regular/OT:script=hani;
[WARNING] Missing character: There is no 자 (U+C790) (U+C790) in font Menlo Regular/OT:script=hani;
[WARNING] Missing character: There is no 명 (U+BA85) (U+BA85) in font Menlo Regular/OT:script=hani;
[WARNING] Missing character: There is no 표 (U+D45C) (U+D45C) in font Menlo Regular/OT:script=hani;
[WARNING] Missing character: There is no 현 (U+D604) (U+D604) in font Menlo Regular/OT:script=hani;
[WARNING] Missing character: There is no 계 (U+ACC4) (U+ACC4) in font Menlo Regular/OT:script=hani;
[WARNING] Missing character: There is no 수 (U+C218) (U+C218) in font Menlo Regular/OT:script=hani;
[WARNING] Missing character: There is no 로 (U+B85C) (U+B85C) in font Menlo Regular/OT:script=hani;
[WARNING] Missing character: There is no 서 (U+C11C) (U+C11C) in font Menlo Regular/OT:script=hani;
[WARNING] Missing character: There is no 의 (U+C758) (U+C758) in font Menlo Regular/OT:script=hani;
[WARNING] Missing character: There is no 물 (U+BB3C) (U+BB3C) in font Menlo Regular/OT:script=hani;
[WARNING] Missing character: There is no 리 (U+B9AC) (U+B9AC) in font Menlo Regular/OT:script=hani;
[WARNING] Missing character: There is no 적 (U+C801) (U+C801) in font Menlo Regular/OT:script=hani;
[WARNING] Missing character: There is no 의 (U+C758) (U+C758) in font Menlo Regular/OT:script=hani;
[WARNING] Missing character: There is no 미 (U+BBF8) (U+BBF8) in font Menlo Regular/OT:script=hani;
[WARNING] Missing character: There is no 명 (U+BA85) (U+BA85) in font Menlo Regular/OT:script=hani;
[WARNING] Missing character: There is no 확 (U+D655) (U+D655) in font Menlo Regular/OT:script=hani;
[WARNING] Missing character: There is no 좌 (U+C88C) (U+C88C) in font Menlo Regular/OT:script=hani;
[WARNING] Missing character: There is no 표 (U+D45C) (U+D45C) in font Menlo Regular/OT:script=hani;
[WARNING] Missing character: There is no 성 (U+C131) (U+C131) in font Menlo Regular/OT:script=hani;
[WARNING] Missing character: There is no 립 (U+B9BD) (U+B9BD) in font Menlo Regular/OT:script=hani;
[WARNING] Missing character: There is no 부 (U+BD80) (U+BD80) in font Menlo Regular/OT:script=hani;
[WARNING] Missing character: There is no 분 (U+BD84) (U+BD84) in font Menlo Regular/OT:script=hani;
[WARNING] Missing character: There is no 적 (U+C801) (U+C801) in font Menlo Regular/OT:script=hani;
[WARNING] Missing character: There is no 은 (U+C740) (U+C740) in font Menlo Regular/OT:script=hani;
[WARNING] Missing character: There is no 자 (U+C790) (U+C790) in font Menlo Regular/OT:script=hani;
[WARNING] Missing character: There is no 명 (U+BA85) (U+BA85) in font Menlo Regular/OT:script=hani;
[WARNING] Missing character: There is no 은 (U+C740) (U+C740) in font Menlo Regular/OT:script=hani;
[WARNING] Missing character: There is no 부 (U+BD80) (U+BD80) in font Menlo Regular/OT:script=hani;
[WARNING] Missing character: There is no 분 (U+BD84) (U+BD84) in font Menlo Regular/OT:script=hani;
[WARNING] Missing character: There is no 후 (U+D6C4) (U+D6C4) in font Menlo Regular/OT:script=hani;
[WARNING] Missing character: There is no 보 (U+BCF4) (U+BCF4) in font Menlo Regular/OT:script=hani;
[WARNING] Missing character: There is no 만 (U+B9CC) (U+B9CC) in font Menlo Regular/OT:script=hani;
[WARNING] Missing character: There is no 존 (U+C874) (U+C874) in font Menlo Regular/OT:script=hani;
[WARNING] Missing character: There is no 재 (U+C7AC) (U+C7AC) in font Menlo Regular/OT:script=hani;
[WARNING] Missing character: There is no 완 (U+C644) (U+C644) in font Menlo Regular/OT:script=hani;
[WARNING] Missing character: There is no 전 (U+C804) (U+C804) in font Menlo Regular/OT:script=hani;
[WARNING] Missing character: There is no 한 (U+D55C) (U+D55C) in font Menlo Regular/OT:script=hani;
[WARNING] Missing character: There is no 구 (U+AD6C) (U+AD6C) in font Menlo Regular/OT:script=hani;
[WARNING] Missing character: There is no 성 (U+C131) (U+C131) in font Menlo Regular/OT:script=hani;
[WARNING] Missing character: There is no 적 (U+C801) (U+C801) in font Menlo Regular/OT:script=hani;
[WARNING] Missing character: There is no 유 (U+C720) (U+C720) in font Menlo Regular/OT:script=hani;
[WARNING] Missing character: There is no 도 (U+B3C4) (U+B3C4) in font Menlo Regular/OT:script=hani;
[WARNING] Missing character: There is no 미 (U+BBF8) (U+BBF8) in font Menlo Regular/OT:script=hani;
[WARNING] Missing character: There is no 확 (U+D655) (U+D655) in font Menlo Regular/OT:script=hani;
[WARNING] Missing character: There is no 립 (U+B9BD) (U+B9BD) in font Menlo Regular/OT:script=hani;
[WARNING] Missing character: There is no ₀ (U+2080) (U+2080) in font Apple SD Gothic Neo Regular/O
[WARNING] Missing character: There is no 좌 (U+C88C) (U+C88C) in font Menlo Regular/OT:script=hani;
[WARNING] Missing character: There is no 표 (U+D45C) (U+D45C) in font Menlo Regular/OT:script=hani;
[WARNING] Missing character: There is no 여 (U+C5EC) (U+C5EC) in font Menlo Regular/OT:script=hani;
[WARNING] Missing character: There is no 기 (U+AE30) (U+AE30) in font Menlo Regular/OT:script=hani;
[WARNING] Missing character: There is no 서 (U+C11C) (U+C11C) in font Menlo Regular/OT:script=hani;
[WARNING] Missing character: There is no 는 (U+B294) (U+B294) in font Menlo Regular/OT:script=hani;
[WARNING] Missing character: There is no 등 (U+B4F1) (U+B4F1) in font Menlo Regular/OT:script=hani;
[WARNING] Missing character: There is no 으 (U+C73C) (U+C73C) in font Menlo Regular/OT:script=hani;
[WARNING] Missing character: There is no 로 (U+B85C) (U+B85C) in font Menlo Regular/OT:script=hani;
[WARNING] Missing character: There is no 구 (U+AD6C) (U+AD6C) in font Menlo Regular/OT:script=hani;
[WARNING] Missing character: There is no 성 (U+C131) (U+C131) in font Menlo Regular/OT:script=hani;
[WARNING] Missing character: There is no 된 (U+B41C) (U+B41C) in font Menlo Regular/OT:script=hani;
[WARNING] Missing character: There is no 다 (U+B2E4) (U+B2E4) in font Menlo Regular/OT:script=hani;
[WARNING] Missing character: There is no 항 (U+D56D) (U+D56D) in font Menlo Regular/OT:script=hani;
[WARNING] Missing character: There is no 식 (U+C2DD) (U+C2DD) in font Menlo Regular/OT:script=hani;
[WARNING] Missing character: There is no 현 (U+D604) (U+D604) in font Menlo Regular/OT:script=hani;
[WARNING] Missing character: There is no 후 (U+D6C4) (U+D6C4) in font Menlo Regular/OT:script=hani;
[WARNING] Missing character: There is no 보 (U+BCF4) (U+BCF4) in font Menlo Regular/OT:script=hani;
[WARNING] Missing character: There is no 미 (U+BBF8) (U+BBF8) in font Menlo Regular/OT:script=hani;
[WARNING] Missing character: There is no 완 (U+C644) (U+C644) in font Menlo Regular/OT:script=hani;
[WARNING] Missing character: There is no 목 (U+BAA9) (U+BAA9) in font Menlo Regular/OT:script=hani;
[WARNING] Missing character: There is no 표 (U+D45C) (U+D45C) in font Menlo Regular/OT:script=hani;
[WARNING] Missing character: There is no 의 (U+C758) (U+C758) in font Menlo Regular/OT:script=hani;
[WARNING] Missing character: There is no 깔 (U+AE54) (U+AE54) in font Menlo Regular/OT:script=hani;
[WARNING] Missing character: There is no 끔 (U+B054) (U+B054) in font Menlo Regular/OT:script=hani;
[WARNING] Missing character: There is no 한 (U+D55C) (U+D55C) in font Menlo Regular/OT:script=hani;
[WARNING] Missing character: There is no 형 (U+D615) (U+D615) in font Menlo Regular/OT:script=hani;
[WARNING] Missing character: There is no 태 (U+D0DC) (U+D0DC) in font Menlo Regular/OT:script=hani;
[WARNING] Missing character: There is no 발 (U+BC1C) (U+BC1C) in font Menlo Regular/OT:script=hani;
[WARNING] Missing character: There is no 견 (U+ACAC) (U+ACAC) in font Menlo Regular/OT:script=hani;
[WARNING] Missing character: There is no 단 (U+B2E8) (U+B2E8) in font Menlo Regular/OT:script=hani;
[WARNING] Missing character: There is no 일 (U+C77C) (U+C77C) in font Menlo Regular/OT:script=hani;
[WARNING] Missing character: There is no 증 (U+C99D) (U+C99D) in font Menlo Regular/OT:script=hani;
[WARNING] Missing character: There is no 명 (U+BA85) (U+BA85) in font Menlo Regular/OT:script=hani;
[WARNING] Missing character: There is no 획 (U+D68D) (U+D68D) in font Menlo Regular/OT:script=hani;
[WARNING] Missing character: There is no 득 (U+B4DD) (U+B4DD) in font Menlo Regular/OT:script=hani;
[WARNING] Missing character: There is no 시 (U+C2DC) (U+C2DC) in font Menlo Regular/OT:script=hani;
[WARNING] Missing character: There is no 장 (U+C7A5) (U+C7A5) in font Menlo Regular/OT:script=hani;
[WARNING] Missing character: There is no 벽 (U+BCBD) (U+BCBD) in font Menlo Regular/OT:script=hani;
[WARNING] Missing character: There is no 해 (U+D574) (U+D574) in font Menlo Regular/OT:script=hani;
[WARNING] Missing character: There is no 소 (U+C18C) (U+C18C) in font Menlo Regular/OT:script=hani;
[WARNING] Missing character: There is no 위 (U+C704) (U+C704) in font Menlo Regular/OT:script=hani;
[WARNING] Missing character: There is no 반 (U+BC18) (U+BC18) in font Menlo Regular/OT:script=hani;
[WARNING] Missing character: There is no 주 (U+C8FC) (U+C8FC) in font Menlo Regular/OT:script=hani;
[WARNING] Missing character: There is no 정 (U+C815) (U+C815) in font Menlo Regular/OT:script=hani;
[WARNING] Missing character: There is no 리 (U+B9AC) (U+B9AC) in font Menlo Regular/OT:script=hani;
[WARNING] Missing character: There is no 공 (U+ACF5) (U+ACF5) in font Menlo Regular/OT:script=hani;
[WARNING] Missing character: There is no 통 (U+D1B5) (U+D1B5) in font Menlo Regular/OT:script=hani;
[WARNING] Missing character: There is no 값 (U+AC12) (U+AC12) in font Menlo Regular/OT:script=hani;
[WARNING] Missing character: There is no 위 (U+C704) (U+C704) in font Menlo Regular/OT:script=hani;
[WARNING] Missing character: There is no 반 (U+BC18) (U+BC18) in font Menlo Regular/OT:script=hani;
[WARNING] Missing character: There is no 위 (U+C704) (U+C704) in font Menlo Regular/OT:script=hani;
[WARNING] Missing character: There is no 반 (U+BC18) (U+BC18) in font Menlo Regular/OT:script=hani;
[WARNING] Missing character: There is no 위 (U+C704) (U+C704) in font Menlo Regular/OT:script=hani;
[WARNING] Missing character: There is no 반 (U+BC18) (U+BC18) in font Menlo Regular/OT:script=hani;
[WARNING] Missing character: There is no 위 (U+C704) (U+C704) in font Menlo Regular/OT:script=hani;
[WARNING] Missing character: There is no 반 (U+BC18) (U+BC18) in font Menlo Regular/OT:script=hani;
[WARNING] Missing character: There is no 위 (U+C704) (U+C704) in font Menlo Regular/OT:script=hani;
[WARNING] Missing character: There is no 반 (U+BC18) (U+BC18) in font Menlo Regular/OT:script=hani;
[WARNING] Missing character: There is no 위 (U+C704) (U+C704) in font Menlo Regular/OT:script=hani;
[WARNING] Missing character: There is no 반 (U+BC18) (U+BC18) in font Menlo Regular/OT:script=hani;
[WARNING] Missing character: There is no 위 (U+C704) (U+C704) in font Menlo Regular/OT:script=hani;
[WARNING] Missing character: There is no 반 (U+BC18) (U+BC18) in font Menlo Regular/OT:script=hani;
[WARNING] Missing character: There is no 좌 (U+C88C) (U+C88C) in font Menlo Regular/OT:script=hani;
[WARNING] Missing character: There is no 표 (U+D45C) (U+D45C) in font Menlo Regular/OT:script=hani;
[WARNING] Missing character: There is no 미 (U+BBF8) (U+BBF8) in font Menlo Regular/OT:script=hani;
[WARNING] Missing character: There is no 확 (U+D655) (U+D655) in font Menlo Regular/OT:script=hani;
[WARNING] Missing character: There is no 립 (U+B9BD) (U+B9BD) in font Menlo Regular/OT:script=hani;
[WARNING] Missing character: There is no 링 (U+B9C1) (U+B9C1) in font Menlo Regular/OT:script=hani;
[WARNING] Missing character: There is no 크 (U+D06C) (U+D06C) in font Menlo Regular/OT:script=hani;
[WARNING] Missing character: There is no 위 (U+C704) (U+C704) in font Menlo Regular/OT:script=hani;
[WARNING] Missing character: There is no 반 (U+BC18) (U+BC18) in font Menlo Regular/OT:script=hani;
[WARNING] Missing character: There is no 좌 (U+C88C) (U+C88C) in font Menlo Regular/OT:script=hani;
[WARNING] Missing character: There is no 표 (U+D45C) (U+D45C) in font Menlo Regular/OT:script=hani;
[WARNING] Missing character: There is no 미 (U+BBF8) (U+BBF8) in font Menlo Regular/OT:script=hani;
[WARNING] Missing character: There is no 확 (U+D655) (U+D655) in font Menlo Regular/OT:script=hani;
[WARNING] Missing character: There is no 립 (U+B9BD) (U+B9BD) in font Menlo Regular/OT:script=hani;
[WARNING] Missing character: There is no 관 (U+AD00) (U+AD00) in font Menlo Regular/OT:script=hani;
[WARNING] Missing character: There is no 찰 (U+CC30) (U+CC30) in font Menlo Regular/OT:script=hani;
[WARNING] Missing character: There is no 위 (U+C704) (U+C704) in font Menlo Regular/OT:script=hani;
[WARNING] Missing character: There is no 반 (U+BC18) (U+BC18) in font Menlo Regular/OT:script=hani;
[WARNING] Missing character: There is no 좌 (U+C88C) (U+C88C) in font Menlo Regular/OT:script=hani;
[WARNING] Missing character: There is no 표 (U+D45C) (U+D45C) in font Menlo Regular/OT:script=hani;
[WARNING] Missing character: There is no 미 (U+BBF8) (U+BBF8) in font Menlo Regular/OT:script=hani;
[WARNING] Missing character: There is no 확 (U+D655) (U+D655) in font Menlo Regular/OT:script=hani;
[WARNING] Missing character: There is no 립 (U+B9BD) (U+B9BD) in font Menlo Regular/OT:script=hani;
[WARNING] Missing character: There is no 전 (U+C804) (U+C804) in font Menlo Regular/OT:script=hani;
[WARNING] Missing character: There is no 체 (U+CCB4) (U+CCB4) in font Menlo Regular/OT:script=hani;
[WARNING] Missing character: There is no 집 (U+C9D1) (U+C9D1) in font Menlo Regular/OT:script=hani;
[WARNING] Missing character: There is no 계 (U+ACC4) (U+ACC4) in font Menlo Regular/OT:script=hani;
[WARNING] Missing character: There is no 체 (U+CCB4) (U+CCB4) in font Menlo Regular/OT:script=hani;
[WARNING] Missing character: There is no 인 (U+C778) (U+C778) in font Menlo Regular/OT:script=hani;
[WARNING] Missing character: There is no 링 (U+B9C1) (U+B9C1) in font Menlo Regular/OT:script=hani;
[WARNING] Missing character: There is no 크 (U+D06C) (U+D06C) in font Menlo Regular/OT:script=hani;
[WARNING] Missing character: There is no 수 (U+C218) (U+C218) in font Menlo Regular/OT:script=hani;
[WARNING] Missing character: There is no 위 (U+C704) (U+C704) in font Menlo Regular/OT:script=hani;
[WARNING] Missing character: There is no 반 (U+BC18) (U+BC18) in font Menlo Regular/OT:script=hani;
[WARNING] Missing character: There is no 주 (U+C8FC) (U+C8FC) in font Menlo Regular/OT:script=hani;
[WARNING] Missing character: There is no 정 (U+C815) (U+C815) in font Menlo Regular/OT:script=hani;
[WARNING] Missing character: There is no 리 (U+B9AC) (U+B9AC) in font Menlo Regular/OT:script=hani;
[WARNING] Missing character: There is no 공 (U+ACF5) (U+ACF5) in font Menlo Regular/OT:script=hani;
[WARNING] Missing character: There is no 통 (U+D1B5) (U+D1B5) in font Menlo Regular/OT:script=hani;
[WARNING] Missing character: There is no 값 (U+AC12) (U+AC12) in font Menlo Regular/OT:script=hani;
[WARNING] Missing character: There is no 정 (U+C815) (U+C815) in font Menlo Regular/OT:script=hani;
[WARNING] Missing character: There is no 직 (U+C9C1) (U+C9C1) in font Menlo Regular/OT:script=hani;
[WARNING] Missing character: There is no 한 (U+D55C) (U+D55C) in font Menlo Regular/OT:script=hani;
[WARNING] Missing character: There is no 장 (U+C7A5) (U+C7A5) in font Menlo Regular/OT:script=hani;
[WARNING] Missing character: There is no 벽 (U+BCBD) (U+BCBD) in font Menlo Regular/OT:script=hani;
[WARNING] Missing character: There is no 공 (U+ACF5) (U+ACF5) in font Menlo Regular/OT:script=hani;
[WARNING] Missing character: There is no 시 (U+C2DC) (U+C2DC) in font Menlo Regular/OT:script=hani;
[WARNING] Missing character: There is no 본 (U+BCF8) (U+BCF8) in font Menlo Regular/OT:script=hani;
[WARNING] Missing character: There is no 체 (U+CCB4) (U+CCB4) in font Menlo Regular/OT:script=hani;
[WARNING] Missing character: There is no 인 (U+C778) (U+C778) in font Menlo Regular/OT:script=hani;
[WARNING] Missing character: There is no 등 (U+B4F1) (U+B4F1) in font Menlo Regular/OT:script=hani;
[WARNING] Missing character: There is no 록 (U+B85D) (U+B85D) in font Menlo Regular/OT:script=hani;
[WARNING] Missing character: There is no 상 (U+C0C1) (U+C0C1) in font Menlo Regular/OT:script=hani;
[WARNING] Missing character: There is no 수 (U+C218) (U+C218) in font Menlo Regular/OT:script=hani;
[WARNING] Missing character: There is no 건 (U+AC74) (U+AC74) in font Menlo Regular/OT:script=hani;
[WARNING] Missing character: There is no 열 (U+C5F4) (U+C5F4) in font Menlo Regular/OT:script=hani;
[WARNING] Missing character: There is no 람 (U+B78C) (U+B78C) in font Menlo Regular/OT:script=hani;
[WARNING] Missing character: There is no 본 (U+BCF8) (U+BCF8) in font Menlo Regular/OT:script=hani;
[WARNING] Missing character: There is no 문 (U+BB38) (U+BB38) in font Menlo Regular/OT:script=hani;
[WARNING] Missing character: There is no 코 (U+CF54) (U+CF54) in font Menlo Regular/OT:script=hani;
[WARNING] Missing character: There is no 드 (U+B4DC) (U+B4DC) in font Menlo Regular/OT:script=hani;
[WARNING] Missing character: There is no 실 (U+C2E4) (U+C2E4) in font Menlo Regular/OT:script=hani;
[WARNING] Missing character: There is no 행 (U+D589) (U+D589) in font Menlo Regular/OT:script=hani;
[WARNING] Missing character: There is no 원 (U+C6D0) (U+C6D0) in font Menlo Regular/OT:script=hani;
[WARNING] Missing character: There is no 본 (U+BCF8) (U+BCF8) in font Menlo Regular/OT:script=hani;
[WARNING] Missing character: There is no 의 (U+C758) (U+C758) in font Menlo Regular/OT:script=hani;
[WARNING] Missing character: There is no 맥 (U+B9E5) (U+B9E5) in font Menlo Regular/OT:script=hani;
[WARNING] Missing character: There is no 락 (U+B77D) (U+B77D) in font Menlo Regular/OT:script=hani;
[WARNING] Missing character: There is no 장 (U+C7A5) (U+C7A5) in font Menlo Regular/OT:script=hani;
[WARNING] Missing character: There is no 벽 (U+BCBD) (U+BCBD) in font Menlo Regular/OT:script=hani;
[WARNING] Missing character: There is no 공 (U+ACF5) (U+ACF5) in font Menlo Regular/OT:script=hani;
[WARNING] Missing character: There is no 시 (U+C2DC) (U+C2DC) in font Menlo Regular/OT:script=hani;
[WARNING] Missing character: There is no 원 (U+C6D0) (U+C6D0) in font Menlo Regular/OT:script=hani;
[WARNING] Missing character: There is no 칙 (U+CE59) (U+CE59) in font Menlo Regular/OT:script=hani;
